
  EPA STORM WATER MANAGEMENT MODEL - VERSION 5.1 (Build 5.3.0.dev0)
  --------------------------------------------------------------

  WARNING 09: time series interval greater than recording interval for Rain Gage RG1
  WARNING 09: time series interval greater than recording interval for Rain Gage RG2
  WARNING 09: time series interval greater than recording interval for Rain Gage RG3
  WARNING 09: time series interval greater than recording interval for Rain Gage RG4
  
  *********************************************************
  NOTE: The summary statistics displayed in this report are
  based on results found at every computational time step,  
  not just on results from each reporting time step.
  *********************************************************
  
  ****************
  Analysis Options
  ****************
  Flow Units ............... CMS
  Process Models:
    Rainfall/Runoff ........ YES
    RDII ................... NO
    Snowmelt ............... NO
    Groundwater ............ NO
    Flow Routing ........... YES
    Ponding Allowed ........ YES
    Water Quality .......... NO
  Infiltration Method ...... HORTON
  Flow Routing Method ...... DYNWAVE
  Surcharge Method ......... EXTRAN
  Starting Date ............ 08/28/2015 00:00:00
  Ending Date .............. 08/28/2015 08:40:00
  Antecedent Dry Days ...... 0.0
  Report Time Step ......... 00:01:00
  Wet Time Step ............ 00:01:00
  Dry Time Step ............ 00:01:00
  Routing Time Step ........ 5.00 sec
  Variable Time Step ....... YES
  Maximum Trials ........... 8
  Number of Threads ........ 1
  Head Tolerance ........... 0.001500 m
  
  
  **************************        Volume         Depth
  Runoff Quantity Continuity     hectare-m            mm
  **************************     ---------       -------
  Total Precipitation ......         0.046         0.254
  Evaporation Loss .........         0.000         0.000
  Infiltration Loss ........         0.000         0.000
  Surface Runoff ...........         0.015         0.081
  Final Storage ............         0.031         0.173
  Continuity Error (%) .....        -0.199
  
  
  **************************        Volume        Volume
  Flow Routing Continuity        hectare-m      10^6 ltr
  **************************     ---------     ---------
  Dry Weather Inflow .......         0.148         1.484
  Wet Weather Inflow .......         0.014         0.144
  Groundwater Inflow .......         0.000         0.000
  RDII Inflow ..............         0.000         0.000
  External Inflow ..........         0.000         0.000
  External Outflow .........         0.090         0.903
  Flooding Loss ............         0.000         0.000
  Evaporation Loss .........         0.000         0.000
  Exfiltration Loss ........         0.000         0.000
  Initial Stored Volume ....         0.000         0.000
  Final Stored Volume ......         0.076         0.758
  Continuity Error (%) .....        -2.001
  
  
  *************************
  Highest Continuity Errors
  *************************
  Node T5 (17.83%)
  Node T3 (8.74%)
  Node T1 (7.79%)
  Node J11 (7.72%)
  Node T6 (6.66%)
  
  
  ***************************
  Time-Step Critical Elements
  ***************************
  None
  
  
  ********************************
  Highest Flow Instability Indexes
  ********************************
  All links are stable.
  
  
  *************************
  Routing Time Step Summary
  *************************
  Minimum Time Step           :     5.00 sec
  Average Time Step           :     5.00 sec
  Maximum Time Step           :     5.00 sec
  Percent in Steady State     :     0.00
  Average Iterations per Step :     2.00
  Percent Not Converging      :     0.00
  
  
  ***************************
  Subcatchment Runoff Summary
  ***************************
  
  ------------------------------------------------------------------------------------------------------------------------------
                            Total      Total      Total      Total     Imperv       Perv      Total       Total     Peak  Runoff
                           Precip      Runon       Evap      Infil     Runoff     Runoff     Runoff      Runoff   Runoff   Coeff
  Subcatchment                 mm         mm         mm         mm         mm         mm         mm    10^6 ltr      CMS
  ------------------------------------------------------------------------------------------------------------------------------
  SC01                       0.21       0.00       0.00       0.00       0.07       0.00       0.07        0.02     0.01   0.310
  SC02                       0.09       0.00       0.00       0.00       0.00       0.00       0.00        0.00     0.00   0.024
  SC03                       0.30       0.00       0.00       0.00       0.15       0.00       0.15        0.03     0.01   0.484
  SC04                       0.09       0.00       0.00       0.00       0.00       0.00       0.00        0.00     0.00   0.010
  SC05                       0.21       0.00       0.00       0.00       0.06       0.00       0.06        0.01     0.00   0.290
  SC06                       0.41       0.00       0.00       0.00       0.14       0.00       0.14        0.04     0.01   0.332
  SC07                       0.09       0.00       0.00       0.00       0.00       0.00       0.00        0.00     0.00   0.010
  SC08                       0.30       0.00       0.00       0.00       0.09       0.00       0.09        0.03     0.01   0.302
  SC09                       0.41       0.00       0.00       0.00       0.19       0.00       0.19        0.01     0.00   0.460
  SC010                      0.21       0.00       0.00       0.00       0.05       0.00       0.05        0.01     0.00   0.242
  
  
  ******************
  Node Depth Summary
  ******************
  
  ---------------------------------------------------------------------------------
                                 Average  Maximum  Maximum  Time of Max    Reported
                                   Depth    Depth      HGL   Occurrence   Max Depth
  Node                 Type       Meters   Meters   Meters  days hr:min      Meters
  ---------------------------------------------------------------------------------
  J1                   JUNCTION     0.03     0.05    34.05     0  07:50        0.05
  J3                   JUNCTION     0.05     0.08    18.08     0  07:57        0.08
  CSO7                 JUNCTION     0.04     0.07    34.07     0  07:54        0.07
  J5                   JUNCTION     0.03     0.04    32.04     0  07:57        0.04
  CSO9                 JUNCTION     0.04     0.07    40.07     0  07:07        0.07
  J8                   JUNCTION     0.04     0.07    36.07     0  07:13        0.07
  CSO8                 JUNCTION     0.02     0.08    32.08     0  07:42        0.08
  J10                  JUNCTION     0.03     0.06    29.06     0  07:47        0.06
  J13                  JUNCTION     0.02     0.04    29.04     0  07:57        0.04
  J15                  JUNCTION     0.06     0.11    15.11     0  07:57        0.11
  J16                  JUNCTION     0.02     0.04    30.04     0  07:50        0.04
  CSO10                JUNCTION     0.03     0.06    30.06     0  07:49        0.06
  J12                  JUNCTION     0.05     0.09    26.09     0  07:54        0.09
  J4                   JUNCTION     0.05     0.08    33.08     0  07:57        0.08
  J6                   JUNCTION     0.03     0.05    25.05     0  07:57        0.05
  J2                   JUNCTION     0.03     0.04    25.04     0  07:57        0.04
  J19                  JUNCTION     0.06     0.10     8.10     0  07:57        0.10
  J9                   JUNCTION     0.05     0.08    29.08     0  07:57        0.08
  J14                  JUNCTION     0.05     0.09    20.09     0  07:57        0.09
  J17                  JUNCTION     0.03     0.05    20.05     0  07:57        0.05
  J7                   JUNCTION     0.03     0.06    39.06     0  07:15        0.06
  J11                  JUNCTION     0.01     0.06    31.06     0  07:48        0.06
  J18                  JUNCTION     0.02     0.03    29.03     0  07:56        0.03
  Out_to_WWTP          OUTFALL      0.05     0.10     6.10     0  07:57        0.10
  T5                   STORAGE      0.12     0.42    27.42     0  07:57        0.42
  T4                   STORAGE      0.04     0.12    27.12     0  07:57        0.12
  T6                   STORAGE      0.08     0.28    31.28     0  07:57        0.28
  T3                   STORAGE      0.08     0.31    22.31     0  07:57        0.31
  T2                   STORAGE      0.03     0.07    21.07     0  07:57        0.07
  T1                   STORAGE      0.15     0.55    10.55     0  07:57        0.55
  
  
  *******************
  Node Inflow Summary
  *******************
  
  -------------------------------------------------------------------------------------------------
                                  Maximum  Maximum                  Lateral       Total        Flow
                                  Lateral    Total  Time of Max      Inflow      Inflow     Balance
                                   Inflow   Inflow   Occurrence      Volume      Volume       Error
  Node                 Type           CMS      CMS  days hr:min    10^6 ltr    10^6 ltr     Percent
  -------------------------------------------------------------------------------------------------
  J1                   JUNCTION     0.019    0.019     0  07:46       0.226       0.226       0.915
  J3                   JUNCTION     0.000    0.068     0  07:57           0       0.687       2.709
  CSO7                 JUNCTION     0.009    0.009     0  07:51       0.112       0.112       0.454
  J5                   JUNCTION     0.004    0.012     0  07:57      0.0492       0.157       1.435
  CSO9                 JUNCTION     0.008    0.008     0  07:06      0.0884      0.0884       0.642
  J8                   JUNCTION     0.037    0.044     0  07:09       0.406       0.491       1.731
  CSO8                 JUNCTION     0.018    0.018     0  07:41      0.0976      0.0976       0.766
  J10                  JUNCTION     0.019    0.036     0  07:43       0.174       0.264       3.394
  J13                  JUNCTION     0.014    0.014     0  07:51       0.181       0.181       0.740
  J15                  JUNCTION     0.000    0.107     0  07:57           0        1.12       4.464
  J16                  JUNCTION     0.022    0.022     0  07:46       0.234       0.234       1.299
  CSO10                JUNCTION     0.006    0.006     0  07:46      0.0594      0.0594       0.933
  J12                  JUNCTION     0.000    0.074     0  07:49           0       0.662       4.294
  J4                   JUNCTION     0.000    0.009     0  07:54           0       0.111       3.441
  J6                   JUNCTION     0.000    0.012     0  07:57           0       0.138       1.597
  J2                   JUNCTION     0.000    0.011     0  07:57           0       0.142       1.618
  J19                  JUNCTION     0.000    0.086     0  07:57           0       0.908       0.596
  J9                   JUNCTION     0.000    0.039     0  07:57           0       0.417       2.488
  J14                  JUNCTION     0.000    0.045     0  07:57           0       0.416       0.884
  J17                  JUNCTION     0.000    0.013     0  07:57           0       0.161       1.934
  J7                   JUNCTION     0.000    0.008     0  07:08           0      0.0879       4.176
  J11                  JUNCTION     0.000    0.018     0  07:42           0      0.0969       8.370
  J18                  JUNCTION     0.000    0.006     0  07:49           0      0.0588       3.526
  Out_to_WWTP          OUTFALL      0.000    0.086     0  07:57           0       0.903       0.000
  T5                   STORAGE      0.000    0.019     0  07:50           0       0.224      21.693
  T4                   STORAGE      0.000    0.012     0  07:57           0       0.155       3.330
  T6                   STORAGE      0.000    0.044     0  07:13           0       0.482       7.136
  T3                   STORAGE      0.000    0.073     0  07:54           0       0.635       9.575
  T2                   STORAGE      0.000    0.014     0  07:57           0       0.179       2.220
  T1                   STORAGE      0.000    0.106     0  07:57           0        1.07       8.445
  
  
  **********************
  Node Surcharge Summary
  **********************
  
  No nodes were surcharged.
  
  
  *********************
  Node Flooding Summary
  *********************
  
  No nodes were flooded.
  
  
  **********************
  Storage Volume Summary
  **********************
  
  --------------------------------------------------------------------------------------------------
                         Average     Avg  Evap Exfil       Maximum     Max    Time of Max    Maximum
                          Volume    Pcnt  Pcnt  Pcnt        Volume    Pcnt     Occurrence    Outflow
  Storage Unit           1000 m3    Full  Loss  Loss       1000 m3    Full    days hr:min        CMS
  --------------------------------------------------------------------------------------------------
  T5                       0.012       2     0     0         0.042       8       0  07:57      0.011
  T4                       0.004       1     0     0         0.012       2       0  07:57      0.012
  T6                       0.010       2     0     0         0.033       6       0  07:57      0.039
  T3                       0.041       2     0     0         0.164       6       0  07:57      0.045
  T2                       0.006       1     0     0         0.014       1       0  07:57      0.013
  T1                       0.021       3     0     0         0.077      11       0  07:57      0.086
  
  
  ***********************
  Outfall Loading Summary
  ***********************
  
  -----------------------------------------------------------
                         Flow       Avg       Max       Total
                         Freq      Flow      Flow      Volume
  Outfall Node           Pcnt       CMS       CMS    10^6 ltr
  -----------------------------------------------------------
  Out_to_WWTP           98.31     0.032     0.086       0.903
  -----------------------------------------------------------
  System                98.31     0.032     0.086       0.903
  
  
  ********************
  Link Flow Summary
  ********************
  
  -----------------------------------------------------------------------------
                                 Maximum  Time of Max   Maximum    Max/    Max/
                                  |Flow|   Occurrence   |Veloc|    Full    Full
  Link                 Type          CMS  days hr:min     m/sec    Flow   Depth
  -----------------------------------------------------------------------------
  C1                   CONDUIT     0.011     0  07:57      0.67    0.00    0.06
  C6                   CONDUIT     0.009     0  07:57      0.83    0.14    0.20
  C2                   CONDUIT     0.011     0  07:57      0.69    0.01    0.11
  C9                   CONDUIT     0.008     0  07:15      0.54    0.03    0.13
  C16                  CONDUIT     0.018     0  07:48      0.61    0.00    0.03
  C3                   CONDUIT     0.045     0  07:57      1.32    0.02    0.09
  C19                  CONDUIT     0.013     0  07:57      0.46    0.00    0.08
  C11                  CONDUIT     0.067     0  07:57      1.15    0.00    0.05
  C20                  CONDUIT     0.022     0  07:50      0.96    0.00    0.04
  C22                  CONDUIT     0.006     0  07:56      0.27    0.00    0.09
  C12                  CONDUIT     0.039     0  07:57      0.80    0.00    0.04
  C17                  CONDUIT     0.035     0  07:47      0.87    0.00    0.04
  C10                  CONDUIT     0.044     0  07:13      0.94    0.00    0.12
  C13                  CONDUIT     0.073     0  07:54      0.85    0.00    0.10
  C18                  CONDUIT     0.014     0  07:57      1.01    0.00    0.03
  C23                  CONDUIT     0.106     0  07:57      0.86    0.01    0.22
  C4                   CONDUIT     0.019     0  07:50      1.13    0.00    0.23
  C7                   CONDUIT     0.012     0  07:57      0.90    0.00    0.08
  C14                  CONDUIT     0.086     0  07:57      1.46    0.00    0.05
  C5                   CONDUIT     0.009     0  07:54      0.72    0.15    0.29
  C8                   CONDUIT     0.008     0  07:08      0.73    0.11    0.20
  C15                  CONDUIT     0.018     0  07:42      1.47    0.06    0.15
  C21                  CONDUIT     0.006     0  07:49      0.70    0.03    0.10
  V4                   ORIFICE     0.012     0  07:57                      1.00
  V5                   ORIFICE     0.011     0  07:57                      1.00
  V1                   ORIFICE     0.086     0  07:57                      1.00
  V6                   ORIFICE     0.039     0  07:57                      1.00
  V3                   ORIFICE     0.045     0  07:57                      1.00
  V2                   ORIFICE     0.013     0  07:57                      1.00
  
  
  ***************************
  Flow Classification Summary
  ***************************
  
  -------------------------------------------------------------------------------------
                      Adjusted    ---------- Fraction of Time in Flow Class ---------- 
                       /Actual         Up    Down  Sub   Sup   Up    Down  Norm  Inlet 
  Conduit               Length    Dry  Dry   Dry   Crit  Crit  Crit  Crit  Ltd   Ctrl  
  -------------------------------------------------------------------------------------
  C1                      1.00   0.00  0.00  0.00  0.79  0.21  0.00  0.00  0.90  0.00
  C6                      1.00   0.00  0.00  0.00  0.02  0.98  0.00  0.00  0.01  0.00
  C2                      1.00   0.00  0.00  0.00  0.32  0.68  0.00  0.00  0.91  0.00
  C9                      1.00   0.00  0.00  0.00  1.00  0.00  0.00  0.00  1.00  0.00
  C16                     1.00   0.00  0.75  0.00  0.25  0.00  0.00  0.00  0.20  0.00
  C3                      1.00   0.00  0.01  0.00  0.11  0.88  0.00  0.00  0.21  0.00
  C19                     1.00   0.00  0.00  0.00  1.00  0.00  0.00  0.00  1.00  0.00
  C11                     1.00   0.00  0.00  0.00  0.10  0.90  0.00  0.00  1.00  0.00
  C20                     1.00   0.00  0.00  0.00  0.92  0.08  0.00  0.00  0.98  0.00
  C22                     1.00   0.00  0.00  0.00  1.00  0.00  0.00  0.00  1.00  0.00
  C12                     1.00   0.00  0.00  0.00  0.17  0.83  0.00  0.00  0.67  0.00
  C17                     1.00   0.00  0.00  0.00  0.73  0.27  0.00  0.00  0.97  0.00
  C10                     1.00   0.00  0.00  0.00  0.32  0.68  0.00  0.00  0.93  0.00
  C13                     1.00   0.00  0.00  0.00  0.28  0.72  0.00  0.00  0.77  0.00
  C18                     1.00   0.00  0.00  0.00  0.00  1.00  0.00  0.00  0.94  0.00
  C23                     1.00   0.00  0.00  0.00  0.39  0.61  0.00  0.00  0.87  0.00
  C4                      1.00   0.00  0.00  0.00  0.47  0.53  0.00  0.00  0.93  0.00
  C7                      1.00   0.00  0.00  0.00  0.21  0.79  0.00  0.00  0.49  0.00
  C14                     1.00   0.01  0.00  0.00  0.01  0.99  0.00  0.00  0.20  0.00
  C5                      1.00   0.00  0.00  0.00  0.89  0.11  0.00  0.00  0.96  0.00
  C8                      1.00   0.00  0.00  0.00  0.42  0.58  0.00  0.00  0.00  0.00
  C15                     1.00   0.75  0.00  0.00  0.00  0.25  0.00  0.00  0.00  0.00
  C21                     1.00   0.00  0.00  0.00  0.00  1.00  0.00  0.00  0.00  0.00
  
  
  *************************
  Conduit Surcharge Summary
  *************************
  
  No conduits were surcharged.
  

  Analysis begun on:  Thu Sep 23 10:18:17 2021
  Analysis ended on:  Thu Sep 23 10:18:18 2021
  Total elapsed time: 00:00:01