
  EPA STORM WATER MANAGEMENT MODEL - VERSION 5.1 (Build 5.3.0.dev0)
  --------------------------------------------------------------

  
  *********************************************************
  NOTE: The summary statistics displayed in this report are
  based on results found at every computational time step,  
  not just on results from each reporting time step.
  *********************************************************
  
  ****************
  Analysis Options
  ****************
  Flow Units ............... CMS
  Process Models:
    Rainfall/Runoff ........ YES
    RDII ................... NO
    Snowmelt ............... NO
    Groundwater ............ NO
    Flow Routing ........... YES
    Ponding Allowed ........ YES
    Water Quality .......... NO
  Infiltration Method ...... HORTON
  Flow Routing Method ...... DYNWAVE
  Surcharge Method ......... EXTRAN
  Starting Date ............ 08/28/2015 08:00:00
  Ending Date .............. 08/28/2015 15:50:00
  Antecedent Dry Days ...... 0.0
  Report Time Step ......... 00:01:00
  Wet Time Step ............ 00:01:00
  Dry Time Step ............ 00:01:00
  Routing Time Step ........ 5.00 sec
  Variable Time Step ....... YES
  Maximum Trials ........... 8
  Number of Threads ........ 1
  Head Tolerance ........... 0.001500 m
  
  
  **************************        Volume         Depth
  Runoff Quantity Continuity     hectare-m            mm
  **************************     ---------       -------
  Total Precipitation ......         0.664         3.685
  Evaporation Loss .........         0.000         0.000
  Infiltration Loss ........         0.000         0.000
  Surface Runoff ...........         0.642         3.560
  Final Storage ............         0.023         0.125
  Continuity Error (%) .....        -0.008
  
  
  **************************        Volume        Volume
  Flow Routing Continuity        hectare-m      10^6 ltr
  **************************     ---------     ---------
  Dry Weather Inflow .......         0.396         3.955
  Wet Weather Inflow .......         0.642         6.415
  Groundwater Inflow .......         0.000         0.000
  RDII Inflow ..............         0.000         0.000
  External Inflow ..........         0.000         0.000
  External Outflow .........         0.563         5.632
  Flooding Loss ............         0.037         0.374
  Evaporation Loss .........         0.000         0.000
  Exfiltration Loss ........         0.000         0.000
  Initial Stored Volume ....         0.000         0.000
  Final Stored Volume ......         0.367         3.674
  Continuity Error (%) .....         6.653
  
  
  *************************
  Highest Continuity Errors
  *************************
  Node T5 (22.13%)
  Node T3 (15.02%)
  Node T1 (10.40%)
  Node T6 (5.21%)
  Node T4 (3.41%)
  
  
  ***************************
  Time-Step Critical Elements
  ***************************
  None
  
  
  ********************************
  Highest Flow Instability Indexes
  ********************************
  All links are stable.
  
  
  *************************
  Routing Time Step Summary
  *************************
  Minimum Time Step           :     4.50 sec
  Average Time Step           :     5.00 sec
  Maximum Time Step           :     5.00 sec
  Percent in Steady State     :     0.00
  Average Iterations per Step :     2.00
  Percent Not Converging      :     0.00
  
  
  ***************************
  Subcatchment Runoff Summary
  ***************************
  
  ------------------------------------------------------------------------------------------------------------------------------
                            Total      Total      Total      Total     Imperv       Perv      Total       Total     Peak  Runoff
                           Precip      Runon       Evap      Infil     Runoff     Runoff     Runoff      Runoff   Runoff   Coeff
  Subcatchment                 mm         mm         mm         mm         mm         mm         mm    10^6 ltr      CMS
  ------------------------------------------------------------------------------------------------------------------------------
  SC01                       3.69       0.00       0.00       0.00       3.60       0.00       3.60        1.19     0.26   0.977
  SC02                       3.69       0.00       0.00       0.00       3.60       0.00       3.60        0.82     0.18   0.976
  SC03                       3.69       0.00       0.00       0.00       3.62       0.00       3.62        0.65     0.15   0.981
  SC04                       3.69       0.00       0.00       0.00       3.50       0.00       3.50        0.24     0.05   0.950
  SC05                       3.69       0.00       0.00       0.00       3.59       0.00       3.59        0.56     0.12   0.975
  SC06                       3.69       0.00       0.00       0.00       3.46       0.00       3.46        1.12     0.20   0.938
  SC07                       3.69       0.00       0.00       0.00       3.50       0.00       3.50        0.17     0.03   0.950
  SC08                       3.69       0.00       0.00       0.00       3.57       0.00       3.57        1.00     0.21   0.969
  SC09                       3.69       0.00       0.00       0.00       3.55       0.00       3.55        0.24     0.05   0.963
  SC010                      3.69       0.00       0.00       0.00       3.58       0.00       3.58        0.42     0.09   0.970
  
  
  ******************
  Node Depth Summary
  ******************
  
  ---------------------------------------------------------------------------------
                                 Average  Maximum  Maximum  Time of Max    Reported
                                   Depth    Depth      HGL   Occurrence   Max Depth
  Node                 Type       Meters   Meters   Meters  days hr:min      Meters
  ---------------------------------------------------------------------------------
  J1                   JUNCTION     0.07     0.13    34.13     0  03:01        0.13
  J3                   JUNCTION     0.11     0.14    18.14     0  04:47        0.14
  CSO7                 JUNCTION     0.09     0.16    34.16     0  03:01        0.16
  J5                   JUNCTION     0.06     0.10    32.10     0  03:02        0.10
  CSO9                 JUNCTION     0.09     0.21    40.21     0  03:01        0.21
  J8                   JUNCTION     0.10     0.18    36.18     0  03:02        0.18
  CSO8                 JUNCTION     0.11     0.29    32.29     0  03:01        0.29
  J10                  JUNCTION     0.08     0.19    29.19     0  03:01        0.19
  J13                  JUNCTION     0.06     0.12    29.12     0  03:01        0.12
  J15                  JUNCTION     0.17     0.26    15.26     0  03:03        0.26
  J16                  JUNCTION     0.06     0.13    30.13     0  03:01        0.13
  CSO10                JUNCTION     0.10     0.25    30.25     0  03:01        0.25
  J12                  JUNCTION     0.13     0.23    26.23     0  03:04        0.23
  J4                   JUNCTION     0.11     0.19    33.19     0  03:03        0.19
  J6                   JUNCTION     0.07     0.09    25.09     0  03:45        0.09
  J2                   JUNCTION     0.06     0.07    25.07     0  04:46        0.07
  J19                  JUNCTION     0.14     0.17     8.17     0  03:27        0.17
  J9                   JUNCTION     0.11     0.14    29.14     0  03:48        0.14
  J14                  JUNCTION     0.13     0.16    20.16     0  06:05        0.16
  J17                  JUNCTION     0.08     0.11    20.11     0  03:27        0.11
  J7                   JUNCTION     0.07     0.15    39.15     0  03:02        0.15
  J11                  JUNCTION     0.08     0.20    31.20     0  03:02        0.20
  J18                  JUNCTION     0.05     0.11    29.11     0  03:02        0.11
  Out_to_WWTP          OUTFALL      0.14     0.17     6.17     0  06:31        0.17
  T5                   STORAGE      1.91     2.85    29.85     0  04:44        2.85
  T4                   STORAGE      0.67     1.32    28.32     0  03:43        1.32
  T6                   STORAGE      1.29     2.57    33.57     0  03:46        2.57
  T3                   STORAGE      1.57     2.47    24.47     0  05:54        2.47
  T2                   STORAGE      0.59     1.26    22.26     0  03:25        1.26
  T1                   STORAGE      3.38     5.00    15.00     0  03:26        5.00
  
  
  *******************
  Node Inflow Summary
  *******************
  
  -------------------------------------------------------------------------------------------------
                                  Maximum  Maximum                  Lateral       Total        Flow
                                  Lateral    Total  Time of Max      Inflow      Inflow     Balance
                                   Inflow   Inflow   Occurrence      Volume      Volume       Error
  Node                 Type           CMS      CMS  days hr:min    10^6 ltr    10^6 ltr     Percent
  -------------------------------------------------------------------------------------------------
  J1                   JUNCTION     0.144    0.144     0  03:01        1.12        1.12       0.063
  J3                   JUNCTION     0.000    0.198     0  04:45           0        4.05       0.908
  CSO7                 JUNCTION     0.044    0.044     0  03:01       0.457       0.457       0.098
  J5                   JUNCTION     0.051    0.091     0  03:01       0.369       0.822       0.168
  CSO9                 JUNCTION     0.057    0.057     0  03:01       0.441       0.441       0.100
  J8                   JUNCTION     0.242    0.296     0  03:01        2.07         2.5       0.180
  CSO8                 JUNCTION     0.218    0.218     0  03:01        1.29        1.29       0.042
  J10                  JUNCTION     0.164    0.372     0  03:01        1.04        2.32       0.235
  J13                  JUNCTION     0.196    0.196     0  03:01        1.29        1.29      -0.209
  J15                  JUNCTION     0.000    0.592     0  03:01           0        7.53       1.130
  J16                  JUNCTION     0.282    0.282     0  03:01        1.74        1.74       0.028
  CSO10                JUNCTION     0.093    0.093     0  03:01       0.559       0.559       0.076
  J12                  JUNCTION     0.000    0.469     0  03:02           0        4.58       0.559
  J4                   JUNCTION     0.000    0.043     0  03:01           0       0.456       0.825
  J6                   JUNCTION     0.000    0.041     0  03:43           0       0.753       0.438
  J2                   JUNCTION     0.000    0.030     0  04:44           0       0.633       0.690
  J19                  JUNCTION     0.000    0.271     0  03:26           0        5.64       0.219
  J9                   JUNCTION     0.000    0.125     0  03:46           0        2.28       0.720
  J14                  JUNCTION     0.000    0.133     0  05:54           0        2.68       0.288
  J17                  JUNCTION     0.000    0.070     0  03:25           0        1.22       0.445
  J7                   JUNCTION     0.000    0.057     0  03:01           0       0.441       0.732
  J11                  JUNCTION     0.000    0.218     0  03:01           0        1.29       0.452
  J18                  JUNCTION     0.000    0.093     0  03:01           0       0.559       0.179
  Out_to_WWTP          OUTFALL      0.000    0.271     0  03:28           0        5.63       0.000
  T5                   STORAGE      0.000    0.142     0  03:01           0        1.12      28.425
  T4                   STORAGE      0.000    0.090     0  03:02           0        0.82       3.531
  T6                   STORAGE      0.000    0.290     0  03:02           0         2.5       5.499
  T3                   STORAGE      0.000    0.459     0  03:04           0        4.55      17.675
  T2                   STORAGE      0.000    0.193     0  03:01           0        1.29       2.101
  T1                   STORAGE      0.000    0.574     0  03:03           0        7.44      11.604
  
  
  **********************
  Node Surcharge Summary
  **********************
  
  No nodes were surcharged.
  
  
  *********************
  Node Flooding Summary
  *********************
  
  Flooding refers to all water that overflows a node, whether it ponds or not.
  --------------------------------------------------------------------------
                                                             Total   Maximum
                                 Maximum   Time of Max       Flood    Ponded
                        Hours       Rate    Occurrence      Volume     Depth
  Node                 Flooded       CMS   days hr:min    10^6 ltr    Meters
  --------------------------------------------------------------------------
  T1                      2.69     0.125      0  03:26       0.374     0.000
  
  
  **********************
  Storage Volume Summary
  **********************
  
  --------------------------------------------------------------------------------------------------
                         Average     Avg  Evap Exfil       Maximum     Max    Time of Max    Maximum
                          Volume    Pcnt  Pcnt  Pcnt        Volume    Pcnt     Occurrence    Outflow
  Storage Unit           1000 m3    Full  Loss  Loss       1000 m3    Full    days hr:min        CMS
  --------------------------------------------------------------------------------------------------
  T5                       0.191      38     0     0         0.285      57       0  04:44      0.030
  T4                       0.067      13     0     0         0.132      26       0  03:43      0.041
  T6                       0.155      26     0     0         0.309      51       0  03:46      0.125
  T3                       0.818      31     0     0         1.283      49       0  05:54      0.133
  T2                       0.119      12     0     0         0.252      25       0  03:25      0.070
  T1                       0.473      68     0     0         0.700     100       0  03:26      0.271
  
  
  ***********************
  Outfall Loading Summary
  ***********************
  
  -----------------------------------------------------------
                         Flow       Avg       Max       Total
                         Freq      Flow      Flow      Volume
  Outfall Node           Pcnt       CMS       CMS    10^6 ltr
  -----------------------------------------------------------
  Out_to_WWTP           99.01     0.202     0.271       5.632
  -----------------------------------------------------------
  System                99.01     0.202     0.271       5.632
  
  
  ********************
  Link Flow Summary
  ********************
  
  -----------------------------------------------------------------------------
                                 Maximum  Time of Max   Maximum    Max/    Max/
                                  |Flow|   Occurrence   |Veloc|    Full    Full
  Link                 Type          CMS  days hr:min     m/sec    Flow   Depth
  -----------------------------------------------------------------------------
  C1                   CONDUIT     0.030     0  04:46      0.91    0.01    0.10
  C6                   CONDUIT     0.041     0  03:03      1.20    0.66    0.49
  C2                   CONDUIT     0.041     0  03:45      1.11    0.05    0.19
  C9                   CONDUIT     0.055     0  03:02      0.99    0.19    0.32
  C16                  CONDUIT     0.212     0  03:02      1.37    0.02    0.10
  C3                   CONDUIT     0.133     0  05:55      1.85    0.05    0.15
  C19                  CONDUIT     0.070     0  03:27      0.91    0.02    0.18
  C11                  CONDUIT     0.198     0  04:47      1.69    0.01    0.10
  C20                  CONDUIT     0.278     0  03:01      1.79    0.01    0.10
  C22                  CONDUIT     0.091     0  03:02      1.05    0.04    0.23
  C12                  CONDUIT     0.125     0  03:48      1.26    0.01    0.09
  C17                  CONDUIT     0.364     0  03:01      2.15    0.02    0.10
  C10                  CONDUIT     0.290     0  03:02      1.66    0.03    0.56
  C13                  CONDUIT     0.459     0  03:04      1.53    0.03    0.54
  C18                  CONDUIT     0.193     0  03:01      1.72    0.01    0.33
  C23                  CONDUIT     0.574     0  03:03      1.26    0.06    0.59
  C4                   CONDUIT     0.142     0  03:01      1.98    0.03    0.56
  C7                   CONDUIT     0.090     0  03:02      1.43    0.02    0.55
  C14                  CONDUIT     0.271     0  03:28      2.08    0.02    0.09
  C5                   CONDUIT     0.043     0  03:01      1.22    0.74    0.69
  C8                   CONDUIT     0.057     0  03:01      1.25    0.72    0.56
  C15                  CONDUIT     0.218     0  03:01      2.46    0.69    0.54
  C21                  CONDUIT     0.093     0  03:01      1.59    0.53    0.41
  V4                   ORIFICE     0.041     0  03:43                      1.00
  V5                   ORIFICE     0.030     0  04:44                      1.00
  V1                   ORIFICE     0.271     0  03:26                      1.00
  V6                   ORIFICE     0.125     0  03:46                      1.00
  V3                   ORIFICE     0.133     0  05:54                      1.00
  V2                   ORIFICE     0.070     0  03:25                      1.00
  
  
  ***************************
  Flow Classification Summary
  ***************************
  
  -------------------------------------------------------------------------------------
                      Adjusted    ---------- Fraction of Time in Flow Class ---------- 
                       /Actual         Up    Down  Sub   Sup   Up    Down  Norm  Inlet 
  Conduit               Length    Dry  Dry   Dry   Crit  Crit  Crit  Crit  Ltd   Ctrl  
  -------------------------------------------------------------------------------------
  C1                      1.00   0.00  0.00  0.00  0.92  0.08  0.00  0.00  0.95  0.00
  C6                      1.00   0.00  0.00  0.00  0.01  0.99  0.00  0.00  0.00  0.00
  C2                      1.00   0.00  0.00  0.00  0.14  0.86  0.00  0.00  0.94  0.00
  C9                      1.00   0.00  0.00  0.00  1.00  0.00  0.00  0.00  1.00  0.00
  C16                     1.00   0.00  0.00  0.00  0.61  0.39  0.00  0.00  0.51  0.00
  C3                      1.00   0.00  0.00  0.00  0.05  0.94  0.00  0.00  0.07  0.00
  C19                     1.00   0.00  0.00  0.00  1.00  0.00  0.00  0.00  1.00  0.00
  C11                     1.00   0.00  0.00  0.00  0.26  0.74  0.00  0.00  1.00  0.00
  C20                     1.00   0.00  0.00  0.00  0.64  0.36  0.00  0.00  0.98  0.00
  C22                     1.00   0.00  0.00  0.00  0.97  0.03  0.00  0.00  1.00  0.00
  C12                     1.00   0.00  0.00  0.00  0.35  0.65  0.00  0.00  0.74  0.00
  C17                     1.00   0.00  0.00  0.00  0.49  0.51  0.00  0.00  0.97  0.00
  C10                     1.00   0.00  0.00  0.00  0.94  0.06  0.00  0.00  0.97  0.00
  C13                     1.00   0.00  0.00  0.00  0.87  0.13  0.00  0.00  0.91  0.00
  C18                     1.00   0.00  0.00  0.00  0.81  0.19  0.00  0.00  0.97  0.00
  C23                     1.00   0.00  0.00  0.00  0.90  0.10  0.00  0.00  0.94  0.00
  C4                      1.00   0.00  0.00  0.00  0.96  0.04  0.00  0.00  0.98  0.00
  C7                      1.00   0.00  0.00  0.00  0.91  0.09  0.00  0.00  0.96  0.00
  C14                     1.00   0.00  0.00  0.00  0.00  0.99  0.00  0.00  0.17  0.00
  C5                      1.00   0.00  0.00  0.00  0.88  0.12  0.00  0.00  0.98  0.00
  C8                      1.00   0.00  0.00  0.00  0.00  1.00  0.00  0.00  0.00  0.00
  C15                     1.00   0.00  0.00  0.00  0.00  1.00  0.00  0.00  0.00  0.00
  C21                     1.00   0.00  0.00  0.00  0.00  1.00  0.00  0.00  0.00  0.00
  
  
  *************************
  Conduit Surcharge Summary
  *************************
  
  ----------------------------------------------------------------------------
                                                           Hours        Hours 
                         --------- Hours Full --------   Above Full   Capacity
  Conduit                Both Ends  Upstream  Dnstream   Normal Flow   Limited
  ----------------------------------------------------------------------------
  C10                         0.01      0.01      3.30      0.01         0.01
  C13                         0.01      0.01      4.33      0.01         0.01
  C23                         0.01      0.01      5.58      0.01         0.01
  C4                          0.01      0.01      5.57      0.01         0.01
  C7                          0.01      0.01      2.28      0.01         0.01
  

  Analysis begun on:  Thu Sep  2 19:31:09 2021
  Analysis ended on:  Thu Sep  2 19:31:09 2021
  Total elapsed time: < 1 sec