
  EPA STORM WATER MANAGEMENT MODEL - VERSION 5.1 (Build 5.3.0.dev0)
  --------------------------------------------------------------

  WARNING 09: time series interval greater than recording interval for Rain Gage RG1
  WARNING 09: time series interval greater than recording interval for Rain Gage RG2
  WARNING 09: time series interval greater than recording interval for Rain Gage RG3
  WARNING 09: time series interval greater than recording interval for Rain Gage RG4
  
  *********************************************************
  NOTE: The summary statistics displayed in this report are
  based on results found at every computational time step,  
  not just on results from each reporting time step.
  *********************************************************
  
  ****************
  Analysis Options
  ****************
  Flow Units ............... CMS
  Process Models:
    Rainfall/Runoff ........ YES
    RDII ................... NO
    Snowmelt ............... NO
    Groundwater ............ NO
    Flow Routing ........... YES
    Ponding Allowed ........ YES
    Water Quality .......... NO
  Infiltration Method ...... HORTON
  Flow Routing Method ...... DYNWAVE
  Surcharge Method ......... EXTRAN
  Starting Date ............ 08/28/2015 00:00:00
  Ending Date .............. 08/28/2015 04:20:00
  Antecedent Dry Days ...... 0.0
  Report Time Step ......... 00:01:00
  Wet Time Step ............ 00:01:00
  Dry Time Step ............ 00:01:00
  Routing Time Step ........ 5.00 sec
  Variable Time Step ....... YES
  Maximum Trials ........... 8
  Number of Threads ........ 1
  Head Tolerance ........... 0.001500 m
  
  
  **************************        Volume         Depth
  Runoff Quantity Continuity     hectare-m            mm
  **************************     ---------       -------
  Total Precipitation ......         0.000         0.000
  Evaporation Loss .........         0.000         0.000
  Infiltration Loss ........         0.000         0.000
  Surface Runoff ...........         0.000         0.000
  Final Storage ............         0.000         0.000
  Continuity Error (%) .....         0.000
  
  
  **************************        Volume        Volume
  Flow Routing Continuity        hectare-m      10^6 ltr
  **************************     ---------     ---------
  Dry Weather Inflow .......         0.002         0.020
  Wet Weather Inflow .......         0.000         0.000
  Groundwater Inflow .......         0.000         0.000
  RDII Inflow ..............         0.000         0.000
  External Inflow ..........         0.000         0.000
  External Outflow .........         0.000         0.000
  Flooding Loss ............         0.000         0.000
  Evaporation Loss .........         0.000         0.000
  Exfiltration Loss ........         0.000         0.000
  Initial Stored Volume ....         0.000         0.000
  Final Stored Volume ......         0.003         0.026
  Continuity Error (%) .....       -34.954
  
  
  *************************
  Highest Continuity Errors
  *************************
  Node J7 (70.38%)
  Node J15 (68.91%)
  Node J4 (59.08%)
  Node J6 (56.95%)
  Node J12 (55.75%)
  
  
  ***************************
  Time-Step Critical Elements
  ***************************
  None
  
  
  ********************************
  Highest Flow Instability Indexes
  ********************************
  Link C17 (1)
  Link C10 (1)
  
  
  *************************
  Routing Time Step Summary
  *************************
  Minimum Time Step           :     5.00 sec
  Average Time Step           :     4.98 sec
  Maximum Time Step           :     5.00 sec
  Percent in Steady State     :     0.00
  Average Iterations per Step :     2.01
  Percent Not Converging      :     0.00
  
  
  ***************************
  Subcatchment Runoff Summary
  ***************************
  
  ------------------------------------------------------------------------------------------------------------------------------
                            Total      Total      Total      Total     Imperv       Perv      Total       Total     Peak  Runoff
                           Precip      Runon       Evap      Infil     Runoff     Runoff     Runoff      Runoff   Runoff   Coeff
  Subcatchment                 mm         mm         mm         mm         mm         mm         mm    10^6 ltr      CMS
  ------------------------------------------------------------------------------------------------------------------------------
  SC01                       0.00       0.00       0.00       0.00       0.00       0.00       0.00        0.00     0.00   0.000
  SC02                       0.00       0.00       0.00       0.00       0.00       0.00       0.00        0.00     0.00   0.000
  SC03                       0.00       0.00       0.00       0.00       0.00       0.00       0.00        0.00     0.00   0.000
  SC04                       0.00       0.00       0.00       0.00       0.00       0.00       0.00        0.00     0.00   0.000
  SC05                       0.00       0.00       0.00       0.00       0.00       0.00       0.00        0.00     0.00   0.000
  SC06                       0.00       0.00       0.00       0.00       0.00       0.00       0.00        0.00     0.00   0.000
  SC07                       0.00       0.00       0.00       0.00       0.00       0.00       0.00        0.00     0.00   0.000
  SC08                       0.00       0.00       0.00       0.00       0.00       0.00       0.00        0.00     0.00   0.000
  SC09                       0.00       0.00       0.00       0.00       0.00       0.00       0.00        0.00     0.00   0.000
  SC010                      0.00       0.00       0.00       0.00       0.00       0.00       0.00        0.00     0.00   0.000
  
  
  ******************
  Node Depth Summary
  ******************
  
  ---------------------------------------------------------------------------------
                                 Average  Maximum  Maximum  Time of Max    Reported
                                   Depth    Depth      HGL   Occurrence   Max Depth
  Node                 Type       Meters   Meters   Meters  days hr:min      Meters
  ---------------------------------------------------------------------------------
  J1                   JUNCTION     0.02     0.02    34.02     0  00:08        0.02
  J3                   JUNCTION     0.00     0.01    18.01     0  00:19        0.01
  CSO7                 JUNCTION     0.03     0.03    34.03     0  00:05        0.03
  J5                   JUNCTION     0.01     0.02    32.02     0  00:19        0.02
  CSO9                 JUNCTION     0.02     0.03    40.03     0  00:07        0.03
  J8                   JUNCTION     0.02     0.03    36.03     0  00:19        0.03
  CSO8                 JUNCTION     0.00     0.00    32.00     0  00:00        0.00
  J10                  JUNCTION     0.01     0.01    29.01     0  00:19        0.01
  J13                  JUNCTION     0.01     0.01    29.01     0  00:06        0.01
  J15                  JUNCTION     0.01     0.02    15.02     0  00:19        0.02
  J16                  JUNCTION     0.01     0.01    30.01     0  00:05        0.01
  CSO10                JUNCTION     0.02     0.02    30.02     0  00:09        0.02
  J12                  JUNCTION     0.01     0.02    26.02     0  00:19        0.02
  J4                   JUNCTION     0.02     0.03    33.03     0  00:19        0.03
  J6                   JUNCTION     0.00     0.01    25.01     0  00:19        0.01
  J2                   JUNCTION     0.01     0.02    25.02     0  00:19        0.02
  J19                  JUNCTION     0.00     0.01     8.01     0  00:19        0.01
  J9                   JUNCTION     0.01     0.01    29.01     0  00:19        0.01
  J14                  JUNCTION     0.00     0.00    20.00     0  00:19        0.00
  J17                  JUNCTION     0.00     0.01    20.01     0  00:19        0.01
  J7                   JUNCTION     0.01     0.02    39.02     0  00:19        0.02
  J11                  JUNCTION     0.00     0.00    31.00     0  00:00        0.00
  J18                  JUNCTION     0.01     0.01    29.01     0  00:19        0.01
  Out_to_WWTP          OUTFALL      0.00     0.00     6.00     0  00:19        0.00
  T5                   STORAGE      0.01     0.01    27.01     0  00:19        0.01
  T4                   STORAGE      0.00     0.01    27.01     0  00:19        0.01
  T6                   STORAGE      0.01     0.02    31.02     0  00:19        0.02
  T3                   STORAGE      0.00     0.00    22.00     0  00:19        0.00
  T2                   STORAGE      0.00     0.01    21.01     0  00:19        0.01
  T1                   STORAGE      0.00     0.01    10.01     0  00:19        0.01
  
  
  *******************
  Node Inflow Summary
  *******************
  
  -------------------------------------------------------------------------------------------------
                                  Maximum  Maximum                  Lateral       Total        Flow
                                  Lateral    Total  Time of Max      Inflow      Inflow     Balance
                                   Inflow   Inflow   Occurrence      Volume      Volume       Error
  Node                 Type           CMS      CMS  days hr:min    10^6 ltr    10^6 ltr     Percent
  -------------------------------------------------------------------------------------------------
  J1                   JUNCTION     0.003    0.003     0  00:00     0.00301     0.00301      13.199
  J3                   JUNCTION     0.000    0.001     0  00:19           0    0.000553     125.676
  CSO7                 JUNCTION     0.001    0.001     0  00:00     0.00155     0.00155       8.280
  J5                   JUNCTION     0.001    0.002     0  00:19    0.000683     0.00127      57.483
  CSO9                 JUNCTION     0.001    0.001     0  00:00     0.00105     0.00105      13.541
  J8                   JUNCTION     0.004    0.005     0  00:19     0.00504     0.00531      44.480
  CSO8                 JUNCTION     0.000    0.000     0  00:00           0           0       0.000 ltr
  J10                  JUNCTION     0.002    0.002     0  00:00     0.00206     0.00206      23.577
  J13                  JUNCTION     0.002    0.002     0  00:00      0.0025      0.0025       5.953
  J15                  JUNCTION     0.000    0.004     0  00:19           0     0.00355     221.686
  J16                  JUNCTION     0.003    0.003     0  00:00     0.00297     0.00297       7.373
  CSO10                JUNCTION     0.001    0.001     0  00:00    0.000744    0.000744      17.594
  J12                  JUNCTION     0.000    0.003     0  00:19           0     0.00212     125.965
  J4                   JUNCTION     0.000    0.001     0  00:07           0     0.00144     144.363
  J6                   JUNCTION     0.000    0.000     0  00:19           0    0.000148     132.261
  J2                   JUNCTION     0.000    0.002     0  00:19           0    0.000855      79.344
  J19                  JUNCTION     0.000    0.000     0  00:19           0    0.000142      21.503
  J9                   JUNCTION     0.000    0.002     0  00:19           0    0.000952     113.843
  J14                  JUNCTION     0.000    0.000     0  00:19           0    1.97e-05       6.481 ltr
  J17                  JUNCTION     0.000    0.001     0  00:19           0    0.000405     119.638
  J7                   JUNCTION     0.000    0.001     0  00:12           0    0.000925     237.667
  J11                  JUNCTION     0.000    0.000     0  00:00           0           0       0.000 ltr
  J18                  JUNCTION     0.000    0.001     0  00:13           0    0.000633      77.072
  Out_to_WWTP          OUTFALL      0.000    0.000     0  00:19           0    0.000117       0.000
  T5                   STORAGE      0.000    0.003     0  00:13           0     0.00266      14.592
  T4                   STORAGE      0.000    0.001     0  00:19           0    0.000807       7.506
  T6                   STORAGE      0.000    0.005     0  00:19           0     0.00368      18.457
  T3                   STORAGE      0.000    0.002     0  00:19           0    0.000936       2.503
  T2                   STORAGE      0.000    0.002     0  00:11           0     0.00236       6.299
  T1                   STORAGE      0.000    0.002     0  00:19           0      0.0011       9.737
  
  
  **********************
  Node Surcharge Summary
  **********************
  
  No nodes were surcharged.
  
  
  *********************
  Node Flooding Summary
  *********************
  
  No nodes were flooded.
  
  
  **********************
  Storage Volume Summary
  **********************
  
  --------------------------------------------------------------------------------------------------
                         Average     Avg  Evap Exfil       Maximum     Max    Time of Max    Maximum
                          Volume    Pcnt  Pcnt  Pcnt        Volume    Pcnt     Occurrence    Outflow
  Storage Unit           1000 m3    Full  Loss  Loss       1000 m3    Full    days hr:min        CMS
  --------------------------------------------------------------------------------------------------
  T5                       0.001       0     0     0         0.001       0       0  00:19      0.002
  T4                       0.000       0     0     0         0.001       0       0  00:19      0.000
  T6                       0.001       0     0     0         0.002       0       0  00:19      0.002
  T3                       0.000       0     0     0         0.001       0       0  00:19      0.000
  T2                       0.001       0     0     0         0.002       0       0  00:19      0.001
  T1                       0.000       0     0     0         0.001       0       0  00:19      0.000
  
  
  ***********************
  Outfall Loading Summary
  ***********************
  
  -----------------------------------------------------------
                         Flow       Avg       Max       Total
                         Freq      Flow      Flow      Volume
  Outfall Node           Pcnt       CMS       CMS    10^6 ltr
  -----------------------------------------------------------
  Out_to_WWTP           59.24     0.000     0.000       0.000
  -----------------------------------------------------------
  System                59.24     0.000     0.000       0.000
  
  
  ********************
  Link Flow Summary
  ********************
  
  -----------------------------------------------------------------------------
                                 Maximum  Time of Max   Maximum    Max/    Max/
                                  |Flow|   Occurrence   |Veloc|    Full    Full
  Link                 Type          CMS  days hr:min     m/sec    Flow   Depth
  -----------------------------------------------------------------------------
  C1                   CONDUIT     0.001     0  00:19      0.65    0.00    0.01
  C6                   CONDUIT     0.001     0  00:19      0.42    0.02    0.08
  C2                   CONDUIT     0.000     0  00:19      0.33    0.00    0.01
  C9                   CONDUIT     0.001     0  00:19      0.18    0.00    0.04
  C16                  CONDUIT     0.000     0  00:00      0.00    0.00    0.00
  C3                   CONDUIT     0.000     0  00:19      0.08    0.00    0.00
  C19                  CONDUIT     0.000     0  00:19      0.20    0.00    0.01
  C11                  CONDUIT     0.001     0  00:19      0.20    0.00    0.01
  C20                  CONDUIT     0.003     0  00:09      0.96    0.00    0.01
  C22                  CONDUIT     0.001     0  00:19      0.27    0.00    0.02
  C12                  CONDUIT     0.001     0  00:19      0.30    0.00    0.01
  C17                  CONDUIT     0.002     0  00:19      0.56    0.00    0.01
  C10                  CONDUIT     0.005     0  00:19      0.94    0.00    0.02
  C13                  CONDUIT     0.002     0  00:19      0.70    0.00    0.00
  C18                  CONDUIT     0.002     0  00:11      1.01    0.00    0.01
  C23                  CONDUIT     0.002     0  00:19      0.74    0.00    0.01
  C4                   CONDUIT     0.003     0  00:13      1.13    0.00    0.02
  C7                   CONDUIT     0.001     0  00:19      0.83    0.00    0.01
  C14                  CONDUIT     0.000     0  00:19      0.48    0.00    0.00
  C5                   CONDUIT     0.001     0  00:07      0.70    0.02    0.11
  C8                   CONDUIT     0.001     0  00:12      0.53    0.01    0.07
  C15                  CONDUIT     0.000     0  00:00      0.00    0.00    0.00
  C21                  CONDUIT     0.001     0  00:13      0.42    0.00    0.04
  V4                   ORIFICE     0.000     0  00:19                      0.23
  V5                   ORIFICE     0.002     0  00:19                      1.00
  V1                   ORIFICE     0.000     0  00:19                      0.07
  V6                   ORIFICE     0.002     0  00:19                      0.31
  V3                   ORIFICE     0.000     0  00:19                      0.03
  V2                   ORIFICE     0.001     0  00:19                      0.20
  
  
  ***************************
  Flow Classification Summary
  ***************************
  
  -------------------------------------------------------------------------------------
                      Adjusted    ---------- Fraction of Time in Flow Class ---------- 
                       /Actual         Up    Down  Sub   Sup   Up    Down  Norm  Inlet 
  Conduit               Length    Dry  Dry   Dry   Crit  Crit  Crit  Crit  Ltd   Ctrl  
  -------------------------------------------------------------------------------------
  C1                      1.00   0.05  0.00  0.00  0.07  0.88  0.00  0.00  0.00  0.00
  C6                      1.00   0.00  0.01  0.00  0.42  0.58  0.00  0.00  0.13  0.00
  C2                      1.00   0.09  0.01  0.00  0.39  0.51  0.00  0.00  0.00  0.00
  C9                      1.00   0.00  0.01  0.00  0.99  0.00  0.00  0.00  0.99  0.00
  C16                     1.00   0.00  1.00  0.00  0.00  0.00  0.00  0.00  0.00  0.00
  C3                      1.00   0.09  0.13  0.00  0.78  0.00  0.00  0.00  0.78  0.00
  C19                     1.00   0.00  0.05  0.00  0.94  0.00  0.00  0.00  0.94  0.00
  C11                     1.00   0.00  0.09  0.00  0.91  0.00  0.00  0.00  0.91  0.00
  C20                     1.00   0.00  0.00  0.00  0.01  0.99  0.00  0.00  0.54  0.00
  C22                     1.00   0.00  0.00  0.00  0.99  0.00  0.00  0.00  1.00  0.00
  C12                     1.00   0.00  0.06  0.00  0.93  0.00  0.00  0.00  0.94  0.00
  C17                     1.00   0.00  0.00  0.00  0.01  0.99  0.00  0.00  0.36  0.00
  C10                     1.00   0.00  0.00  0.00  0.01  0.99  0.00  0.00  0.00  0.00
  C13                     1.00   0.00  0.00  0.00  0.03  0.96  0.00  0.00  0.00  0.00
  C18                     1.00   0.00  0.00  0.00  0.01  0.99  0.00  0.00  0.00  0.00
  C23                     1.00   0.00  0.00  0.00  0.02  0.97  0.00  0.00  0.00  0.00
  C4                      1.00   0.00  0.00  0.00  0.01  0.99  0.00  0.00  0.00  0.00
  C7                      1.00   0.00  0.00  0.00  0.02  0.98  0.00  0.00  0.00  0.00
  C14                     1.00   0.14  0.00  0.00  0.14  0.72  0.00  0.00  0.00  0.00
  C5                      1.00   0.00  0.00  0.00  0.01  0.99  0.00  0.00  0.24  0.00
  C8                      1.00   0.00  0.00  0.00  0.02  0.98  0.00  0.00  0.00  0.00
  C15                     1.00   1.00  0.00  0.00  0.00  0.00  0.00  0.00  0.00  0.00
  C21                     1.00   0.00  0.00  0.00  0.04  0.96  0.00  0.00  0.00  0.00
  
  
  *************************
  Conduit Surcharge Summary
  *************************
  
  No conduits were surcharged.
  

  Analysis begun on:  Thu Sep 23 20:14:18 2021
  Analysis ended on:  Thu Sep 23 20:14:18 2021
  Total elapsed time: < 1 sec