
  EPA STORM WATER MANAGEMENT MODEL - VERSION 5.1 (Build 5.3.0.dev0)
  --------------------------------------------------------------

  WARNING 04: minimum elevation drop used for Conduit WS02004404WS02004405
  WARNING 03: negative offset ignored for Link YS02001904YS02001907
  
  *********************************************************
  NOTE: The summary statistics displayed in this report are
  based on results found at every computational time step,  
  not just on results from each reporting time step.
  *********************************************************
  
  ****************
  Analysis Options
  ****************
  Flow Units ............... LPS
  Process Models:
    Rainfall/Runoff ........ YES
    RDII ................... NO
    Snowmelt ............... NO
    Groundwater ............ NO
    Flow Routing ........... YES
    Ponding Allowed ........ NO
    Water Quality .......... YES
  Infiltration Method ...... HORTON
  Flow Routing Method ...... DYNWAVE
  Surcharge Method ......... EXTRAN
  Starting Date ............ 08/28/2015 08:00:00
  Ending Date .............. 08/28/2015 08:10:00
  Antecedent Dry Days ...... 8.0
  Report Time Step ......... 00:01:00
  Wet Time Step ............ 00:01:00
  Dry Time Step ............ 00:01:00
  Routing Time Step ........ 5.00 sec
  Variable Time Step ....... YES
  Maximum Trials ........... 8
  Number of Threads ........ 4
  Head Tolerance ........... 0.001500 m
  
  
  **************************        Volume         Depth
  Runoff Quantity Continuity     hectare-m            mm
  **************************     ---------       -------
  Total Precipitation ......         0.000         0.000
  Evaporation Loss .........         0.000         0.000
  Infiltration Loss ........         0.000         0.000
  Surface Runoff ...........         0.000         0.000
  Final Storage ............         0.000         0.000
  Continuity Error (%) .....         0.000
  
  
  **************************           COD            SS            TN            TP         NH4-N
  Runoff Quality Continuity             kg            kg            kg            kg            kg
  **************************    ----------    ----------    ----------    ----------    ----------
  Initial Buildup ..........     41378.656     70582.865      1804.177       168.684      1032.807
  Surface Buildup ..........         0.973         0.680         0.297         0.027         0.177
  Wet Deposition ...........         0.000         0.000         0.000         0.000         0.000
  Sweeping Removal .........         0.000         0.000         0.000         0.000         0.000
  Infiltration Loss ........         0.000         0.000         0.000         0.000         0.000
  BMP Removal ..............         0.000         0.000         0.000         0.000         0.000
  Surface Runoff ...........         0.000         0.000         0.000         0.000         0.000
  Remaining Buildup ........     41379.629     70583.546      1804.474       168.711      1032.984
  Continuity Error (%) .....         0.000         0.000         0.000         0.000         0.000
  
  
  **************************        Volume        Volume
  Flow Routing Continuity        hectare-m      10^6 ltr
  **************************     ---------     ---------
  Dry Weather Inflow .......         0.013         0.131
  Wet Weather Inflow .......         0.000         0.000
  Groundwater Inflow .......         0.000         0.000
  RDII Inflow ..............         0.000         0.000
  External Inflow ..........         0.002         0.022
  External Outflow .........         0.000         0.001
  Flooding Loss ............         0.000         0.000
  Evaporation Loss .........         0.000         0.000
  Exfiltration Loss ........         0.000         0.000
  Initial Stored Volume ....         0.076         0.761
  Final Stored Volume ......         0.091         0.914
  Continuity Error (%) .....        -0.142
  
  
  **************************           COD            SS            TN            TP         NH4-N
  Quality Routing Continuity            kg            kg            kg            kg            kg
  **************************    ----------    ----------    ----------    ----------    ----------
  Dry Weather Inflow .......        32.723        52.358         3.141         0.393         1.963
  Wet Weather Inflow .......         0.000         0.000         0.000         0.000         0.000
  Groundwater Inflow .......         0.000         0.000         0.000         0.000         0.000
  RDII Inflow ..............         0.000         0.000         0.000         0.000         0.000
  External Inflow ..........         3.894         6.231         0.374         0.047         0.234
  External Outflow .........         0.208         0.332         0.020         0.002         0.012
  Flooding Loss ............         0.000         0.000         0.000         0.000         0.000
  Exfiltration Loss ........         0.000         0.000         0.000         0.000         0.000
  Mass Reacted .............         0.000         0.000         0.000         0.000         0.000
  Initial Stored Mass ......         0.000         0.000         0.000         0.000         0.000
  Final Stored Mass ........        35.882        57.412         3.445         0.431         2.153
  Continuity Error (%) .....         1.442         1.442         1.442         1.442         1.442
  
  
  *************************
  Highest Continuity Errors
  *************************
  Node WS02004406 (100.00%)
  Node WS02006110 (100.00%)
  Node WS02006284 (100.00%)
  Node HS02004842 (100.00%)
  Node HS02004817 (100.00%)
  
  
  ***************************
  Time-Step Critical Elements
  ***************************
  None
  
  
  ********************************
  Highest Flow Instability Indexes
  ********************************
  Link WS02004139WS02001211 (5)
  Link WS02006228WS02006109 (1)
  Link WS02004138WS02004139 (1)
  Link WS02001213WS02003059 (1)
  
  
  *************************
  Routing Time Step Summary
  *************************
  Minimum Time Step           :     3.50 sec
  Average Time Step           :     4.95 sec
  Maximum Time Step           :     5.00 sec
  Percent in Steady State     :     0.00
  Average Iterations per Step :     2.16
  Percent Not Converging      :     0.00
  
  
  ***************************
  Subcatchment Runoff Summary
  ***************************
  
  ------------------------------------------------------------------------------------------------------------------------------
                            Total      Total      Total      Total     Imperv       Perv      Total       Total     Peak  Runoff
                           Precip      Runon       Evap      Infil     Runoff     Runoff     Runoff      Runoff   Runoff   Coeff
  Subcatchment                 mm         mm         mm         mm         mm         mm         mm    10^6 ltr      LPS
  ------------------------------------------------------------------------------------------------------------------------------
  sub0                       0.00       0.00       0.00       0.00       0.00       0.00       0.00        0.00     0.00   0.000
  sub1                       0.00       0.00       0.00       0.00       0.00       0.00       0.00        0.00     0.00   0.000
  sub2                       0.00       0.00       0.00       0.00       0.00       0.00       0.00        0.00     0.00   0.000
  sub3                       0.00       0.00       0.00       0.00       0.00       0.00       0.00        0.00     0.00   0.000
  sub4                       0.00       0.00       0.00       0.00       0.00       0.00       0.00        0.00     0.00   0.000
  sub5                       0.00       0.00       0.00       0.00       0.00       0.00       0.00        0.00     0.00   0.000
  sub7                       0.00       0.00       0.00       0.00       0.00       0.00       0.00        0.00     0.00   0.000
  sub8                       0.00       0.00       0.00       0.00       0.00       0.00       0.00        0.00     0.00   0.000
  sub9                       0.00       0.00       0.00       0.00       0.00       0.00       0.00        0.00     0.00   0.000
  sub10                      0.00       0.00       0.00       0.00       0.00       0.00       0.00        0.00     0.00   0.000
  sub11                      0.00       0.00       0.00       0.00       0.00       0.00       0.00        0.00     0.00   0.000
  sub12                      0.00       0.00       0.00       0.00       0.00       0.00       0.00        0.00     0.00   0.000
  sub14                      0.00       0.00       0.00       0.00       0.00       0.00       0.00        0.00     0.00   0.000
  sub15                      0.00       0.00       0.00       0.00       0.00       0.00       0.00        0.00     0.00   0.000
  sub16                      0.00       0.00       0.00       0.00       0.00       0.00       0.00        0.00     0.00   0.000
  sub17                      0.00       0.00       0.00       0.00       0.00       0.00       0.00        0.00     0.00   0.000
  sub22                      0.00       0.00       0.00       0.00       0.00       0.00       0.00        0.00     0.00   0.000
  sub23                      0.00       0.00       0.00       0.00       0.00       0.00       0.00        0.00     0.00   0.000
  sub60                      0.00       0.00       0.00       0.00       0.00       0.00       0.00        0.00     0.00   0.000
  sub61                      0.00       0.00       0.00       0.00       0.00       0.00       0.00        0.00     0.00   0.000
  sub62                      0.00       0.00       0.00       0.00       0.00       0.00       0.00        0.00     0.00   0.000
  sub63                      0.00       0.00       0.00       0.00       0.00       0.00       0.00        0.00     0.00   0.000
  sub64                      0.00       0.00       0.00       0.00       0.00       0.00       0.00        0.00     0.00   0.000
  sub65                      0.00       0.00       0.00       0.00       0.00       0.00       0.00        0.00     0.00   0.000
  sub66                      0.00       0.00       0.00       0.00       0.00       0.00       0.00        0.00     0.00   0.000
  sub67                      0.00       0.00       0.00       0.00       0.00       0.00       0.00        0.00     0.00   0.000
  sub68                      0.00       0.00       0.00       0.00       0.00       0.00       0.00        0.00     0.00   0.000
  sub69                      0.00       0.00       0.00       0.00       0.00       0.00       0.00        0.00     0.00   0.000
  sub70                      0.00       0.00       0.00       0.00       0.00       0.00       0.00        0.00     0.00   0.000
  sub71                      0.00       0.00       0.00       0.00       0.00       0.00       0.00        0.00     0.00   0.000
  sub72                      0.00       0.00       0.00       0.00       0.00       0.00       0.00        0.00     0.00   0.000
  1                          0.00       0.00       0.00       0.00       0.00       0.00       0.00        0.00     0.00   0.000
  2                          0.00       0.00       0.00       0.00       0.00       0.00       0.00        0.00     0.00   0.000
  
  
  ****************************
  Subcatchment Washoff Summary
  ****************************
  
  ------------------------------------------------------------------------------------------
                                 COD            SS            TN            TP         NH4-N
  Subcatchment                    kg            kg            kg            kg            kg
  ------------------------------------------------------------------------------------------
  sub0                         0.000         0.000         0.000         0.000         0.000
  sub1                         0.000         0.000         0.000         0.000         0.000
  sub2                         0.000         0.000         0.000         0.000         0.000
  sub3                         0.000         0.000         0.000         0.000         0.000
  sub4                         0.000         0.000         0.000         0.000         0.000
  sub5                         0.000         0.000         0.000         0.000         0.000
  sub7                         0.000         0.000         0.000         0.000         0.000
  sub8                         0.000         0.000         0.000         0.000         0.000
  sub9                         0.000         0.000         0.000         0.000         0.000
  sub10                        0.000         0.000         0.000         0.000         0.000
  sub11                        0.000         0.000         0.000         0.000         0.000
  sub12                        0.000         0.000         0.000         0.000         0.000
  sub14                        0.000         0.000         0.000         0.000         0.000
  sub15                        0.000         0.000         0.000         0.000         0.000
  sub16                        0.000         0.000         0.000         0.000         0.000
  sub17                        0.000         0.000         0.000         0.000         0.000
  sub22                        0.000         0.000         0.000         0.000         0.000
  sub23                        0.000         0.000         0.000         0.000         0.000
  sub60                        0.000         0.000         0.000         0.000         0.000
  sub61                        0.000         0.000         0.000         0.000         0.000
  sub62                        0.000         0.000         0.000         0.000         0.000
  sub63                        0.000         0.000         0.000         0.000         0.000
  sub64                        0.000         0.000         0.000         0.000         0.000
  sub65                        0.000         0.000         0.000         0.000         0.000
  sub66                        0.000         0.000         0.000         0.000         0.000
  sub67                        0.000         0.000         0.000         0.000         0.000
  sub68                        0.000         0.000         0.000         0.000         0.000
  sub69                        0.000         0.000         0.000         0.000         0.000
  sub70                        0.000         0.000         0.000         0.000         0.000
  sub71                        0.000         0.000         0.000         0.000         0.000
  sub72                        0.000         0.000         0.000         0.000         0.000
  1                            0.000         0.000         0.000         0.000         0.000
  2                            0.000         0.000         0.000         0.000         0.000
  ------------------------------------------------------------------------------------------
  System                       0.000         0.000         0.000         0.000         0.000
  
  
  ******************
  Node Depth Summary
  ******************
  
  ---------------------------------------------------------------------------------
                                 Average  Maximum  Maximum  Time of Max    Reported
                                   Depth    Depth      HGL   Occurrence   Max Depth
  Node                 Type       Meters   Meters   Meters  days hr:min      Meters
  ---------------------------------------------------------------------------------
  WS02001211           JUNCTION     0.30     0.46     5.30     0  00:09        0.45
  WS02001212           JUNCTION     0.09     0.21     5.28     0  00:09        0.20
  WS02001213           JUNCTION     0.06     0.19     4.96     0  00:09        0.17
  WS02003069           JUNCTION     0.04     0.06     4.64     0  00:07        0.06
  WS02003072           JUNCTION     0.04     0.08     4.45     0  00:09        0.08
  WS02003073           JUNCTION     0.02     0.03     4.09     0  00:09        0.03
  WS02003060           JUNCTION     0.05     0.05     4.98     0  00:03        0.05
  WS02003066           JUNCTION     0.00     0.00     5.55     0  00:00        0.00
  WS02003059           JUNCTION     0.10     0.25     4.94     0  00:09        0.20
  WS02003067           JUNCTION     0.00     0.00     5.32     0  00:00        0.00
  WS02004401           JUNCTION     0.00     0.00     6.00     0  00:00        0.00
  WS02004402           JUNCTION     0.00     0.00     5.96     0  00:00        0.00
  WS02004403           JUNCTION     0.00     0.00     5.93     0  00:00        0.00
  WS02004404           JUNCTION     0.01     0.02     5.87     0  00:09        0.02
  WS02004406           JUNCTION     0.00     0.01     5.84     0  00:09        0.01
  WS02004409           JUNCTION     0.00     0.00     5.77     0  00:00        0.00
  WS02004410           JUNCTION     0.00     0.00     5.72     0  00:00        0.00
  WS02004411           JUNCTION     0.00     0.00     5.68     0  00:00        0.00
  WS02004412           JUNCTION     0.00     0.00     5.64     0  00:00        0.00
  WS02004413           JUNCTION     0.00     0.00     5.47     0  00:00        0.00
  WS02004405           JUNCTION     0.01     0.01     5.86     0  00:09        0.01
  WS02006109           JUNCTION     0.07     0.14     6.76     0  00:09        0.13
  WS02006110           JUNCTION     0.02     0.11     6.70     0  00:09        0.08
  WS02006111           JUNCTION     0.00     0.00     6.71     0  00:00        0.00
  WS02006112           JUNCTION     0.00     0.00     5.88     0  00:00        0.00
  WS02006113           JUNCTION     0.00     0.00     6.89     0  00:00        0.00
  WS02006115           JUNCTION     0.00     0.00     6.14     0  00:00        0.00
  WS02006116           JUNCTION     0.00     0.00     6.04     0  00:00        0.00
  WS02006230           JUNCTION     0.10     0.12     6.86     0  00:09        0.12
  WS02006231           JUNCTION     0.00     0.00     7.12     0  00:00        0.00
  WS02006232           JUNCTION     0.00     0.00     7.04     0  00:00        0.00
  WS02006234           JUNCTION     0.00     0.00     7.16     0  00:00        0.00
  WS02006235           JUNCTION     0.00     0.00     7.16     0  00:00        0.00
  WS02006238           JUNCTION     0.00     0.00     7.14     0  00:00        0.00
  WS02006240           JUNCTION     0.00     0.00     7.29     0  00:00        0.00
  WS02006242           JUNCTION     0.00     0.00     7.27     0  00:00        0.00
  WS02006243           JUNCTION     0.00     0.00     7.42     0  00:00        0.00
  WS02006245           JUNCTION     0.00     0.00     7.48     0  00:00        0.00
  WS02006247           JUNCTION     0.00     0.00     7.50     0  00:00        0.00
  WS02006248           JUNCTION     0.00     0.00     7.59     0  00:09        0.00
  WS02006249           JUNCTION     0.00     0.01     7.61     0  00:09        0.01
  WS02006239           JUNCTION     0.00     0.00     7.21     0  00:00        0.00
  WS02006251           JUNCTION     0.01     0.01     7.68     0  00:06        0.01
  WS02006252           JUNCTION     0.00     0.00     8.24     0  00:00        0.00
  WS02006253           JUNCTION     0.00     0.00     7.64     0  00:00        0.00
  WS02006256           JUNCTION     0.00     0.00     6.93     0  00:00        0.00
  WS02004138           JUNCTION     0.09     0.10     7.35     0  00:01        0.10
  WS02004139           JUNCTION     0.27     0.40     5.31     0  00:09        0.38
  WS02004407           JUNCTION     0.00     0.00     6.31     0  00:00        0.00
  WS02006228           JUNCTION     0.06     0.11     6.77     0  00:09        0.11
  WS02006229           JUNCTION     0.07     0.09     6.79     0  00:09        0.09
  WS02006280           JUNCTION     0.00     0.00     8.27     0  00:00        0.00
  WS02006284           JUNCTION     0.03     0.05     8.45     0  00:09        0.05
  WS02006287           JUNCTION     0.00     0.00     8.95     0  00:00        0.00
  WSF200               JUNCTION     0.00     0.00     5.23     0  00:00        0.00
  HS02004901           JUNCTION     0.00     0.00     9.82     0  00:00        0.00
  HS02004881           JUNCTION     0.00     0.00     9.03     0  00:09        0.00
  HS02004876           JUNCTION     0.00     0.00     9.03     0  00:09        0.00
  HS02004870           JUNCTION     0.00     0.00     9.29     0  00:09        0.00
  HS02004862           JUNCTION     0.00     0.00     9.39     0  00:09        0.00
  HS02004856           JUNCTION     0.00     0.00     9.43     0  00:00        0.00
  HS02004852           JUNCTION     0.00     0.00     9.51     0  00:00        0.00
  HS02004848           JUNCTION     0.00     0.00     9.60     0  00:00        0.00
  HS02004842           JUNCTION     0.03     0.06     9.33     0  00:09        0.05
  HS02004837           JUNCTION     0.01     0.01     9.59     0  00:02        0.01
  HS02004830           JUNCTION     0.01     0.02     9.49     0  00:09        0.02
  HS02004824           JUNCTION     0.00     0.01     9.41     0  00:09        0.01
  HS02004817           JUNCTION     0.01     0.02     8.87     0  00:09        0.01
  HS02004807           JUNCTION     0.00     0.00     9.17     0  00:00        0.00
  HS02004802           JUNCTION     0.00     0.00     9.13     0  00:00        0.00
  HS02004799           JUNCTION     0.00     0.01     9.23     0  00:09        0.01
  HS02004792           JUNCTION     0.00     0.01     9.53     0  00:09        0.01
  HS02004788           JUNCTION     0.01     0.01     9.91     0  00:08        0.01
  HS02004785           JUNCTION     0.00     0.00     9.90     0  00:09        0.00
  HS02004777           JUNCTION     0.00     0.00     9.80     0  00:09        0.00
  HS02004770           JUNCTION     0.00     0.00     9.83     0  00:00        0.00
  HS02004480           JUNCTION     0.00     0.00     9.24     0  00:00        0.00
  HS02004479           JUNCTION     0.00     0.00     9.20     0  00:00        0.00
  HS02004478           JUNCTION     0.00     0.00     9.23     0  00:00        0.00
  YS02001745           JUNCTION     0.00     0.00     7.52     0  00:09        0.00
  YS02001748           JUNCTION     0.00     0.00     7.08     0  00:09        0.00
  YS02001751           JUNCTION     0.00     0.00     6.88     0  00:09        0.00
  YS02001754           JUNCTION     0.01     0.01     6.62     0  00:09        0.01
  YS02001762           JUNCTION     0.01     0.02     6.42     0  00:09        0.01
  YS02001765           JUNCTION     0.01     0.02     6.47     0  00:09        0.02
  YS02001767           JUNCTION     0.02     0.02     6.51     0  00:09        0.02
  YS02001770           JUNCTION     0.01     0.02     6.51     0  00:09        0.02
  YS02001774           JUNCTION     0.00     0.00     6.42     0  00:09        0.00
  YS02001779           JUNCTION     0.00     0.00     6.69     0  00:02        0.00
  YS02001882           JUNCTION     0.00     0.00     6.72     0  00:00        0.00
  YS02001884           JUNCTION     0.00     0.00     6.62     0  00:00        0.00
  YS02001759           JUNCTION     0.00     0.01     6.37     0  00:09        0.01
  YS02001887           JUNCTION     0.03     0.04     6.57     0  00:09        0.04
  YS02001890           JUNCTION     0.01     0.03     6.54     0  00:09        0.03
  YS02001898           JUNCTION     0.00     0.00     6.74     0  00:00        0.00
  YS02001901           JUNCTION     0.00     0.00     6.61     0  00:00        0.00
  YS02001904           JUNCTION     0.00     0.00     6.63     0  00:00        0.00
  YS02001907           JUNCTION     0.00     0.01     6.30     0  00:09        0.00
  YS02001910           JUNCTION     0.01     0.02     6.53     0  00:09        0.02
  YS02001915           JUNCTION     0.01     0.02     6.74     0  00:09        0.02
  YS02001918           JUNCTION     0.01     0.03     7.09     0  00:09        0.03
  YS02001619           JUNCTION     0.00     0.00     6.93     0  00:00        0.00
  YS02001629           JUNCTION     0.00     0.00     6.55     0  00:00        0.00
  YS02001641           JUNCTION     0.00     0.00     6.44     0  00:09        0.00
  YS02001644           JUNCTION     0.01     0.01     6.44     0  00:09        0.01
  YS02001652           JUNCTION     0.01     0.01     6.60     0  00:04        0.01
  YS02001655           JUNCTION     0.01     0.01     6.86     0  00:09        0.01
  YS02001920           JUNCTION     0.07     0.10     7.10     0  00:09        0.09
  YS02001923           JUNCTION     0.00     0.00     7.26     0  00:09        0.00
  YS02001926           JUNCTION     0.01     0.01     7.46     0  00:09        0.01
  YS02001929           JUNCTION     0.00     0.00     7.69     0  00:00        0.00
  YS02001658           JUNCTION     0.00     0.00     7.14     0  00:00        0.00
  YS02001661           JUNCTION     0.00     0.00     7.40     0  00:00        0.00
  YS02001664           JUNCTION     0.00     0.00     7.92     0  00:00        0.00
  YS02001622           JUNCTION     0.00     0.00     6.90     0  00:00        0.00
  YS02001633           JUNCTION     0.02     0.03     6.48     0  00:09        0.03
  YS02001649           JUNCTION     0.00     0.01     6.40     0  00:09        0.01
  YS02001757           JUNCTION     0.01     0.02     6.28     0  00:09        0.02
  YS02001895           JUNCTION     0.00     0.00     6.75     0  00:00        0.00
  YS02001625           JUNCTION     0.00     0.00     6.60     0  00:00        0.00
  YS02163301           JUNCTION     0.00     0.00     6.52     0  00:00        0.00
  YS02163601           JUNCTION     0.01     0.02     6.42     0  00:09        0.02
  YS02164001           JUNCTION     0.00     0.00     6.46     0  00:00        0.00
  YS02001647           JUNCTION     0.00     0.00     6.61     0  00:00        0.00
  YSB1154              JUNCTION     0.00     0.00     9.06     0  00:00        0.00
  YSB6556              JUNCTION     0.00     0.00     9.17     0  00:00        0.00
  YSB1174              JUNCTION     0.00     0.00     9.11     0  00:00        0.00
  YSB1171              JUNCTION     0.00     0.00     8.90     0  00:00        0.00
  YS02006553           JUNCTION     0.00     0.02     6.30     0  00:09        0.01
  YS02006561           JUNCTION     0.00     0.00     6.66     0  00:00        0.00
  YS02006556           JUNCTION     0.03     0.06     6.37     0  00:09        0.05
  YS02006558           JUNCTION     0.07     0.10     6.37     0  00:09        0.10
  YS02001783           JUNCTION     0.00     0.00     6.14     0  00:00        0.00
  YS02001784           JUNCTION     0.03     0.03     6.10     0  00:05        0.03
  YS02001786           JUNCTION     0.02     0.03     6.06     0  00:09        0.03
  YS02001788           JUNCTION     0.01     0.02     5.99     0  00:09        0.02
  YS02001790           JUNCTION     0.01     0.02     5.67     0  00:09        0.02
  YS02001791           JUNCTION     0.01     0.01     5.48     0  00:09        0.01
  YS02001793           JUNCTION     0.00     0.01     4.84     0  00:09        0.00
  WSC                  OUTFALL      0.01     0.03     0.70     0  00:09        0.02
  JK-storage           STORAGE      3.00     3.00     3.80     0  00:09        3.00
  CC-storage           STORAGE      0.00     0.00     7.00     0  00:00        0.00
  XR-storage           STORAGE      5.26     5.53     3.53     0  00:09        5.47
  
  
  *******************
  Node Inflow Summary
  *******************
  
  -------------------------------------------------------------------------------------------------
                                  Maximum  Maximum                  Lateral       Total        Flow
                                  Lateral    Total  Time of Max      Inflow      Inflow     Balance
                                   Inflow   Inflow   Occurrence      Volume      Volume       Error
  Node                 Type           LPS      LPS  days hr:min    10^6 ltr    10^6 ltr     Percent
  -------------------------------------------------------------------------------------------------
  WS02001211           JUNCTION      7.35    90.57     0  00:09      0.0044      0.0389     109.534
  WS02001212           JUNCTION      0.00    71.34     0  00:09           0      0.0186      83.947
  WS02001213           JUNCTION      0.00    60.21     0  00:09           0      0.0101      90.006
  WS02003069           JUNCTION      0.32     9.26     0  00:04    0.000192     0.00473      44.888
  WS02003072           JUNCTION      0.00     9.08     0  00:07           0     0.00326     316.119
  WS02003073           JUNCTION      1.82     7.24     0  00:09     0.00109     0.00187     125.346
  WS02003060           JUNCTION     16.53    16.53     0  00:00      0.0099      0.0099      14.103
  WS02003066           JUNCTION      0.00     0.00     0  00:00           0           0       0.000 ltr
  WS02003059           JUNCTION      0.00    51.87     0  00:09           0     0.00946    9438.526 ltr
  WS02003067           JUNCTION      0.00     0.00     0  00:00           0           0       0.000 ltr
  WS02004401           JUNCTION      0.00     0.00     0  00:00           0           0       0.000 ltr
  WS02004402           JUNCTION      0.00     0.00     0  00:00           0           0       0.000 ltr
  WS02004403           JUNCTION      0.00     0.00     0  00:00           0           0       0.000 ltr
  WS02004404           JUNCTION      0.16     0.16     0  00:00     9.7e-05     9.7e-05      76.142
  WS02004406           JUNCTION      0.00     0.12     0  00:09           0    3.15e-05      31.490 ltr
  WS02004409           JUNCTION      0.00     0.00     0  00:00           0           0       0.000 ltr
  WS02004410           JUNCTION      0.00     0.00     0  00:00           0           0       0.000 ltr
  WS02004411           JUNCTION      0.00     0.00     0  00:00           0           0       0.000 ltr
  WS02004412           JUNCTION      0.00     0.00     0  00:00           0           0       0.000 ltr
  WS02004413           JUNCTION      0.00     0.00     0  00:00           0           0       0.000 ltr
  WS02004405           JUNCTION      0.04     0.18     0  00:09    2.28e-05    7.79e-05     147.317
  WS02006109           JUNCTION      1.23    10.25     0  00:09    0.000736     0.00349     333.028
  WS02006110           JUNCTION      0.00     5.96     0  00:09           0    0.000807     806.590 ltr
  WS02006111           JUNCTION      0.00     0.00     0  00:00           0           0       0.000 ltr
  WS02006112           JUNCTION      0.00     0.00     0  00:00           0           0       0.000 ltr
  WS02006113           JUNCTION      0.00     0.00     0  00:00           0           0       0.000 ltr
  WS02006115           JUNCTION      0.00     0.00     0  00:00           0           0       0.000 ltr
  WS02006116           JUNCTION      0.00     0.00     0  00:00           0           0       0.000 ltr
  WS02006230           JUNCTION     10.28    10.28     0  00:00     0.00615     0.00615      36.407
  WS02006231           JUNCTION      0.00     0.00     0  00:00           0           0       0.000 ltr
  WS02006232           JUNCTION      0.00     0.00     0  00:00           0           0       0.000 ltr
  WS02006234           JUNCTION      0.00     0.00     0  00:00           0           0       0.000 ltr
  WS02006235           JUNCTION      0.00     0.00     0  00:00           0           0       0.000 ltr
  WS02006238           JUNCTION      0.00     0.00     0  00:00           0           0       0.000 ltr
  WS02006240           JUNCTION      0.00     0.00     0  00:00           0           0       0.000 ltr
  WS02006242           JUNCTION      0.00     0.00     0  00:00           0           0       0.000 ltr
  WS02006243           JUNCTION      0.00     0.00     0  00:00           0           0       0.000 ltr
  WS02006245           JUNCTION      0.00     0.00     0  00:00           0           0       0.000 ltr
  WS02006247           JUNCTION      0.00     0.00     0  00:00           0           0       0.000 ltr
  WS02006248           JUNCTION      0.00     0.00     0  00:09           0    8.36e-08       0.084 ltr
  WS02006249           JUNCTION      0.00     0.09     0  00:08           0    3.21e-05      32.016 ltr
  WS02006239           JUNCTION      0.00     0.00     0  00:00           0           0       0.000 ltr
  WS02006251           JUNCTION      0.08     0.08     0  00:00    4.61e-05    4.61e-05      43.626
  WS02006252           JUNCTION      0.00     0.00     0  00:00           0           0       0.000 ltr
  WS02006253           JUNCTION      0.00     0.00     0  00:00           0           0       0.000 ltr
  WS02006256           JUNCTION      0.00     0.00     0  00:00           0           0       0.000 ltr
  WS02004138           JUNCTION      0.00    95.00     0  00:00           0      0.0566       4.518
  WS02004139           JUNCTION      0.32    95.62     0  00:01    0.000192      0.0544      57.656
  WS02004407           JUNCTION      0.00     0.00     0  00:00           0           0       0.000 ltr
  WS02006228           JUNCTION      0.00    10.20     0  00:08           0     0.00382      38.672
  WS02006229           JUNCTION      0.00    10.24     0  00:09           0     0.00451      18.044
  WS02006280           JUNCTION      0.00     0.00     0  00:00           0           0       0.000 ltr
  WS02006284           JUNCTION      0.10     0.10     0  00:00    5.73e-05    5.73e-05      57.261 ltr
  WS02006287           JUNCTION      0.00     0.00     0  00:00           0           0       0.000 ltr
  WSF200               JUNCTION      0.00     0.00     0  00:00           0           0       0.000 ltr
  HS02004901           JUNCTION      0.00     0.00     0  00:00           0           0       0.000 ltr
  HS02004881           JUNCTION      0.00     0.00     0  00:09           0    8.25e-10       0.001 ltr
  HS02004876           JUNCTION      0.00     0.01     0  00:02           0    8.21e-07       0.820 ltr
  HS02004870           JUNCTION      0.00     0.08     0  00:09           0    1.78e-05      16.974 ltr
  HS02004862           JUNCTION      0.20     0.20     0  00:00     0.00012     0.00012     101.955 ltr
  HS02004856           JUNCTION      0.00     0.00     0  00:00           0           0       0.000 ltr
  HS02004852           JUNCTION      0.00     0.00     0  00:00           0           0       0.000 ltr
  HS02004848           JUNCTION      0.00     0.00     0  00:00           0           0       0.000 ltr
  HS02004842           JUNCTION      0.00     4.49     0  00:03           0     0.00218    2181.679 ltr
  HS02004837           JUNCTION      6.35     6.35     0  00:00      0.0038      0.0038      12.358
  HS02004830           JUNCTION      0.15     2.63     0  00:05    8.98e-05     0.00129     133.977
  HS02004824           JUNCTION      0.05     2.31     0  00:09    2.99e-05    0.000582      76.923
  HS02004817           JUNCTION      0.60     2.55     0  00:09    0.000359    0.000688     688.286 ltr
  HS02004807           JUNCTION      0.00     0.00     0  00:00           0           0       0.000 ltr
  HS02004802           JUNCTION      0.00     0.00     0  00:00           0           0       0.000 ltr
  HS02004799           JUNCTION      0.00     1.74     0  00:09           0    0.000449     448.609 ltr
  HS02004792           JUNCTION      0.28     1.88     0  00:09    0.000168    0.000799      78.160
  HS02004788           JUNCTION      1.67     1.67     0  00:01       0.001       0.001      50.885
  HS02004785           JUNCTION      0.15     0.23     0  00:09    8.98e-05    0.000121     107.547 ltr
  HS02004777           JUNCTION      0.03     0.10     0  00:09     1.8e-05    3.13e-05      31.330 ltr
  HS02004770           JUNCTION      0.00     0.00     0  00:00           0           0       0.000 ltr
  HS02004480           JUNCTION      0.00     0.00     0  00:00           0           0       0.000 ltr
  HS02004479           JUNCTION      0.00     0.00     0  00:00           0           0       0.000 ltr
  HS02004478           JUNCTION      0.00     0.00     0  00:00           0           0       0.000 ltr
  YS02001745           JUNCTION      0.00     0.00     0  00:00    2.63e-06    2.63e-06       0.426 ltr
  YS02001748           JUNCTION      0.04     0.05     0  00:09    2.69e-05    2.92e-05       3.053 ltr
  YS02001751           JUNCTION      0.01     0.06     0  00:09    6.59e-06    3.27e-05       6.052 ltr
  YS02001754           JUNCTION      0.26     0.32     0  00:09    0.000156    0.000182       6.088
  YS02001762           JUNCTION      0.00     0.49     0  00:09           0    0.000106     138.222
  YS02001765           JUNCTION      0.00     0.53     0  00:09           0    0.000179      68.595
  YS02001767           JUNCTION      0.54     0.62     0  00:09     0.00032    0.000336      85.599
  YS02001770           JUNCTION      0.15     0.17     0  00:05    9.16e-05    9.37e-05      78.150 ltr
  YS02001774           JUNCTION      0.00     0.01     0  00:03           0    2.57e-06       2.572 ltr
  YS02001779           JUNCTION      0.01     0.01     0  00:00    2.99e-06    2.99e-06       0.422 ltr
  YS02001882           JUNCTION      0.00     0.00     0  00:00           0           0       0.000 ltr
  YS02001884           JUNCTION      0.00     0.00     0  00:00           0           0       0.000 ltr
  YS02001759           JUNCTION      0.04     0.31     0  00:09     2.4e-05    6.85e-05      53.933
  YS02001887           JUNCTION      0.45     0.45     0  00:00    0.000269    0.000269     201.137
  YS02001890           JUNCTION      0.00     0.31     0  00:09           0    8.95e-05      89.473 ltr
  YS02001898           JUNCTION      0.00     0.00     0  00:00           0           0       0.000 ltr
  YS02001901           JUNCTION      0.00     0.00     0  00:00           0           0       0.000 ltr
  YS02001904           JUNCTION      0.00     0.00     0  00:00           0           0       0.000 ltr
  YS02001907           JUNCTION      0.00     1.03     0  00:09           0    0.000105     105.406 ltr
  YS02001910           JUNCTION      0.00     1.96     0  00:09           0    0.000269     155.467
  YS02001915           JUNCTION      0.02     2.41     0  00:09    1.19e-05    0.000479      77.798
  YS02001918           JUNCTION      0.00     2.64     0  00:09           0    0.000756      61.932
  YS02001619           JUNCTION      0.00     0.00     0  00:00           0           0       0.000 ltr
  YS02001629           JUNCTION      0.00     0.00     0  00:00           0           0       0.000 ltr
  YS02001641           JUNCTION      0.00     0.01     0  00:09           0    3.36e-06       3.357 ltr
  YS02001644           JUNCTION      0.04     0.04     0  00:00    2.34e-05    2.34e-05      19.995 ltr
  YS02001652           JUNCTION      0.00     0.15     0  00:09           0    7.59e-05       9.736
  YS02001655           JUNCTION      0.15     0.15     0  00:00    9.21e-05    9.21e-05      21.394
  YS02001920           JUNCTION      2.87     2.91     0  00:09     0.00172     0.00174     129.793
  YS02001923           JUNCTION      0.04     0.04     0  00:00    2.26e-05    2.26e-05       3.565 ltr
  YS02001926           JUNCTION      0.05     0.05     0  00:00    3.13e-05    3.13e-05      31.288 ltr
  YS02001929           JUNCTION      0.00     0.00     0  00:00           0           0       0.000 ltr
  YS02001658           JUNCTION      0.00     0.00     0  00:00           0           0       0.000 ltr
  YS02001661           JUNCTION      0.00     0.00     0  00:00           0           0       0.000 ltr
  YS02001664           JUNCTION      0.00     0.00     0  00:00           0           0       0.000 ltr
  YS02001622           JUNCTION      0.00     0.00     0  00:00           0           0       0.000 ltr
  YS02001633           JUNCTION      0.20     0.20     0  00:00     0.00012     0.00012      94.432 ltr
  YS02001649           JUNCTION      0.00     0.15     0  00:09           0    6.92e-05      35.778
  YS02001757           JUNCTION      0.00     0.67     0  00:09           0    0.000267     267.281 ltr
  YS02001895           JUNCTION      0.00     0.00     0  00:00           0           0       0.000 ltr
  YS02001625           JUNCTION      0.00     0.00     0  00:00           0           0       0.000 ltr
  YS02163301           JUNCTION      0.00     0.00     0  00:00           0           0       0.000 ltr
  YS02163601           JUNCTION      0.11     0.23     0  00:09    6.59e-05    9.12e-05      91.180 ltr
  YS02164001           JUNCTION      0.00     0.00     0  00:00           0           0       0.000 ltr
  YS02001647           JUNCTION      0.00     0.00     0  00:00           0           0       0.000 ltr
  YSB1154              JUNCTION      0.00     0.00     0  00:00           0           0       0.000 ltr
  YSB6556              JUNCTION      0.00     0.00     0  00:00           0           0       0.000 ltr
  YSB1174              JUNCTION      0.00     0.00     0  00:00           0           0       0.000 ltr
  YSB1171              JUNCTION      0.00     0.00     0  00:00           0           0       0.000 ltr
  YS02006553           JUNCTION      0.00     0.54     0  00:09           0    4.51e-05      45.128 ltr
  YS02006561           JUNCTION      0.00     0.00     0  00:00           0           0       0.000 ltr
  YS02006556           JUNCTION      0.00     0.76     0  00:09           0    0.000236     424.046
  YS02006558           JUNCTION      0.88     0.88     0  00:00    0.000527    0.000527     122.801
  YS02001783           JUNCTION      0.00     0.00     0  00:00           0           0       0.000 ltr
  YS02001784           JUNCTION      1.06     1.06     0  00:00    0.000635    0.000635      29.987
  YS02001786           JUNCTION      0.06     1.30     0  00:07    3.37e-05    0.000522      90.849
  YS02001788           JUNCTION      0.07     1.22     0  00:09    4.25e-05    0.000316      39.760
  YS02001790           JUNCTION      0.15     1.28     0  00:09    9.28e-05    0.000319      49.795
  YS02001791           JUNCTION      0.00     1.03     0  00:09           0    0.000213      26.464
  YS02001793           JUNCTION      0.00     0.87     0  00:09           0    0.000168      27.720
  WSC                  OUTFALL       0.00     4.05     0  00:09           0    0.000832       0.000
  JK-storage           STORAGE       0.00     0.74     0  00:09           0       0.151       0.013
  CC-storage           STORAGE       0.00     0.00     0  00:00           0           0       0.000 ltr
  XR-storage           STORAGE     200.00   200.00     0  00:00        0.12        0.72       0.001
  
  
  **********************
  Node Surcharge Summary
  **********************
  
  No nodes were surcharged.
  
  
  *********************
  Node Flooding Summary
  *********************
  
  No nodes were flooded.
  
  
  **********************
  Storage Volume Summary
  **********************
  
  --------------------------------------------------------------------------------------------------
                         Average     Avg  Evap Exfil       Maximum     Max    Time of Max    Maximum
                          Volume    Pcnt  Pcnt  Pcnt        Volume    Pcnt     Occurrence    Outflow
  Storage Unit           1000 m3    Full  Loss  Loss       1000 m3    Full    days hr:min        LPS
  --------------------------------------------------------------------------------------------------
  JK-storage               0.151      52     0     0         0.151      52       0  00:09       0.00
  CC-storage               0.000       0     0     0         0.000       0       0  00:00       0.00
  XR-storage               0.632      68     0     0         0.663      72       0  00:09      95.00
  
  
  ***********************
  Outfall Loading Summary
  ***********************
  
  ---------------------------------------------------------------------------------------------------------------------------------
                         Flow       Avg       Max       Total         Total         Total         Total         Total         Total
                         Freq      Flow      Flow      Volume           COD            SS            TN            TP         NH4-N
  Outfall Node           Pcnt       LPS       LPS    10^6 ltr            kg            kg            kg            kg            kg
  ---------------------------------------------------------------------------------------------------------------------------------
  WSC                   99.17      1.41      4.05       0.001         0.210         0.336         0.020         0.003         0.013
  ---------------------------------------------------------------------------------------------------------------------------------
  System                99.17      1.41      4.05       0.001         0.210         0.336         0.020         0.003         0.013
  
  
  ********************
  Link Flow Summary
  ********************
  
  -----------------------------------------------------------------------------
                                 Maximum  Time of Max   Maximum    Max/    Max/
                                  |Flow|   Occurrence   |Veloc|    Full    Full
  Link                 Type          LPS  days hr:min     m/sec    Flow   Depth
  -----------------------------------------------------------------------------
  WS02003066WSF200     CONDUIT      0.00     0  00:00      0.00    0.00    0.00
  WS02006287WS02006284 CONDUIT      0.00     0  00:00      0.00    0.00    0.00
  WS02006284WS02006280 CONDUIT      0.00     0  00:00      0.00    0.00    0.00
  WS02006280WS02006229 CONDUIT      0.00     0  00:00      0.00    0.00    0.00
  WS02006229WS02006228 CONDUIT     10.20     0  00:08      0.40    0.03    0.11
  WS02006256WS02006235 CONDUIT      0.00     0  00:00      0.00    0.00    0.00
  WS02006253WS02006251 CONDUIT      0.00     0  00:00      0.00    0.00    0.00
  WS02006252WS02006251 CONDUIT      0.00     0  00:00      0.00    0.00    0.00
  WS02006251WS02006249 CONDUIT      0.09     0  00:08      0.10    0.00    0.01
  WS02006249WS02006248 CONDUIT      0.00     0  00:09      0.01    0.00    0.01
  WS02006248WS02006247 CONDUIT      0.00     0  00:00      0.00    0.00    0.00
  WS02006247WS02006245 CONDUIT      0.00     0  00:00      0.00    0.00    0.00
  WS02006245WS02006243 CONDUIT      0.00     0  00:00      0.00    0.00    0.00
  WS02006243WS02006242 CONDUIT      0.00     0  00:00      0.00    0.00    0.00
  WS02006242WS02006240 CONDUIT      0.00     0  00:00      0.00    0.00    0.00
  WS02006240WS02006239 CONDUIT      0.00     0  00:00      0.00    0.00    0.00
  WS02006239WS02006238 CONDUIT      0.00     0  00:00      0.00    0.00    0.00
  WS02006238WS02006235 CONDUIT      0.00     0  00:00      0.00    0.00    0.00
  WS02006235WS02006234 CONDUIT      0.00     0  00:00      0.00    0.00    0.00
  WS02006234WS02006232 CONDUIT      0.00     0  00:00      0.00    0.00    0.00
  WS02006232WS02006231 CONDUIT      0.00     0  00:00      0.00    0.00    0.00
  WS02006231WS02006230 CONDUIT      0.00     0  00:00      0.00    0.00    0.00
  WS02006230WS02006229 CONDUIT     10.24     0  00:09      0.36    0.23    0.13
  WS02006228WS02006109 CONDUIT      9.02     0  00:09      0.28    0.04    0.15
  WS02006116WS02004401 CONDUIT      0.00     0  00:00      0.00    0.00    0.00
  WS02006115WS02006116 CONDUIT      0.00     0  00:00      0.00    0.00    0.00
  WS02006113WS02006111 CONDUIT      0.00     0  00:00      0.00    0.00    0.00
  WS02006112WS02006115 CONDUIT      0.00     0  00:00      0.00    0.00    0.00
  WS02006111WS02006112 CONDUIT      0.00     0  00:00      0.00    0.00    0.00
  WS02006110WS02006113 CONDUIT      0.00     0  00:00      0.00    0.00    0.07
  WS02006109WS02006110 CONDUIT      5.96     0  00:09      0.19    0.01    0.11
  WS02004411WS02004412 CONDUIT      0.00     0  00:00      0.00    0.00    0.00
  WS02004401WS02004402 CONDUIT      0.00     0  00:00      0.00    0.00    0.00
  WS02004413WS02003067 CONDUIT      0.00     0  00:00      0.00    0.00    0.00
  WS02004412WS02004413 CONDUIT      0.00     0  00:00      0.00    0.00    0.00
  WS02004410WS02004411 CONDUIT      0.00     0  00:00      0.00    0.00    0.00
  WS02004409WS02004410 CONDUIT      0.00     0  00:00      0.00    0.00    0.00
  WS02004407WS02004409 CONDUIT      0.00     0  00:00      0.00    0.00    0.00
  WS02004406WS02004407 CONDUIT      0.00     0  00:00      0.00    0.00    0.00
  WS02004405WS02004406 CONDUIT      0.12     0  00:09      0.07    0.00    0.01
  WS02004404WS02004405 CONDUIT      0.14     0  00:09      0.06    0.00    0.02
  WS02004403WS02004404 CONDUIT      0.00     0  00:00      0.00    0.00    0.01
  WS02004402WS02004403 CONDUIT      0.00     0  00:00      0.00    0.00    0.00
  WS02004139WS02001211 CONDUIT     83.23     0  00:09      0.53    0.11    0.32
  WS02004138WS02004139 CONDUIT     95.29     0  00:01      2.39    0.02    0.22
  WS02003067WS02003066 CONDUIT      0.00     0  00:00      0.00    0.00    0.00
  WS02001213WS02003059 CONDUIT     44.09     0  00:09      0.39    0.07    0.21
  WS02001212WS02001213 CONDUIT     60.21     0  00:09      0.66    0.09    0.17
  WS02001211WS02001212 CONDUIT     71.34     0  00:09      0.35    0.05    0.34
  WS02003072WS02003073 CONDUIT      5.42     0  00:09      0.28    0.01    0.05
  WS02003069WS02003072 CONDUIT      9.08     0  00:07      0.51    0.00    0.06
  WS02003060WS02003069 CONDUIT      8.94     0  00:04      0.64    0.00    0.05
  WS02003059WS02003060 CONDUIT      8.14     0  00:03      0.56    0.01    0.15
  HS02004901HS02004770 CONDUIT      0.00     0  00:00      0.00    0.00    0.00
  HS02004876HS02004881 CONDUIT      0.00     0  00:09      0.00    0.00    0.00
  HS02004870HS02004876 CONDUIT      0.01     0  00:02      0.00    0.00    0.00
  HS02004842HS02004848 CONDUIT      0.00     0  00:00      0.00    0.00    0.04
  HS02004837HS02004842 CONDUIT      4.49     0  00:03      0.42    0.00    0.05
  HS02004830HS02004837 CONDUIT      2.48     0  00:05      0.28    0.00    0.02
  HS02004824HS02004830 CONDUIT      2.26     0  00:09      0.18    0.00    0.02
  HS02004817HS02004824 CONDUIT      1.95     0  00:09      0.17    0.00    0.02
  HS02004770HS02004777 CONDUIT      0.00     0  00:00      0.00    0.00    0.00
  HS02004799HS02004480 CONDUIT      0.00     0  00:00      0.00    0.00    0.01
  HS02004792HS02004799 CONDUIT      1.74     0  00:09      0.23    0.00    0.02
  HS02004788HS02004792 CONDUIT      1.60     0  00:09      0.23    0.00    0.01
  HS02004785HS02004788 CONDUIT      0.08     0  00:09      0.02    0.00    0.01
  HS02004777HS02004785 CONDUIT      0.07     0  00:09      0.00    0.00    0.00
  HS02004480HS02004478 CONDUIT      0.00     0  00:00      0.00    0.00    0.00
  HS02004479HS02004480 CONDUIT      0.00     0  00:00      0.00    0.00    0.00
  HS02004862HS02004870 CONDUIT      0.08     0  00:09      0.00    0.00    0.00
  HS02004848HS02004852 CONDUIT      0.00     0  00:00      0.00    0.00    0.00
  HS02004856HS02004862 CONDUIT      0.00     0  00:00      0.00    0.00    0.00
  HS02004852HS02004856 CONDUIT      0.00     0  00:00      0.00    0.00    0.00
  HS02004802HS02004478 CONDUIT      0.00     0  00:00      0.00    0.00    0.00
  HS02004478WS02006287 CONDUIT      0.00     0  00:00      0.00    0.00    0.00
  HS02004817HS02004807 CONDUIT      0.00     0  00:00      0.00    0.00    0.01
  HS02004807HS02004802 CONDUIT      0.00     0  00:00      0.00    0.00    0.00
  YS02001759YS02001757 CONDUIT      0.20     0  00:09      0.09    0.00    0.01
  YS02001762YS02001759 CONDUIT      0.27     0  00:09      0.13    0.00    0.01
  YS02001765YS02001762 CONDUIT      0.49     0  00:09      0.17    0.00    0.02
  YS02001770YS02001767 CONDUIT      0.09     0  00:09      0.02    0.00    0.02
  YS02001774YS02001770 CONDUIT      0.00     0  00:00      0.00    0.00    0.00
  YS02001779YS02001774 CONDUIT      0.01     0  00:03      0.00    0.00    0.00
  YS02001649YS02001757 CONDUIT      0.15     0  00:09      0.09    0.00    0.01
  YS02001767YS02001765 CONDUIT      0.53     0  00:09      0.15    0.00    0.02
  YS02006561YS02001783 CONDUIT      0.00     0  00:00      0.00    0.00    0.00
  YS02001783YS02001784 CONDUIT      0.00     0  00:00      0.00    0.00    0.02
  YS02001784YS02001785 CONDUIT      1.24     0  00:07      0.19    0.00    0.04
  YS02001788YS02001790 CONDUIT      1.12     0  00:09      0.34    0.00    0.02
  YS02001790YS02001791 CONDUIT      1.03     0  00:09      0.37    0.00    0.02
  YS02001791YS02001793 CONDUIT      0.87     0  00:09      0.77    0.00    0.01
  YS02001910YS02001907 CONDUIT      1.03     0  00:09      0.44    0.00    0.01
  YS02001786YS02001788 CONDUIT      1.15     0  00:09      0.23    0.00    0.03
  YS02001915YS02001910 CONDUIT      1.96     0  00:09      0.43    0.00    0.02
  YS02001918YS02001915 CONDUIT      2.39     0  00:09      0.43    0.00    0.03
  YS02001923YS02001920 CONDUIT      0.04     0  00:09      0.01    0.00    0.05
  YS02001926YS02001923 CONDUIT      0.00     0  00:00      0.00    0.00    0.01
  YS02001929YS02001926 CONDUIT      0.00     0  00:00      0.00    0.00    0.01
  YS02001920YS02001918 CONDUIT      2.64     0  00:09      0.13    0.00    0.06
  YS02001629YS02163301 CONDUIT      0.00     0  00:00      0.00    0.00    0.00
  YS02001619YS02001622 CONDUIT      0.00     0  00:00      0.00    0.00    0.00
  YS02001622YS02001625 CONDUIT      0.00     0  00:00      0.00    0.00    0.00
  YS02001625YS02001629 CONDUIT      0.00     0  00:00      0.00    0.00    0.00
  YS02163301YS02001633 CONDUIT      0.00     0  00:00      0.00    0.00    0.01
  YS02163601YS02164001 CONDUIT      0.00     0  00:00      0.00    0.00    0.01
  YS02164001YS02001641 CONDUIT      0.00     0  00:00      0.00    0.00    0.00
  YS02001641YS02001644 CONDUIT      0.01     0  00:09      0.02    0.00    0.01
  YS02001647YS02001649 CONDUIT      0.00     0  00:00      0.00    0.00    0.00
  YS02006553YS02006556 CONDUIT      0.54     0  00:09      0.18    0.00    0.02
  YS02006556YS02006558 CONDUIT      0.76     0  00:09      0.07    0.00    0.08
  YSB6556YSB1171       CONDUIT      0.00     0  00:00      0.00    0.00    0.00
  YS02001907YS02006553 CONDUIT      0.00     0  00:00      0.00    0.00    0.00
  YS02006558YS02006561 CONDUIT      0.00     0  00:00      0.00    0.00    0.00
  YS02001633YS02163601 CONDUIT      0.12     0  00:09      0.06    0.00    0.01
  YS02001644YS02001647 CONDUIT      0.00     0  00:00      0.00    0.00    0.00
  YS02001745YS02001748 CONDUIT      0.00     0  00:09      0.00    0.00    0.00
  YS02001748YS02001751 CONDUIT      0.05     0  00:09      0.13    0.00    0.00
  YS02001751YS02001754 CONDUIT      0.06     0  00:09      0.00    0.00    0.00
  YS02001754YS02001757 CONDUIT      0.32     0  00:09      0.33    0.00    0.01
  YS02001882YS02001884 CONDUIT      0.00     0  00:00      0.00    0.00    0.00
  YS02001884YS02001887 CONDUIT      0.00     0  00:00      0.00    0.00    0.00
  YS02001890YS02001895 CONDUIT      0.00     0  00:00      0.00    0.00    0.02
  YS02001895YS02001898 CONDUIT      0.00     0  00:00      0.00    0.00    0.00
  YS02001898YS02001901 CONDUIT      0.00     0  00:00      0.00    0.00    0.00
  YS02001901YS02001904 CONDUIT      0.00     0  00:00      0.00    0.00    0.00
  YS02001904YS02001907 CONDUIT      0.00     0  00:00      0.00    0.00    0.00
  YS02001887YS02001890 CONDUIT      0.31     0  00:09      0.09    0.00    0.02
  YS02001652YS02001649 CONDUIT      0.15     0  00:09      0.21    0.00    0.01
  YS02001655YS02001652 CONDUIT      0.15     0  00:09      0.30    0.00    0.00
  YS02001658YS02001655 CONDUIT      0.00     0  00:00      0.00    0.00    0.00
  YS02001661YS02001658 CONDUIT      0.00     0  00:00      0.00    0.00    0.00
  YS02001664YS02001661 CONDUIT      0.00     0  00:00      0.00    0.00    0.00
  YSB1154YSB6556       CONDUIT      0.00     0  00:00      0.00    0.00    0.00
  YSB1174YSB1171       CONDUIT      0.00     0  00:00      0.00    0.00    0.00
  YSB1171HS02004479    CONDUIT      0.00     0  00:00      0.00    0.00    0.00
  HS02004881HS02006253 CONDUIT      0.00     0  00:00      0.00    0.00    0.00
  YS02001793JiankangQianchi CONDUIT      0.74     0  00:09      0.00    0.00    0.50
  YS02001757CaochengTiaoxuchi CONDUIT      0.00     0  00:00      0.00    0.00    0.01
  WSF200WS02003060     CONDUIT      0.00     0  00:00      0.00    0.00    0.02
  1                    CONDUIT      4.05     0  00:09      0.64    0.00    0.03
  CC-Pump-1            PUMP         0.00     0  00:00              0.00
  CC-Pump-2            PUMP         0.00     0  00:00              0.00
  JK-Pump-1            PUMP         0.00     0  00:00              0.00
  JK-Pump-2            PUMP         0.00     0  00:00              0.00
  XR-Pump-1            PUMP        95.00     0  00:00              1.00
  XR-Pump-2            PUMP         0.00     0  00:00              0.00
  XR-Pump-3            PUMP         0.00     0  00:00              0.00
  XR-Pump-4            PUMP         0.00     0  00:00              0.00
  
  
  ***************************
  Flow Classification Summary
  ***************************
  
  -------------------------------------------------------------------------------------
                      Adjusted    ---------- Fraction of Time in Flow Class ---------- 
                       /Actual         Up    Down  Sub   Sup   Up    Down  Norm  Inlet 
  Conduit               Length    Dry  Dry   Dry   Crit  Crit  Crit  Crit  Ltd   Ctrl  
  -------------------------------------------------------------------------------------
  WS02003066WSF200        1.00   1.00  0.00  0.00  0.00  0.00  0.00  0.00  0.00  0.00
  WS02006287WS02006284    1.00   1.00  0.00  0.00  0.00  0.00  0.00  0.00  0.00  0.00
  WS02006284WS02006280    1.00   1.00  0.00  0.00  0.00  0.00  0.00  0.00  0.00  0.00
  WS02006280WS02006229    1.00   1.00  0.00  0.00  0.00  0.00  0.00  0.00  0.00  0.00
  WS02006229WS02006228    1.00   0.02  0.00  0.00  0.52  0.00  0.00  0.46  0.00  0.00
  WS02006256WS02006235    1.00   1.00  0.00  0.00  0.00  0.00  0.00  0.00  0.00  0.00
  WS02006253WS02006251    1.00   1.00  0.00  0.00  0.00  0.00  0.00  0.00  0.00  0.00
  WS02006252WS02006251    1.00   1.00  0.00  0.00  0.00  0.00  0.00  0.00  0.00  0.00
  WS02006251WS02006249    1.00   0.01  0.00  0.00  0.99  0.00  0.00  0.00  0.12  0.00
  WS02006249WS02006248    1.00   0.04  0.85  0.00  0.00  0.00  0.11  0.00  0.00  0.00
  WS02006248WS02006247    1.00   0.97  0.00  0.00  0.00  0.00  0.00  0.03  0.00  0.00
  WS02006247WS02006245    1.00   1.00  0.00  0.00  0.00  0.00  0.00  0.00  0.00  0.00
  WS02006245WS02006243    1.00   1.00  0.00  0.00  0.00  0.00  0.00  0.00  0.00  0.00
  WS02006243WS02006242    1.00   1.00  0.00  0.00  0.00  0.00  0.00  0.00  0.00  0.00
  WS02006242WS02006240    1.00   1.00  0.00  0.00  0.00  0.00  0.00  0.00  0.00  0.00
  WS02006240WS02006239    1.00   1.00  0.00  0.00  0.00  0.00  0.00  0.00  0.00  0.00
  WS02006239WS02006238    1.00   1.00  0.00  0.00  0.00  0.00  0.00  0.00  0.00  0.00
  WS02006238WS02006235    1.00   1.00  0.00  0.00  0.00  0.00  0.00  0.00  0.00  0.00
  WS02006235WS02006234    1.00   1.00  0.00  0.00  0.00  0.00  0.00  0.00  0.00  0.00
  WS02006234WS02006232    1.00   1.00  0.00  0.00  0.00  0.00  0.00  0.00  0.00  0.00
  WS02006232WS02006231    1.00   1.00  0.00  0.00  0.00  0.00  0.00  0.00  0.00  0.00
  WS02006231WS02006230    1.00   1.00  0.00  0.00  0.00  0.00  0.00  0.00  0.00  0.00
  WS02006230WS02006229    1.00   0.00  0.00  0.00  0.00  0.00  0.00  1.00  0.00  0.00
  WS02006228WS02006109    1.00   0.05  0.00  0.00  0.91  0.00  0.00  0.04  0.14  0.00
  WS02006116WS02004401    1.00   1.00  0.00  0.00  0.00  0.00  0.00  0.00  0.00  0.00
  WS02006115WS02006116    1.00   1.00  0.00  0.00  0.00  0.00  0.00  0.00  0.00  0.00
  WS02006113WS02006111    1.00   1.00  0.00  0.00  0.00  0.00  0.00  0.00  0.00  0.00
  WS02006112WS02006115    1.00   1.00  0.00  0.00  0.00  0.00  0.00  0.00  0.00  0.00
  WS02006111WS02006112    1.00   1.00  0.00  0.00  0.00  0.00  0.00  0.00  0.00  0.00
  WS02006110WS02006113    1.00   0.53  0.47  0.00  0.00  0.00  0.00  0.00  0.00  0.00
  WS02006109WS02006110    1.00   0.00  0.52  0.00  0.00  0.00  0.48  0.00  0.00  0.00
  WS02004411WS02004412    1.00   1.00  0.00  0.00  0.00  0.00  0.00  0.00  0.00  0.00
  WS02004401WS02004402    1.00   1.00  0.00  0.00  0.00  0.00  0.00  0.00  0.00  0.00
  WS02004413WS02003067    1.00   1.00  0.00  0.00  0.00  0.00  0.00  0.00  0.00  0.00
  WS02004412WS02004413    1.00   1.00  0.00  0.00  0.00  0.00  0.00  0.00  0.00  0.00
  WS02004410WS02004411    1.00   1.00  0.00  0.00  0.00  0.00  0.00  0.00  0.00  0.00
  WS02004409WS02004410    1.00   1.00  0.00  0.00  0.00  0.00  0.00  0.00  0.00  0.00
  WS02004407WS02004409    1.00   1.00  0.00  0.00  0.00  0.00  0.00  0.00  0.00  0.00
  WS02004406WS02004407    1.00   0.07  0.93  0.00  0.00  0.00  0.00  0.00  0.00  0.00
  WS02004405WS02004406    1.00   0.01  0.00  0.00  0.99  0.00  0.00  0.00  0.00  0.00
  WS02004404WS02004405    1.00   0.00  0.00  0.00  1.00  0.00  0.00  0.00  0.00  0.00
  WS02004403WS02004404    1.00   0.00  1.00  0.00  0.00  0.00  0.00  0.00  0.00  0.00
  WS02004402WS02004403    1.00   1.00  0.00  0.00  0.00  0.00  0.00  0.00  0.00  0.00
  WS02004139WS02001211    1.00   0.00  0.03  0.00  0.72  0.00  0.25  0.00  0.00  0.00
  WS02004138WS02004139    1.00   0.01  0.00  0.00  0.49  0.38  0.00  0.12  0.87  0.00
  WS02003067WS02003066    1.00   1.00  0.00  0.00  0.00  0.00  0.00  0.00  0.00  0.00
  WS02001213WS02003059    1.00   0.12  0.29  0.00  0.59  0.00  0.00  0.00  0.03  0.00
  WS02001212WS02001213    1.00   0.31  0.08  0.00  0.00  0.00  0.61  0.00  0.00  0.00
  WS02001211WS02001212    1.00   0.00  0.29  0.00  0.71  0.00  0.00  0.00  0.00  0.00
  WS02003072WS02003073    1.00   0.02  0.00  0.00  0.00  0.00  0.00  0.98  0.00  0.00
  WS02003069WS02003072    1.00   0.00  0.00  0.00  0.79  0.21  0.00  0.00  0.31  0.00
  WS02003060WS02003069    1.00   0.00  0.00  0.00  0.67  0.33  0.00  0.00  0.53  0.00
  WS02003059WS02003060    1.00   0.00  0.00  0.00  0.82  0.18  0.00  0.00  0.72  0.00
  HS02004901HS02004770    1.00   1.00  0.00  0.00  0.00  0.00  0.00  0.00  0.00  0.00
  HS02004876HS02004881    1.00   0.89  0.00  0.00  0.11  0.00  0.00  0.00  0.00  0.00
  HS02004870HS02004876    1.00   0.23  0.00  0.00  0.77  0.00  0.00  0.00  0.00  0.00
  HS02004842HS02004848    1.00   0.02  0.98  0.00  0.00  0.00  0.00  0.00  0.00  0.00
  HS02004837HS02004842    1.00   0.00  0.00  0.00  0.70  0.30  0.00  0.00  0.69  0.00
  HS02004830HS02004837    1.00   0.00  0.00  0.00  0.95  0.05  0.00  0.00  0.50  0.00
  HS02004824HS02004830    1.00   0.00  0.00  0.00  1.00  0.00  0.00  0.00  0.00  0.00
  HS02004817HS02004824    1.00   0.00  0.03  0.00  0.97  0.00  0.00  0.00  0.97  0.00
  HS02004770HS02004777    1.00   0.04  0.96  0.00  0.00  0.00  0.00  0.00  0.00  0.00
  HS02004799HS02004480    1.00   0.16  0.84  0.00  0.00  0.00  0.00  0.00  0.00  0.00
  HS02004792HS02004799    1.00   0.00  0.00  0.00  0.47  0.53  0.00  0.00  0.26  0.00
  HS02004788HS02004792    1.00   0.00  0.00  0.00  0.57  0.43  0.00  0.00  0.01  0.00
  HS02004785HS02004788    1.00   0.00  0.00  0.00  1.00  0.00  0.00  0.00  0.10  0.00
  HS02004777HS02004785    1.00   0.00  0.00  0.00  1.00  0.00  0.00  0.00  0.01  0.00
  HS02004480HS02004478    1.00   1.00  0.00  0.00  0.00  0.00  0.00  0.00  0.00  0.00
  HS02004479HS02004480    1.00   1.00  0.00  0.00  0.00  0.00  0.00  0.00  0.00  0.00
  HS02004862HS02004870    1.00   0.00  0.00  0.00  1.00  0.00  0.00  0.00  0.00  0.00
  HS02004848HS02004852    1.00   1.00  0.00  0.00  0.00  0.00  0.00  0.00  0.00  0.00
  HS02004856HS02004862    1.00   0.00  1.00  0.00  0.00  0.00  0.00  0.00  0.00  0.00
  HS02004852HS02004856    1.00   1.00  0.00  0.00  0.00  0.00  0.00  0.00  0.00  0.00
  HS02004802HS02004478    1.00   1.00  0.00  0.00  0.00  0.00  0.00  0.00  0.00  0.00
  HS02004478WS02006287    1.00   1.00  0.00  0.00  0.00  0.00  0.00  0.00  0.00  0.00
  HS02004817HS02004807    1.00   0.00  1.00  0.00  0.00  0.00  0.00  0.00  0.00  0.00
  HS02004807HS02004802    1.00   1.00  0.00  0.00  0.00  0.00  0.00  0.00  0.00  0.00
  YS02001759YS02001757    1.00   0.01  0.00  0.00  0.99  0.00  0.00  0.00  0.97  0.00
  YS02001762YS02001759    1.00   0.01  0.07  0.00  0.92  0.00  0.00  0.00  0.32  0.00
  YS02001765YS02001762    1.00   0.02  0.00  0.00  0.98  0.00  0.00  0.00  0.02  0.00
  YS02001770YS02001767    1.00   0.00  0.00  0.00  1.00  0.00  0.00  0.00  0.00  0.00
  YS02001774YS02001770    1.00   0.10  0.90  0.00  0.00  0.00  0.00  0.00  0.00  0.00
  YS02001779YS02001774    1.00   0.02  0.00  0.00  0.98  0.00  0.00  0.00  0.70  0.00
  YS02001649YS02001757    1.00   0.02  0.04  0.00  0.94  0.00  0.00  0.00  0.95  0.00
  YS02001767YS02001765    1.00   0.00  0.00  0.00  1.00  0.00  0.00  0.00  0.00  0.00
  YS02006561YS02001783    1.00   1.00  0.00  0.00  0.00  0.00  0.00  0.00  0.00  0.00
  YS02001783YS02001784    1.00   0.00  1.00  0.00  0.00  0.00  0.00  0.00  0.00  0.00
  YS02001784YS02001785    1.00   0.00  0.00  0.00  1.00  0.00  0.00  0.00  0.26  0.00
  YS02001788YS02001790    1.00   0.00  0.01  0.00  0.99  0.00  0.00  0.00  1.00  0.00
  YS02001790YS02001791    1.00   0.00  0.00  0.00  0.70  0.30  0.00  0.00  0.00  0.00
  YS02001791YS02001793    1.00   0.02  0.00  0.00  0.04  0.93  0.00  0.00  0.00  0.00
  YS02001910YS02001907    1.00   0.04  0.00  0.00  0.00  0.00  0.00  0.96  0.00  0.00
  YS02001786YS02001788    1.00   0.01  0.00  0.00  0.99  0.00  0.00  0.00  0.03  0.00
  YS02001915YS02001910    1.00   0.01  0.00  0.00  0.62  0.37  0.00  0.00  0.00  0.00
  YS02001918YS02001915    1.00   0.01  0.27  0.00  0.20  0.52  0.00  0.00  0.05  0.00
  YS02001923YS02001920    1.00   0.00  0.01  0.00  0.99  0.00  0.00  0.00  1.00  0.00
  YS02001926YS02001923    1.00   0.01  0.99  0.00  0.00  0.00  0.00  0.00  0.00  0.00
  YS02001929YS02001926    1.00   0.01  0.99  0.00  0.00  0.00  0.00  0.00  0.00  0.00
  YS02001920YS02001918    1.00   0.00  0.26  0.00  0.74  0.00  0.00  0.00  0.00  0.00
  YS02001629YS02163301    1.00   1.00  0.00  0.00  0.00  0.00  0.00  0.00  0.00  0.00
  YS02001619YS02001622    1.00   1.00  0.00  0.00  0.00  0.00  0.00  0.00  0.00  0.00
  YS02001622YS02001625    1.00   1.00  0.00  0.00  0.00  0.00  0.00  0.00  0.00  0.00
  YS02001625YS02001629    1.00   1.00  0.00  0.00  0.00  0.00  0.00  0.00  0.00  0.00
  YS02163301YS02001633    1.00   0.00  1.00  0.00  0.00  0.00  0.00  0.00  0.00  0.00
  YS02163601YS02164001    1.00   0.01  0.99  0.00  0.00  0.00  0.00  0.00  0.00  0.00
  YS02164001YS02001641    1.00   0.38  0.62  0.00  0.00  0.00  0.00  0.00  0.00  0.00
  YS02001641YS02001644    1.00   0.01  0.29  0.00  0.70  0.00  0.00  0.00  0.00  0.00
  YS02001647YS02001649    1.00   0.06  0.94  0.00  0.00  0.00  0.00  0.00  0.00  0.00
  YS02006553YS02006556    1.00   0.60  0.00  0.00  0.40  0.00  0.00  0.00  0.04  0.00
  YS02006556YS02006558    1.00   0.00  0.16  0.00  0.84  0.00  0.00  0.00  0.00  0.00
  YSB6556YSB1171          1.00   1.00  0.00  0.00  0.00  0.00  0.00  0.00  0.00  0.00
  YS02001907YS02006553    1.00   0.13  0.87  0.00  0.00  0.00  0.00  0.00  0.00  0.00
  YS02006558YS02006561    1.00   1.00  0.00  0.00  0.00  0.00  0.00  0.00  0.00  0.00
  YS02001633YS02163601    1.00   0.01  0.34  0.00  0.65  0.00  0.00  0.00  0.66  0.00
  YS02001644YS02001647    1.00   0.01  0.99  0.00  0.00  0.00  0.00  0.00  0.00  0.00
  YS02001745YS02001748    1.00   0.02  0.00  0.00  0.00  0.00  0.00  0.98  0.00  0.00
  YS02001748YS02001751    1.00   0.01  0.00  0.00  0.99  0.00  0.00  0.00  0.78  0.00
  YS02001751YS02001754    1.00   0.01  0.00  0.00  0.00  0.00  0.00  0.99  0.00  0.00
  YS02001754YS02001757    1.00   0.00  0.00  0.00  0.74  0.26  0.00  0.00  0.67  0.00
  YS02001882YS02001884    1.00   1.00  0.00  0.00  0.00  0.00  0.00  0.00  0.00  0.00
  YS02001884YS02001887    1.00   1.00  0.00  0.00  0.00  0.00  0.00  0.00  0.00  0.00
  YS02001890YS02001895    1.00   0.16  0.84  0.00  0.00  0.00  0.00  0.00  0.00  0.00
  YS02001895YS02001898    1.00   1.00  0.00  0.00  0.00  0.00  0.00  0.00  0.00  0.00
  YS02001898YS02001901    1.00   1.00  0.00  0.00  0.00  0.00  0.00  0.00  0.00  0.00
  YS02001901YS02001904    1.00   1.00  0.00  0.00  0.00  0.00  0.00  0.00  0.00  0.00
  YS02001904YS02001907    1.00   0.13  0.87  0.00  0.00  0.00  0.00  0.00  0.00  0.00
  YS02001887YS02001890    1.00   0.00  0.12  0.00  0.00  0.00  0.88  0.00  0.00  0.00
  YS02001652YS02001649    1.00   0.02  0.00  0.00  0.98  0.00  0.00  0.00  0.36  0.00
  YS02001655YS02001652    1.00   0.00  0.00  0.00  0.00  0.00  0.00  1.00  0.00  0.00
  YS02001658YS02001655    1.00   0.00  1.00  0.00  0.00  0.00  0.00  0.00  0.00  0.00
  YS02001661YS02001658    1.00   1.00  0.00  0.00  0.00  0.00  0.00  0.00  0.00  0.00
  YS02001664YS02001661    1.00   1.00  0.00  0.00  0.00  0.00  0.00  0.00  0.00  0.00
  YSB1154YSB6556          1.00   1.00  0.00  0.00  0.00  0.00  0.00  0.00  0.00  0.00
  YSB1174YSB1171          1.00   1.00  0.00  0.00  0.00  0.00  0.00  0.00  0.00  0.00
  YSB1171HS02004479       1.00   1.00  0.00  0.00  0.00  0.00  0.00  0.00  0.00  0.00
  HS02004881HS02006253    1.00   1.00  0.00  0.00  0.00  0.00  0.00  0.00  0.00  0.00
  YS02001793JiankangQianchi    1.00   0.00  0.10  0.00  0.90  0.00  0.00  0.00  0.91  0.00
  YS02001757CaochengTiaoxuchi    1.00   0.02  0.98  0.00  0.00  0.00  0.00  0.00  0.00  0.00
  WSF200WS02003060        1.00   0.00  1.00  0.00  0.00  0.00  0.00  0.00  0.00  0.00
  1                       1.00   0.00  0.00  0.00  0.02  0.98  0.00  0.00  0.00  0.00
  
  
  *************************
  Conduit Surcharge Summary
  *************************
  
  ----------------------------------------------------------------------------
                                                           Hours        Hours 
                         --------- Hours Full --------   Above Full   Capacity
  Conduit                Both Ends  Upstream  Dnstream   Normal Flow   Limited
  ----------------------------------------------------------------------------
  YS02001793JiankangQianchi        0.01      0.01      0.15      0.01         0.01
  
  
  ***************
  Pumping Summary
  ***************
  
  ---------------------------------------------------------------------------------------------------------
                                                  Min       Avg       Max     Total     Power    % Time Off
                        Percent   Number of      Flow      Flow      Flow    Volume     Usage    Pump Curve
  Pump                 Utilized   Start-Ups       LPS       LPS       LPS  10^6 ltr     Kw-hr    Low   High
  ---------------------------------------------------------------------------------------------------------
  CC-Pump-1                0.00           0      0.00      0.00      0.00     0.000      0.00    0.0    0.0
  CC-Pump-2                0.00           0      0.00      0.00      0.00     0.000      0.00    0.0    0.0
  JK-Pump-1                0.00           0      0.00      0.00      0.00     0.000      0.00    0.0    0.0
  JK-Pump-2                0.00           0      0.00      0.00      0.00     0.000      0.00    0.0    0.0
  XR-Pump-1               99.92           1      0.00     95.00     95.00     0.057      0.63    0.0    0.0
  XR-Pump-2                0.00           0      0.00      0.00      0.00     0.000      0.00    0.0    0.0
  XR-Pump-3                0.00           0      0.00      0.00      0.00     0.000      0.00    0.0    0.0
  XR-Pump-4                0.00           0      0.00      0.00      0.00     0.000      0.00    0.0    0.0
  
  
  ***************************
  Link Pollutant Load Summary
  ***************************
  
  ------------------------------------------------------------------------------------------
                                 COD            SS            TN            TP         NH4-N
  Link                            kg            kg            kg            kg            kg
  ------------------------------------------------------------------------------------------
  WS02003066WSF200             0.000         0.000         0.000         0.000         0.000
  WS02006287WS02006284         0.000         0.000         0.000         0.000         0.000
  WS02006284WS02006280         0.000         0.000         0.000         0.000         0.000
  WS02006280WS02006229         0.000         0.000         0.000         0.000         0.000
  WS02006229WS02006228         0.000         0.000         0.000         0.000         0.000
  WS02006256WS02006235         0.000         0.000         0.000         0.000         0.000
  WS02006253WS02006251         0.000         0.000         0.000         0.000         0.000
  WS02006252WS02006251         0.000         0.000         0.000         0.000         0.000
  WS02006251WS02006249         0.008         0.013         0.001         0.000         0.000
  WS02006249WS02006248         0.000         0.000         0.000         0.000         0.000
  WS02006248WS02006247         0.000         0.000         0.000         0.000         0.000
  WS02006247WS02006245         0.000         0.000         0.000         0.000         0.000
  WS02006245WS02006243         0.000         0.000         0.000         0.000         0.000
  WS02006243WS02006242         0.000         0.000         0.000         0.000         0.000
  WS02006242WS02006240         0.000         0.000         0.000         0.000         0.000
  WS02006240WS02006239         0.000         0.000         0.000         0.000         0.000
  WS02006239WS02006238         0.000         0.000         0.000         0.000         0.000
  WS02006238WS02006235         0.000         0.000         0.000         0.000         0.000
  WS02006235WS02006234         0.000         0.000         0.000         0.000         0.000
  WS02006234WS02006232         0.000         0.000         0.000         0.000         0.000
  WS02006232WS02006231         0.000         0.000         0.000         0.000         0.000
  WS02006231WS02006230         0.000         0.000         0.000         0.000         0.000
  WS02006230WS02006229         0.000         0.000         0.000         0.000         0.000
  WS02006228WS02006109         0.000         0.000         0.000         0.000         0.000
  WS02006116WS02004401         0.000         0.000         0.000         0.000         0.000
  WS02006115WS02006116         0.000         0.000         0.000         0.000         0.000
  WS02006113WS02006111         0.000         0.000         0.000         0.000         0.000
  WS02006112WS02006115         0.000         0.000         0.000         0.000         0.000
  WS02006111WS02006112         0.000         0.000         0.000         0.000         0.000
  WS02006110WS02006113         0.000         0.000         0.000         0.000         0.000
  WS02006109WS02006110         0.018         0.029         0.002         0.000         0.001
  WS02004411WS02004412         0.000         0.000         0.000         0.000         0.000
  WS02004401WS02004402         0.000         0.000         0.000         0.000         0.000
  WS02004413WS02003067         0.000         0.000         0.000         0.000         0.000
  WS02004412WS02004413         0.000         0.000         0.000         0.000         0.000
  WS02004410WS02004411         0.000         0.000         0.000         0.000         0.000
  WS02004409WS02004410         0.000         0.000         0.000         0.000         0.000
  WS02004407WS02004409         0.000         0.000         0.000         0.000         0.000
  WS02004406WS02004407         0.000         0.000         0.000         0.000         0.000
  WS02004405WS02004406         0.008         0.012         0.001         0.000         0.000
  WS02004404WS02004405         0.014         0.022         0.001         0.000         0.001
  WS02004403WS02004404         0.000         0.000         0.000         0.000         0.000
  WS02004402WS02004403         0.000         0.000         0.000         0.000         0.000
  WS02004139WS02001211         0.631         1.009         0.061         0.008         0.038
  WS02004138WS02004139         1.079         1.727         0.104         0.013         0.065
  WS02003067WS02003066         0.000         0.000         0.000         0.000         0.000
  WS02001213WS02003059         0.267         0.428         0.026         0.003         0.016
  WS02001212WS02001213         0.325         0.520         0.031         0.004         0.020
  WS02001211WS02001212         0.573         0.917         0.055         0.007         0.034
  WS02003072WS02003073         0.199         0.319         0.019         0.002         0.012
  WS02003069WS02003072         0.821         1.314         0.079         0.010         0.049
  WS02003060WS02003069         1.139         1.823         0.109         0.014         0.068
  WS02003059WS02003060         1.039         1.663         0.100         0.012         0.062
  HS02004901HS02004770         0.000         0.000         0.000         0.000         0.000
  HS02004876HS02004881         0.000         0.000         0.000         0.000         0.000
  HS02004870HS02004876         0.000         0.000         0.000         0.000         0.000
  HS02004842HS02004848         0.000         0.000         0.000         0.000         0.000
  HS02004837HS02004842         0.548         0.876         0.053         0.007         0.033
  HS02004830HS02004837         0.302         0.483         0.029         0.004         0.018
  HS02004824HS02004830         0.139         0.223         0.013         0.002         0.008
  HS02004817HS02004824         0.083         0.133         0.008         0.001         0.005
  HS02004770HS02004777         0.000         0.000         0.000         0.000         0.000
  HS02004799HS02004480         0.000         0.000         0.000         0.000         0.000
  HS02004792HS02004799         0.113         0.180         0.011         0.001         0.007
  HS02004788HS02004792         0.159         0.254         0.015         0.002         0.010
  HS02004785HS02004788         0.008         0.012         0.001         0.000         0.000
  HS02004777HS02004785         0.003         0.005         0.000         0.000         0.000
  HS02004480HS02004478         0.000         0.000         0.000         0.000         0.000
  HS02004479HS02004480         0.000         0.000         0.000         0.000         0.000
  HS02004862HS02004870         0.004         0.007         0.000         0.000         0.000
  HS02004848HS02004852         0.000         0.000         0.000         0.000         0.000
  HS02004856HS02004862         0.000         0.000         0.000         0.000         0.000
  HS02004852HS02004856         0.000         0.000         0.000         0.000         0.000
  HS02004802HS02004478         0.000         0.000         0.000         0.000         0.000
  HS02004478WS02006287         0.000         0.000         0.000         0.000         0.000
  HS02004817HS02004807         0.000         0.000         0.000         0.000         0.000
  HS02004807HS02004802         0.000         0.000         0.000         0.000         0.000
  YS02001759YS02001757         0.010         0.017         0.001         0.000         0.001
  YS02001762YS02001759         0.011         0.017         0.001         0.000         0.001
  YS02001765YS02001762         0.027         0.043         0.003         0.000         0.002
  YS02001770YS02001767         0.004         0.007         0.000         0.000         0.000
  YS02001774YS02001770         0.000         0.000         0.000         0.000         0.000
  YS02001779YS02001774         0.000         0.001         0.000         0.000         0.000
  YS02001649YS02001757         0.012         0.019         0.001         0.000         0.001
  YS02001767YS02001765         0.045         0.072         0.004         0.001         0.003
  YS02006561YS02001783         0.000         0.000         0.000         0.000         0.000
  YS02001783YS02001784         0.000         0.000         0.000         0.000         0.000
  YS02001784YS02001785         0.123         0.196         0.012         0.001         0.007
  YS02001788YS02001790         0.057         0.091         0.005         0.001         0.003
  YS02001790YS02001791         0.054         0.086         0.005         0.001         0.003
  YS02001791YS02001793         0.042         0.067         0.004         0.001         0.003
  YS02001910YS02001907         0.017         0.027         0.002         0.000         0.001
  YS02001786YS02001788         0.069         0.110         0.007         0.001         0.004
  YS02001915YS02001910         0.045         0.072         0.004         0.001         0.003
  YS02001918YS02001915         0.080         0.128         0.008         0.001         0.005
  YS02001923YS02001920         0.005         0.008         0.000         0.000         0.000
  YS02001926YS02001923         0.000         0.000         0.000         0.000         0.000
  YS02001929YS02001926         0.000         0.000         0.000         0.000         0.000
  YS02001920YS02001918         0.139         0.222         0.013         0.002         0.008
  YS02001629YS02163301         0.000         0.000         0.000         0.000         0.000
  YS02001619YS02001622         0.000         0.000         0.000         0.000         0.000
  YS02001622YS02001625         0.000         0.000         0.000         0.000         0.000
  YS02001625YS02001629         0.000         0.000         0.000         0.000         0.000
  YS02163301YS02001633         0.000         0.000         0.000         0.000         0.000
  YS02163601YS02164001         0.000         0.000         0.000         0.000         0.000
  YS02164001YS02001641         0.000         0.000         0.000         0.000         0.000
  YS02001641YS02001644         0.000         0.001         0.000         0.000         0.000
  YS02001647YS02001649         0.000         0.000         0.000         0.000         0.000
  YS02006553YS02006556         0.010         0.016         0.001         0.000         0.001
  YS02006556YS02006558         0.046         0.073         0.004         0.001         0.003
  YSB6556YSB1171               0.000         0.000         0.000         0.000         0.000
  YS02001907YS02006553         0.000         0.000         0.000         0.000         0.000
  YS02006558YS02006561         0.000         0.000         0.000         0.000         0.000
  YS02001633YS02163601         0.006         0.010         0.001         0.000         0.000
  YS02001644YS02001647         0.000         0.000         0.000         0.000         0.000
  YS02001745YS02001748         0.000         0.000         0.000         0.000         0.000
  YS02001748YS02001751         0.006         0.009         0.001         0.000         0.000
  YS02001751YS02001754         0.006         0.010         0.001         0.000         0.000
  YS02001754YS02001757         0.042         0.068         0.004         0.001         0.003
  YS02001882YS02001884         0.000         0.000         0.000         0.000         0.000
  YS02001884YS02001887         0.000         0.000         0.000         0.000         0.000
  YS02001890YS02001895         0.000         0.000         0.000         0.000         0.000
  YS02001895YS02001898         0.000         0.000         0.000         0.000         0.000
  YS02001898YS02001901         0.000         0.000         0.000         0.000         0.000
  YS02001901YS02001904         0.000         0.000         0.000         0.000         0.000
  YS02001904YS02001907         0.000         0.000         0.000         0.000         0.000
  YS02001887YS02001890         0.016         0.026         0.002         0.000         0.001
  YS02001652YS02001649         0.017         0.027         0.002         0.000         0.001
  YS02001655YS02001652         0.019         0.030         0.002         0.000         0.001
  YS02001658YS02001655         0.000         0.000         0.000         0.000         0.000
  YS02001661YS02001658         0.000         0.000         0.000         0.000         0.000
  YS02001664YS02001661         0.000         0.000         0.000         0.000         0.000
  YSB1154YSB6556               0.000         0.000         0.000         0.000         0.000
  YSB1174YSB1171               0.000         0.000         0.000         0.000         0.000
  YSB1171HS02004479            0.000         0.000         0.000         0.000         0.000
  HS02004881HS02006253         0.000         0.000         0.000         0.000         0.000
  YS02001793JiankangQianchi         0.000         0.000         0.000         0.000         0.000
  YS02001757CaochengTiaoxuchi         0.000         0.000         0.000         0.000         0.000
  WSF200WS02003060             0.000         0.000         0.000         0.000         0.000
  1                            0.210         0.336         0.020         0.003         0.013
  CC-Pump-1                    0.000         0.000         0.000         0.000         0.000
  CC-Pump-2                    0.000         0.000         0.000         0.000         0.000
  JK-Pump-1                    0.000         0.000         0.000         0.000         0.000
  JK-Pump-2                    0.000         0.000         0.000         0.000         0.000
  XR-Pump-1                    1.278         2.046         0.123         0.015         0.077
  XR-Pump-2                    0.000         0.000         0.000         0.000         0.000
  XR-Pump-3                    0.000         0.000         0.000         0.000         0.000
  XR-Pump-4                    0.000         0.000         0.000         0.000         0.000
  

  Analysis begun on:  Mon Aug  9 15:38:29 2021
  Analysis ended on:  Mon Aug  9 15:38:29 2021
  Total elapsed time: < 1 sec