
  EPA STORM WATER MANAGEMENT MODEL - VERSION 5.1 (Build 5.3.0.dev0)
  --------------------------------------------------------------

  WARNING 09: time series interval greater than recording interval for Rain Gage RG1
  WARNING 09: time series interval greater than recording interval for Rain Gage RG2
  WARNING 09: time series interval greater than recording interval for Rain Gage RG3
  WARNING 09: time series interval greater than recording interval for Rain Gage RG4
  
  *********************************************************
  NOTE: The summary statistics displayed in this report are
  based on results found at every computational time step,  
  not just on results from each reporting time step.
  *********************************************************
  
  ****************
  Analysis Options
  ****************
  Flow Units ............... CMS
  Process Models:
    Rainfall/Runoff ........ YES
    RDII ................... NO
    Snowmelt ............... NO
    Groundwater ............ NO
    Flow Routing ........... YES
    Ponding Allowed ........ YES
    Water Quality .......... NO
  Infiltration Method ...... HORTON
  Flow Routing Method ...... DYNWAVE
  Surcharge Method ......... EXTRAN
  Starting Date ............ 08/28/2015 00:00:00
  Ending Date .............. 08/28/2015 23:40:00
  Antecedent Dry Days ...... 0.0
  Report Time Step ......... 00:01:00
  Wet Time Step ............ 00:01:00
  Dry Time Step ............ 00:01:00
  Routing Time Step ........ 5.00 sec
  Variable Time Step ....... YES
  Maximum Trials ........... 8
  Number of Threads ........ 1
  Head Tolerance ........... 0.001500 m
  
  
  **************************        Volume         Depth
  Runoff Quantity Continuity     hectare-m            mm
  **************************     ---------       -------
  Total Precipitation ......         3.368        18.690
  Evaporation Loss .........         0.000         0.000
  Infiltration Loss ........         0.000         0.000
  Surface Runoff ...........         3.366        18.679
  Final Storage ............         0.012         0.067
  Continuity Error (%) .....        -0.299
  
  
  **************************        Volume        Volume
  Flow Routing Continuity        hectare-m      10^6 ltr
  **************************     ---------     ---------
  Dry Weather Inflow .......         0.758         7.576
  Wet Weather Inflow .......         3.366        33.661
  Groundwater Inflow .......         0.000         0.000
  RDII Inflow ..............         0.000         0.000
  External Inflow ..........         0.000         0.000
  External Outflow .........         2.082        20.817
  Flooding Loss ............         1.929        19.293
  Evaporation Loss .........         0.000         0.000
  Exfiltration Loss ........         0.000         0.000
  Initial Stored Volume ....         0.000         0.000
  Final Stored Volume ......         0.123         1.231
  Continuity Error (%) .....        -0.254
  
  
  *************************
  Highest Continuity Errors
  *************************
  Node T5 (2.40%)
  Node T3 (1.24%)
  
  
  ***************************
  Time-Step Critical Elements
  ***************************
  None
  
  
  ********************************
  Highest Flow Instability Indexes
  ********************************
  All links are stable.
  
  
  *************************
  Routing Time Step Summary
  *************************
  Minimum Time Step           :     4.50 sec
  Average Time Step           :     5.00 sec
  Maximum Time Step           :     5.00 sec
  Percent in Steady State     :     0.00
  Average Iterations per Step :     2.14
  Percent Not Converging      :     0.54
  
  
  ***************************
  Subcatchment Runoff Summary
  ***************************
  
  ------------------------------------------------------------------------------------------------------------------------------
                            Total      Total      Total      Total     Imperv       Perv      Total       Total     Peak  Runoff
                           Precip      Runon       Evap      Infil     Runoff     Runoff     Runoff      Runoff   Runoff   Coeff
  Subcatchment                 mm         mm         mm         mm         mm         mm         mm    10^6 ltr      CMS
  ------------------------------------------------------------------------------------------------------------------------------
  SC01                      24.80       0.00       0.00       0.00      24.84       0.00      24.84        8.20     4.43   1.002
  SC02                      15.51       0.00       0.00       0.00      15.50       0.00      15.50        3.53     1.95   1.000
  SC03                      11.93       0.00       0.00       0.00      11.94       0.00      11.94        2.15     2.10   1.001
  SC04                      15.51       0.00       0.00       0.00      15.45       0.00      15.45        1.07     0.33   0.996
  SC05                      24.80       0.00       0.00       0.00      24.83       0.00      24.83        3.87     1.98   1.001
  SC06                      20.00       0.00       0.00       0.00      19.94       0.00      19.94        6.49     2.92   0.997
  SC07                      15.51       0.00       0.00       0.00      15.45       0.00      15.45        0.73     0.23   0.996
  SC08                      11.93       0.00       0.00       0.00      11.90       0.00      11.90        3.33     1.71   0.997
  SC09                      20.00       0.00       0.00       0.00      19.99       0.00      19.99        1.38     0.91   0.999
  SC010                     24.80       0.00       0.00       0.00      24.80       0.00      24.80        2.91     1.29   1.000
  
  
  ******************
  Node Depth Summary
  ******************
  
  ---------------------------------------------------------------------------------
                                 Average  Maximum  Maximum  Time of Max    Reported
                                   Depth    Depth      HGL   Occurrence   Max Depth
  Node                 Type       Meters   Meters   Meters  days hr:min      Meters
  ---------------------------------------------------------------------------------
  J1                   JUNCTION     0.06     0.47    34.47     0  00:31        0.45
  J3                   JUNCTION     0.14     0.17    18.17     0  02:33        0.17
  CSO7                 JUNCTION     0.11     1.20    35.20     0  00:25        1.20
  J5                   JUNCTION     0.05     0.21    32.21     0  00:32        0.20
  CSO9                 JUNCTION     0.14     2.00    42.00     0  00:25        2.00
  J8                   JUNCTION     0.09     0.55    36.55     0  00:32        0.55
  CSO8                 JUNCTION     0.12     2.00    34.00     0  00:21        2.00
  J10                  JUNCTION     0.06     0.43    29.43     0  00:27        0.43
  J13                  JUNCTION     0.05     0.35    29.35     0  00:31        0.34
  J15                  JUNCTION     0.20     0.63    15.63     0  00:33        0.62
  J16                  JUNCTION     0.06     0.49    30.49     0  00:31        0.47
  CSO10                JUNCTION     0.13     1.00    31.00     0  00:21        1.00
  J12                  JUNCTION     0.29     0.96    26.96     0  03:26        0.96
  J4                   JUNCTION     0.11     1.37    34.37     0  00:30        0.76
  J6                   JUNCTION     0.07     0.12    25.12     0  02:19        0.12
  J2                   JUNCTION     0.07     0.08    25.08     0  10:04        0.08
  J19                  JUNCTION     0.16     0.17     8.17     0  00:36        0.17
  J9                   JUNCTION     0.11     0.16    29.16     0  01:47        0.16
  J14                  JUNCTION     0.16     0.19    20.19     0  04:14        0.19
  J17                  JUNCTION     0.08     0.14    20.14     0  02:14        0.14
  J7                   JUNCTION     0.07     0.23    39.23     0  00:59        0.23
  J11                  JUNCTION     0.05     0.30    31.30     0  00:53        0.30
  J18                  JUNCTION     0.04     0.16    29.16     0  09:33        0.16
  Out_to_WWTP          OUTFALL      0.16     0.17     6.17     0  14:50        0.17
  T5                   STORAGE      3.62     5.00    32.00     0  00:37        5.00
  T4                   STORAGE      0.98     3.95    30.95     0  02:18        3.95
  T6                   STORAGE      1.47     5.00    36.00     0  00:37        5.00
  T3                   STORAGE      3.15     4.97    26.97     0  03:22        4.97
  T2                   STORAGE      1.11     4.41    25.41     0  02:13        4.41
  T1                   STORAGE      4.23     5.00    15.00     0  00:35        5.00
  
  
  *******************
  Node Inflow Summary
  *******************
  
  -------------------------------------------------------------------------------------------------
                                  Maximum  Maximum                  Lateral       Total        Flow
                                  Lateral    Total  Time of Max      Inflow      Inflow     Balance
                                   Inflow   Inflow   Occurrence      Volume      Volume       Error
  Node                 Type           CMS      CMS  days hr:min    10^6 ltr    10^6 ltr     Percent
  -------------------------------------------------------------------------------------------------
  J1                   JUNCTION     1.985    1.985     0  00:31        4.97        4.97      -0.072
  J3                   JUNCTION     0.000    0.297     0  02:31           0        17.6       0.150
  CSO7                 JUNCTION     0.232    0.232     0  00:31         1.3         1.3       0.020
  J5                   JUNCTION     0.334    0.406     0  00:31        1.31         2.5      -0.110
  CSO9                 JUNCTION     0.915    0.915     0  00:31        1.76        1.76      -0.017
  J8                   JUNCTION     2.928    3.045     0  00:31        8.32        9.65      -0.089
  CSO8                 JUNCTION     1.707    1.707     0  00:26        3.78        3.78      -0.012
  J10                  JUNCTION     2.106    2.474     0  00:26         2.9        5.94      -0.151
  J13                  JUNCTION     1.950    1.950     0  00:31        4.44        4.44      -0.395
  J15                  JUNCTION     0.000    4.556     0  00:31           0        33.5       0.133
  J16                  JUNCTION     4.436    4.436     0  00:31        9.27        9.27      -0.110
  CSO10                JUNCTION     1.286    1.286     0  00:31        3.18        3.18      -0.020
  J12                  JUNCTION     0.000    2.053     0  00:27           0        12.7      -0.153
  J4                   JUNCTION     0.000    0.085     0  00:28           0        1.19       0.038
  J6                   JUNCTION     0.000    0.071     0  02:18           0         2.5       0.001
  J2                   JUNCTION     0.000    0.039     0  00:37           0        2.79       0.109
  J19                  JUNCTION     0.000    0.271     0  00:35           0        20.8       0.036
  J9                   JUNCTION     0.000    0.175     0  00:37           0        6.79      -0.004
  J14                  JUNCTION     0.000    0.189     0  03:22           0        12.3       0.038
  J17                  JUNCTION     0.000    0.132     0  02:13           0        4.43       0.061
  J7                   JUNCTION     0.000    0.127     0  00:59           0        1.33       0.090
  J11                  JUNCTION     0.000    0.487     0  00:52           0        3.05       0.095
  J18                  JUNCTION     0.000    0.202     0  09:33           0        2.25      -0.082
  Out_to_WWTP          OUTFALL      0.000    0.271     0  00:36           0        20.8       0.000
  T5                   STORAGE      0.000    1.864     0  00:31           0        4.97       2.461
  T4                   STORAGE      0.000    0.375     0  00:32           0         2.5       0.077
  T6                   STORAGE      0.000    2.771     0  00:32           0        9.66      -0.173
  T3                   STORAGE      0.000    1.833     0  00:29           0        12.8       1.254
  T2                   STORAGE      0.000    1.793     0  00:31           0        4.45       0.384
  T1                   STORAGE      0.000    3.304     0  00:33           0        33.5       0.616
  
  
  **********************
  Node Surcharge Summary
  **********************
  
  Surcharging occurs when water rises above the top of the highest conduit.
  ---------------------------------------------------------------------
                                               Max. Height   Min. Depth
                                   Hours       Above Crown    Below Rim
  Node                 Type      Surcharged         Meters       Meters
  ---------------------------------------------------------------------
  CSO7                 JUNCTION        1.02          0.945        0.000
  CSO9                 JUNCTION        1.08          1.682        0.000
  CSO8                 JUNCTION        0.90          1.547        0.000
  CSO10                JUNCTION        1.27          0.560        0.000
  J4                   JUNCTION        0.81          1.071        0.629
  
  
  *********************
  Node Flooding Summary
  *********************
  
  Flooding refers to all water that overflows a node, whether it ponds or not.
  --------------------------------------------------------------------------
                                                             Total   Maximum
                                 Maximum   Time of Max       Flood    Ponded
                        Hours       Rate    Occurrence      Volume     Depth
  Node                 Flooded       CMS   days hr:min    10^6 ltr    Meters
  --------------------------------------------------------------------------
  CSO7                    0.70     0.160      0  00:31       0.113     0.000
  CSO9                    0.58     0.788      0  00:31       0.428     0.000
  CSO8                    0.48     1.229      0  00:26       0.733     0.000
  CSO10                   1.09     1.083      0  00:31       0.940     0.000
  T5                      3.31     1.178      0  09:16       1.921     0.000
  T6                      1.92     2.067      0  00:37       2.885     0.000
  T1                     13.82     2.667      0  00:35      12.273     0.000
  
  
  **********************
  Storage Volume Summary
  **********************
  
  --------------------------------------------------------------------------------------------------
                         Average     Avg  Evap Exfil       Maximum     Max    Time of Max    Maximum
                          Volume    Pcnt  Pcnt  Pcnt        Volume    Pcnt     Occurrence    Outflow
  Storage Unit           1000 m3    Full  Loss  Loss       1000 m3    Full    days hr:min        CMS
  --------------------------------------------------------------------------------------------------
  T5                       0.362      72     0     0         0.500     100       0  00:37      0.039
  T4                       0.098      20     0     0         0.395      79       0  02:18      0.071
  T6                       0.176      29     0     0         0.600     100       0  00:37      0.175
  T3                       1.636      63     0     0         2.582      99       0  03:22      0.189
  T2                       0.222      22     0     0         0.883      88       0  02:13      0.132
  T1                       0.593      85     0     0         0.700     100       0  00:35      0.271
  
  
  ***********************
  Outfall Loading Summary
  ***********************
  
  -----------------------------------------------------------
                         Flow       Avg       Max       Total
                         Freq      Flow      Flow      Volume
  Outfall Node           Pcnt       CMS       CMS    10^6 ltr
  -----------------------------------------------------------
  Out_to_WWTP           99.77     0.245     0.271      20.817
  -----------------------------------------------------------
  System                99.77     0.245     0.271      20.817
  
  
  ********************
  Link Flow Summary
  ********************
  
  -----------------------------------------------------------------------------
                                 Maximum  Time of Max   Maximum    Max/    Max/
                                  |Flow|   Occurrence   |Veloc|    Full    Full
  Link                 Type          CMS  days hr:min     m/sec    Flow   Depth
  -----------------------------------------------------------------------------
  C1                   CONDUIT     0.039     0  01:29      1.14    0.01    0.12
  C6                   CONDUIT     0.074     0  00:31      1.29    1.17    0.84
  C2                   CONDUIT     0.071     0  02:19      1.38    0.08    0.24
  C9                   CONDUIT     0.127     0  00:59      1.20    0.43    0.73
  C16                  CONDUIT     0.487     0  00:41      1.81    0.05    0.18
  C3                   CONDUIT     0.189     0  03:23      2.07    0.07    0.18
  C19                  CONDUIT     0.132     0  02:14      1.22    0.05    0.37
  C11                  CONDUIT     0.297     0  02:33      1.84    0.01    0.18
  C20                  CONDUIT     4.231     0  00:31      6.55    0.13    0.26
  C22                  CONDUIT     0.202     0  09:34      1.52    0.09    0.49
  C12                  CONDUIT     0.175     0  01:48      1.29    0.01    0.28
  C17                  CONDUIT     1.994     0  00:27      4.27    0.10    0.26
  C10                  CONDUIT     2.771     0  00:32      2.16    0.29    0.68
  C13                  CONDUIT     1.833     0  00:29      3.75    0.11    0.74
  C18                  CONDUIT     1.793     0  00:31      2.93    0.07    0.57
  C23                  CONDUIT     3.304     0  00:33      2.47    0.36    0.71
  C4                   CONDUIT     1.864     0  00:31      3.01    0.45    0.74
  C7                   CONDUIT     0.375     0  00:32      2.12    0.09    0.60
  C14                  CONDUIT     0.271     0  00:36      2.08    0.02    0.09
  C5                   CONDUIT     0.085     0  00:28      1.75    1.46    1.00
  C8                   CONDUIT     0.127     0  00:59      1.86    1.60    0.86
  C15                  CONDUIT     0.487     0  00:52      3.88    1.55    0.83
  C21                  CONDUIT     0.202     0  09:33      1.89    1.16    0.69
  V4                   ORIFICE     0.071     0  02:18                      1.00
  V5                   ORIFICE     0.039     0  00:37                      1.00
  V1                   ORIFICE     0.271     0  00:35                      1.00
  V6                   ORIFICE     0.175     0  00:37                      1.00
  V3                   ORIFICE     0.189     0  03:22                      1.00
  V2                   ORIFICE     0.132     0  02:13                      1.00
  
  
  ***************************
  Flow Classification Summary
  ***************************
  
  -------------------------------------------------------------------------------------
                      Adjusted    ---------- Fraction of Time in Flow Class ---------- 
                       /Actual         Up    Down  Sub   Sup   Up    Down  Norm  Inlet 
  Conduit               Length    Dry  Dry   Dry   Crit  Crit  Crit  Crit  Ltd   Ctrl  
  -------------------------------------------------------------------------------------
  C1                      1.00   0.00  0.00  0.00  0.91  0.09  0.00  0.00  0.98  0.00
  C6                      1.00   0.00  0.00  0.00  0.06  0.94  0.00  0.00  0.00  0.00
  C2                      1.00   0.00  0.00  0.00  0.63  0.37  0.00  0.00  0.98  0.00
  C9                      1.00   0.00  0.00  0.00  0.99  0.01  0.00  0.00  1.00  0.00
  C16                     1.00   0.00  0.00  0.00  0.85  0.15  0.00  0.00  0.72  0.00
  C3                      1.00   0.00  0.00  0.00  0.01  0.98  0.00  0.00  0.01  0.00
  C19                     1.00   0.00  0.00  0.00  0.89  0.11  0.00  0.00  1.00  0.00
  C11                     1.00   0.00  0.00  0.00  0.09  0.90  0.00  0.00  1.00  0.00
  C20                     1.00   0.00  0.00  0.00  0.85  0.15  0.00  0.00  0.99  0.00
  C22                     1.00   0.00  0.00  0.00  0.96  0.04  0.00  0.00  1.00  0.00
  C12                     1.00   0.00  0.00  0.00  0.37  0.63  0.00  0.00  0.72  0.00
  C17                     1.00   0.00  0.00  0.00  0.93  0.07  0.00  0.00  0.98  0.00
  C10                     1.00   0.00  0.00  0.00  0.93  0.07  0.00  0.00  0.99  0.00
  C13                     1.00   0.00  0.00  0.00  0.98  0.02  0.00  0.00  0.67  0.00
  C18                     1.00   0.00  0.00  0.00  0.71  0.29  0.00  0.00  0.99  0.00
  C23                     1.00   0.00  0.00  0.00  0.99  0.01  0.00  0.00  0.99  0.00
  C4                      1.00   0.00  0.00  0.00  0.99  0.01  0.00  0.00  0.99  0.00
  C7                      1.00   0.00  0.00  0.00  0.92  0.08  0.00  0.00  0.98  0.00
  C14                     1.00   0.00  0.00  0.00  0.00  1.00  0.00  0.00  0.29  0.00
  C5                      1.00   0.00  0.00  0.00  0.96  0.04  0.00  0.00  0.94  0.00
  C8                      1.00   0.00  0.00  0.00  0.13  0.87  0.00  0.00  0.01  0.00
  C15                     1.00   0.00  0.00  0.00  0.03  0.97  0.00  0.00  0.03  0.00
  C21                     1.00   0.00  0.00  0.00  0.01  0.99  0.00  0.00  0.00  0.00
  
  
  *************************
  Conduit Surcharge Summary
  *************************
  
  ----------------------------------------------------------------------------
                                                           Hours        Hours 
                         --------- Hours Full --------   Above Full   Capacity
  Conduit                Both Ends  Upstream  Dnstream   Normal Flow   Limited
  ----------------------------------------------------------------------------
  C6                          0.01      0.81      0.01      0.72         0.01
  C9                          0.01      0.01      0.07      0.01         0.01
  C10                         0.01      0.01      8.55      0.01         0.01
  C13                         0.01      0.01     17.45      0.01         0.01
  C18                         0.01      0.01      4.55      0.01         0.01
  C23                         0.01      0.01     22.66      0.01         0.01
  C4                          0.01      0.01     23.24      0.01         0.01
  C7                          0.01      0.01      8.12      0.01         0.01
  C5                          0.93      1.02      1.11      1.01         0.88
  C8                          0.01      1.08      0.01      1.08         0.01
  C15                         0.01      0.91      0.01      0.99         0.01
  C21                         0.01      1.27      0.01      1.23         0.01
  

  Analysis begun on:  Mon Sep 20 20:58:15 2021
  Analysis ended on:  Mon Sep 20 20:58:15 2021
  Total elapsed time: < 1 sec