
  EPA STORM WATER MANAGEMENT MODEL - VERSION 5.1 (Build 5.3.0.dev0)
  --------------------------------------------------------------

  WARNING 09: time series interval greater than recording interval for Rain Gage RG1
  WARNING 09: time series interval greater than recording interval for Rain Gage RG2
  WARNING 09: time series interval greater than recording interval for Rain Gage RG3
  WARNING 09: time series interval greater than recording interval for Rain Gage RG4
  
  *********************************************************
  NOTE: The summary statistics displayed in this report are
  based on results found at every computational time step,  
  not just on results from each reporting time step.
  *********************************************************
  
  ****************
  Analysis Options
  ****************
  Flow Units ............... CMS
  Process Models:
    Rainfall/Runoff ........ YES
    RDII ................... NO
    Snowmelt ............... NO
    Groundwater ............ NO
    Flow Routing ........... YES
    Ponding Allowed ........ YES
    Water Quality .......... NO
  Infiltration Method ...... HORTON
  Flow Routing Method ...... DYNWAVE
  Surcharge Method ......... EXTRAN
  Starting Date ............ 08/28/2015 00:00:00
  Ending Date .............. 08/28/2015 23:40:00
  Antecedent Dry Days ...... 0.0
  Report Time Step ......... 00:01:00
  Wet Time Step ............ 00:01:00
  Dry Time Step ............ 00:01:00
  Routing Time Step ........ 5.00 sec
  Variable Time Step ....... YES
  Maximum Trials ........... 8
  Number of Threads ........ 1
  Head Tolerance ........... 0.001500 m
  
  
  **************************        Volume         Depth
  Runoff Quantity Continuity     hectare-m            mm
  **************************     ---------       -------
  Total Precipitation ......         3.561        19.760
  Evaporation Loss .........         0.000         0.000
  Infiltration Loss ........         0.000         0.000
  Surface Runoff ...........         3.539        19.641
  Final Storage ............         0.026         0.143
  Continuity Error (%) .....        -0.120
  
  
  **************************        Volume        Volume
  Flow Routing Continuity        hectare-m      10^6 ltr
  **************************     ---------     ---------
  Dry Weather Inflow .......         0.758         7.576
  Wet Weather Inflow .......         3.539        35.393
  Groundwater Inflow .......         0.000         0.000
  RDII Inflow ..............         0.000         0.000
  External Inflow ..........         0.000         0.000
  External Outflow .........         1.924        19.243
  Flooding Loss ............         1.624        16.241
  Evaporation Loss .........         0.000         0.000
  Exfiltration Loss ........         0.000         0.000
  Initial Stored Volume ....         0.000         0.000
  Final Stored Volume ......         0.606         6.060
  Continuity Error (%) .....         3.318
  
  
  *************************
  Highest Continuity Errors
  *************************
  Node T5 (8.44%)
  Node T3 (7.30%)
  Node T2 (3.57%)
  Node J12 (2.93%)
  Node T1 (2.83%)
  
  
  ***************************
  Time-Step Critical Elements
  ***************************
  None
  
  
  ********************************
  Highest Flow Instability Indexes
  ********************************
  All links are stable.
  
  
  *************************
  Routing Time Step Summary
  *************************
  Minimum Time Step           :     4.50 sec
  Average Time Step           :     5.00 sec
  Maximum Time Step           :     5.00 sec
  Percent in Steady State     :     0.00
  Average Iterations per Step :     2.14
  Percent Not Converging      :     0.25
  
  
  ***************************
  Subcatchment Runoff Summary
  ***************************
  
  ------------------------------------------------------------------------------------------------------------------------------
                            Total      Total      Total      Total     Imperv       Perv      Total       Total     Peak  Runoff
                           Precip      Runon       Evap      Infil     Runoff     Runoff     Runoff      Runoff   Runoff   Coeff
  Subcatchment                 mm         mm         mm         mm         mm         mm         mm    10^6 ltr      CMS
  ------------------------------------------------------------------------------------------------------------------------------
  SC01                      18.72       0.00       0.00       0.00      18.65       0.00      18.65        6.16     1.05   0.996
  SC02                      15.41       0.00       0.00       0.00      15.33       0.00      15.33        3.49     0.77   0.995
  SC03                      19.61       0.00       0.00       0.00      19.60       0.00      19.60        3.53     1.12   0.999
  SC04                      15.41       0.00       0.00       0.00      15.20       0.00      15.20        1.05     0.18   0.987
  SC05                      18.72       0.00       0.00       0.00      18.64       0.00      18.64        2.91     0.47   0.996
  SC06                      25.32       0.00       0.00       0.00      25.05       0.00      25.05        8.15     1.66   0.989
  SC07                      15.41       0.00       0.00       0.00      15.20       0.00      15.20        0.72     0.12   0.987
  SC08                      19.61       0.00       0.00       0.00      19.51       0.00      19.51        5.46     1.30   0.995
  SC09                      25.32       0.00       0.00       0.00      25.19       0.00      25.19        1.74     0.44   0.995
  SC010                     18.72       0.00       0.00       0.00      18.61       0.00      18.61        2.19     0.31   0.994
  
  
  ******************
  Node Depth Summary
  ******************
  
  ---------------------------------------------------------------------------------
                                 Average  Maximum  Maximum  Time of Max    Reported
                                   Depth    Depth      HGL   Occurrence   Max Depth
  Node                 Type       Meters   Meters   Meters  days hr:min      Meters
  ---------------------------------------------------------------------------------
  J1                   JUNCTION     0.07     0.22    34.22     0  18:41        0.22
  J3                   JUNCTION     0.13     0.17    18.17     0  19:52        0.17
  CSO7                 JUNCTION     0.11     1.20    35.20     0  18:40        1.20
  J5                   JUNCTION     0.06     0.16    32.16     0  19:02        0.16
  CSO9                 JUNCTION     0.17     2.00    42.00     0  18:35        2.00
  J8                   JUNCTION     0.11     0.42    36.42     0  19:02        0.42
  CSO8                 JUNCTION     0.18     2.00    34.00     0  15:10        2.00
  J10                  JUNCTION     0.09     0.35    29.35     0  19:02        0.35
  J13                  JUNCTION     0.06     0.22    29.22     0  19:01        0.22
  J15                  JUNCTION     0.19     0.38    15.38     0  19:08        0.38
  J16                  JUNCTION     0.06     0.24    30.24     0  18:41        0.24
  CSO10                JUNCTION     0.13     1.00    31.00     0  18:36        1.00
  J12                  JUNCTION     0.37     1.08    27.08     0  18:41        1.08
  J4                   JUNCTION     0.11     1.43    34.43     0  18:42        0.76
  J6                   JUNCTION     0.07     0.11    25.11     0  19:50        0.11
  J2                   JUNCTION     0.06     0.08    25.08     0  16:20        0.08
  J19                  JUNCTION     0.15     0.17     8.17     0  07:09        0.17
  J9                   JUNCTION     0.12     0.16    29.16     0  20:04        0.16
  J14                  JUNCTION     0.15     0.19    20.19     0  18:38        0.19
  J17                  JUNCTION     0.08     0.14    20.14     0  19:35        0.14
  J7                   JUNCTION     0.08     0.23    39.23     0  19:18        0.23
  J11                  JUNCTION     0.09     0.30    31.30     0  19:13        0.30
  J18                  JUNCTION     0.05     0.16    29.16     0  19:09        0.16
  Out_to_WWTP          OUTFALL      0.15     0.17     6.17     0  08:52        0.17
  T5                   STORAGE      2.76     5.00    32.00     0  15:30        5.00
  T4                   STORAGE      0.82     3.34    30.34     0  19:49        3.34
  T6                   STORAGE      2.14     5.00    36.00     0  15:43        5.00
  T3                   STORAGE      2.80     5.00    27.00     0  18:37        5.00
  T2                   STORAGE      0.79     3.41    24.41     0  19:34        3.41
  T1                   STORAGE      3.90     5.00    15.00     0  07:07        5.00
  
  
  *******************
  Node Inflow Summary
  *******************
  
  -------------------------------------------------------------------------------------------------
                                  Maximum  Maximum                  Lateral       Total        Flow
                                  Lateral    Total  Time of Max      Inflow      Inflow     Balance
                                   Inflow   Inflow   Occurrence      Volume      Volume       Error
  Node                 Type           CMS      CMS  days hr:min    10^6 ltr    10^6 ltr     Percent
  -------------------------------------------------------------------------------------------------
  J1                   JUNCTION     0.485    0.485     0  18:41           4           4      -0.039
  J3                   JUNCTION     0.000    0.294     0  19:50           0        15.9       0.287
  CSO7                 JUNCTION     0.129    0.129     0  19:01        1.29        1.29       0.022
  J5                   JUNCTION     0.179    0.250     0  19:01         1.3        2.54      -0.032
  CSO9                 JUNCTION     0.449    0.449     0  19:01        2.12        2.12      -0.004
  J8                   JUNCTION     1.681    1.808     0  19:01        9.99        11.9      -0.009
  CSO8                 JUNCTION     1.302    1.302     0  19:01        5.91        5.91      -0.018
  J10                  JUNCTION     1.134    1.620     0  19:01        4.28        9.64      -0.089
  J13                  JUNCTION     0.782    0.782     0  19:01         4.4         4.4      -0.279
  J15                  JUNCTION     0.000    1.469     0  18:42           0        29.5       0.365
  J16                  JUNCTION     1.061    1.061     0  18:41        7.23        7.23      -0.064
  CSO10                JUNCTION     0.314    0.314     0  18:41        2.46        2.46      -0.009
  J12                  JUNCTION     0.000    1.557     0  19:02           0        18.5       3.017
  J4                   JUNCTION     0.000    0.084     0  18:40           0        1.24       0.067
  J6                   JUNCTION     0.000    0.065     0  19:49           0        2.41       0.177
  J2                   JUNCTION     0.000    0.039     0  15:30           0         2.3       0.223
  J19                  JUNCTION     0.000    0.271     0  07:07           0        19.3       0.066
  J9                   JUNCTION     0.000    0.175     0  15:44           0        8.77       0.190
  J14                  JUNCTION     0.000    0.190     0  18:37           0        11.2       0.089
  J17                  JUNCTION     0.000    0.116     0  19:34           0        4.08       0.228
  J7                   JUNCTION     0.000    0.127     0  19:18           0        1.88       0.052
  J11                  JUNCTION     0.000    0.486     0  19:13           0        5.37       0.068
  J18                  JUNCTION     0.000    0.202     0  19:09           0         2.4      -0.024
  Out_to_WWTP          OUTFALL      0.000    0.271     0  07:09           0        19.2       0.000
  T5                   STORAGE      0.000    0.442     0  18:41           0           4       9.216
  T4                   STORAGE      0.000    0.236     0  19:02           0        2.54       2.213
  T6                   STORAGE      0.000    1.653     0  19:02           0        11.9       1.744
  T3                   STORAGE      0.000    1.629     0  18:43           0          18       7.875
  T2                   STORAGE      0.000    0.713     0  19:01           0        4.41       3.702
  T1                   STORAGE      0.000    1.294     0  19:08           0        29.4       2.910
  
  
  **********************
  Node Surcharge Summary
  **********************
  
  Surcharging occurs when water rises above the top of the highest conduit.
  ---------------------------------------------------------------------
                                               Max. Height   Min. Depth
                                   Hours       Above Crown    Below Rim
  Node                 Type      Surcharged         Meters       Meters
  ---------------------------------------------------------------------
  CSO7                 JUNCTION        0.80          0.945        0.000
  CSO9                 JUNCTION        1.31          1.682        0.000
  CSO8                 JUNCTION        1.04          1.547        0.000
  CSO10                JUNCTION        0.66          0.560        0.000
  J4                   JUNCTION        0.76          1.131        0.569
  
  
  *********************
  Node Flooding Summary
  *********************
  
  Flooding refers to all water that overflows a node, whether it ponds or not.
  --------------------------------------------------------------------------
                                                             Total   Maximum
                                 Maximum   Time of Max       Flood    Ponded
                        Hours       Rate    Occurrence      Volume     Depth
  Node                 Flooded       CMS   days hr:min    10^6 ltr    Meters
  --------------------------------------------------------------------------
  CSO7                    0.66     0.057      0  19:01       0.046     0.000
  CSO9                    0.70     0.322      0  19:01       0.244     0.000
  CSO8                    0.66     0.815      0  19:01       0.544     0.000
  CSO10                   0.45     0.113      0  18:41       0.059     0.000
  T5                      2.44     0.402      0  18:42       1.029     0.000
  T6                      1.96     1.478      0  19:02       2.752     0.000
  T3                      2.03     1.440      0  18:44       2.935     0.000
  T1                     10.86     1.024      0  19:08       8.632     0.000
  
  
  **********************
  Storage Volume Summary
  **********************
  
  --------------------------------------------------------------------------------------------------
                         Average     Avg  Evap Exfil       Maximum     Max    Time of Max    Maximum
                          Volume    Pcnt  Pcnt  Pcnt        Volume    Pcnt     Occurrence    Outflow
  Storage Unit           1000 m3    Full  Loss  Loss       1000 m3    Full    days hr:min        CMS
  --------------------------------------------------------------------------------------------------
  T5                       0.276      55     0     0         0.500     100       0  15:30      0.039
  T4                       0.082      16     0     0         0.334      67       0  19:49      0.065
  T6                       0.256      43     0     0         0.600     100       0  15:43      0.175
  T3                       1.457      56     0     0         2.600     100       0  18:37      0.281
  T2                       0.158      16     0     0         0.682      68       0  19:34      0.116
  T1                       0.546      78     0     0         0.700     100       0  07:07      0.271
  
  
  ***********************
  Outfall Loading Summary
  ***********************
  
  -----------------------------------------------------------
                         Flow       Avg       Max       Total
                         Freq      Flow      Flow      Volume
  Outfall Node           Pcnt       CMS       CMS    10^6 ltr
  -----------------------------------------------------------
  Out_to_WWTP           99.43     0.227     0.271      19.242
  -----------------------------------------------------------
  System                99.43     0.227     0.271      19.242
  
  
  ********************
  Link Flow Summary
  ********************
  
  -----------------------------------------------------------------------------
                                 Maximum  Time of Max   Maximum    Max/    Max/
                                  |Flow|   Occurrence   |Veloc|    Full    Full
  Link                 Type          CMS  days hr:min     m/sec    Flow   Depth
  -----------------------------------------------------------------------------
  C1                   CONDUIT     0.039     0  16:20      0.76    0.01    0.12
  C6                   CONDUIT     0.072     0  19:02      1.29    1.14    0.77
  C2                   CONDUIT     0.065     0  19:50      1.30    0.07    0.23
  C9                   CONDUIT     0.127     0  19:18      1.29    0.43    0.65
  C16                  CONDUIT     0.487     0  18:56      1.81    0.05    0.16
  C3                   CONDUIT     0.190     0  18:40      2.09    0.07    0.18
  C19                  CONDUIT     0.116     0  19:35      1.12    0.04    0.26
  C11                  CONDUIT     0.294     0  19:52      1.87    0.01    0.14
  C20                  CONDUIT     0.958     0  18:41      3.30    0.03    0.15
  C22                  CONDUIT     0.202     0  19:10      1.40    0.09    0.34
  C12                  CONDUIT     0.175     0  19:57      1.29    0.01    0.31
  C17                  CONDUIT     1.382     0  19:02      3.02    0.07    0.35
  C10                  CONDUIT     1.653     0  19:02      1.39    0.17    0.64
  C13                  CONDUIT     1.629     0  18:43      1.59    0.10    0.77
  C18                  CONDUIT     0.713     0  19:01      1.37    0.03    0.56
  C23                  CONDUIT     1.294     0  19:08      1.26    0.14    0.63
  C4                   CONDUIT     0.442     0  18:41      1.17    0.11    0.61
  C7                   CONDUIT     0.236     0  19:02      1.10    0.06    0.58
  C14                  CONDUIT     0.271     0  07:09      2.08    0.02    0.09
  C5                   CONDUIT     0.084     0  18:40      1.63    1.43    1.00
  C8                   CONDUIT     0.127     0  19:18      1.82    1.60    0.86
  C15                  CONDUIT     0.486     0  19:13      3.66    1.55    0.83
  C21                  CONDUIT     0.202     0  19:09      1.84    1.16    0.69
  V4                   ORIFICE     0.065     0  19:49                      1.00
  V5                   ORIFICE     0.039     0  15:30                      1.00
  V1                   ORIFICE     0.271     0  07:07                      1.00
  V6                   ORIFICE     0.175     0  15:44                      1.00
  V3                   ORIFICE     0.190     0  18:37                      1.00
  V2                   ORIFICE     0.116     0  19:34                      1.00
  
  
  ***************************
  Flow Classification Summary
  ***************************
  
  -------------------------------------------------------------------------------------
                      Adjusted    ---------- Fraction of Time in Flow Class ---------- 
                       /Actual         Up    Down  Sub   Sup   Up    Down  Norm  Inlet 
  Conduit               Length    Dry  Dry   Dry   Crit  Crit  Crit  Crit  Ltd   Ctrl  
  -------------------------------------------------------------------------------------
  C1                      1.00   0.00  0.00  0.00  0.94  0.06  0.00  0.00  0.97  0.00
  C6                      1.00   0.00  0.00  0.00  0.04  0.96  0.00  0.00  0.00  0.00
  C2                      1.00   0.00  0.00  0.00  0.48  0.52  0.00  0.00  0.97  0.00
  C9                      1.00   0.00  0.00  0.00  1.00  0.00  0.00  0.00  1.00  0.00
  C16                     1.00   0.00  0.05  0.00  0.35  0.60  0.00  0.00  0.29  0.00
  C3                      1.00   0.00  0.00  0.00  0.04  0.96  0.00  0.00  0.05  0.00
  C19                     1.00   0.00  0.00  0.00  0.94  0.06  0.00  0.00  1.00  0.00
  C11                     1.00   0.00  0.00  0.00  0.12  0.88  0.00  0.00  1.00  0.00
  C20                     1.00   0.00  0.00  0.00  0.70  0.30  0.00  0.00  0.99  0.00
  C22                     1.00   0.00  0.00  0.00  0.98  0.02  0.00  0.00  1.00  0.00
  C12                     1.00   0.00  0.00  0.00  0.59  0.41  0.00  0.00  0.92  0.00
  C17                     1.00   0.00  0.00  0.00  0.61  0.39  0.00  0.00  0.98  0.00
  C10                     1.00   0.00  0.00  0.00  0.91  0.09  0.00  0.00  0.97  0.00
  C13                     1.00   0.00  0.00  0.00  0.92  0.08  0.00  0.00  0.58  0.00
  C18                     1.00   0.00  0.00  0.00  0.92  0.08  0.00  0.00  0.97  0.00
  C23                     1.00   0.00  0.00  0.00  0.92  0.08  0.00  0.00  0.96  0.00
  C4                      1.00   0.00  0.00  0.00  0.92  0.08  0.00  0.00  0.97  0.00
  C7                      1.00   0.00  0.00  0.00  0.92  0.08  0.00  0.00  0.93  0.00
  C14                     1.00   0.00  0.00  0.00  0.00  1.00  0.00  0.00  0.21  0.00
  C5                      1.00   0.00  0.00  0.00  0.85  0.15  0.00  0.00  0.95  0.00
  C8                      1.00   0.00  0.00  0.00  0.18  0.82  0.00  0.00  0.00  0.00
  C15                     1.00   0.05  0.00  0.00  0.00  0.95  0.00  0.00  0.00  0.00
  C21                     1.00   0.00  0.00  0.00  0.00  1.00  0.00  0.00  0.00  0.00
  
  
  *************************
  Conduit Surcharge Summary
  *************************
  
  ----------------------------------------------------------------------------
                                                           Hours        Hours 
                         --------- Hours Full --------   Above Full   Capacity
  Conduit                Both Ends  Upstream  Dnstream   Normal Flow   Limited
  ----------------------------------------------------------------------------
  C6                          0.01      0.76      0.01      0.67         0.01
  C10                         0.01      0.01     12.14      0.01         0.01
  C13                         0.01      0.01     16.47      0.01         0.01
  C18                         0.01      0.01      2.66      0.01         0.01
  C23                         0.01      0.01     20.75      0.01         0.01
  C4                          0.01      0.01     18.67      0.01         0.01
  C7                          0.01      0.01      5.80      0.01         0.01
  C5                          0.75      0.80      0.84      0.82         0.72
  C8                          0.01      1.31      0.01      1.31         0.01
  C15                         0.01      1.04      0.01      1.08         0.01
  C21                         0.01      0.66      0.01      0.63         0.01
  

  Analysis begun on:  Mon Sep 20 21:47:03 2021
  Analysis ended on:  Mon Sep 20 21:47:03 2021
  Total elapsed time: < 1 sec