
  EPA STORM WATER MANAGEMENT MODEL - VERSION 5.1 (Build 5.3.0.dev0)
  --------------------------------------------------------------

  WARNING 09: time series interval greater than recording interval for Rain Gage RG1
  WARNING 09: time series interval greater than recording interval for Rain Gage RG2
  WARNING 09: time series interval greater than recording interval for Rain Gage RG3
  WARNING 09: time series interval greater than recording interval for Rain Gage RG4
  
  *********************************************************
  NOTE: The summary statistics displayed in this report are
  based on results found at every computational time step,  
  not just on results from each reporting time step.
  *********************************************************
  
  ****************
  Analysis Options
  ****************
  Flow Units ............... CMS
  Process Models:
    Rainfall/Runoff ........ YES
    RDII ................... NO
    Snowmelt ............... NO
    Groundwater ............ NO
    Flow Routing ........... YES
    Ponding Allowed ........ YES
    Water Quality .......... NO
  Infiltration Method ...... HORTON
  Flow Routing Method ...... DYNWAVE
  Surcharge Method ......... EXTRAN
  Starting Date ............ 08/28/2015 00:00:00
  Ending Date .............. 08/28/2015 23:40:00
  Antecedent Dry Days ...... 0.0
  Report Time Step ......... 00:01:00
  Wet Time Step ............ 00:01:00
  Dry Time Step ............ 00:01:00
  Routing Time Step ........ 5.00 sec
  Variable Time Step ....... YES
  Maximum Trials ........... 8
  Number of Threads ........ 1
  Head Tolerance ........... 0.001500 m
  
  
  **************************        Volume         Depth
  Runoff Quantity Continuity     hectare-m            mm
  **************************     ---------       -------
  Total Precipitation ......         1.805        10.014
  Evaporation Loss .........         0.000         0.000
  Infiltration Loss ........         0.000         0.000
  Surface Runoff ...........         1.770         9.822
  Final Storage ............         0.040         0.220
  Continuity Error (%) .....        -0.271
  
  
  **************************        Volume        Volume
  Flow Routing Continuity        hectare-m      10^6 ltr
  **************************     ---------     ---------
  Dry Weather Inflow .......         0.758         7.576
  Wet Weather Inflow .......         1.770        17.698
  Groundwater Inflow .......         0.000         0.000
  RDII Inflow ..............         0.000         0.000
  External Inflow ..........         0.000         0.000
  External Outflow .........         1.274        12.738
  Flooding Loss ............         0.438         4.379
  Evaporation Loss .........         0.000         0.000
  Exfiltration Loss ........         0.000         0.000
  Initial Stored Volume ....         0.000         0.000
  Final Stored Volume ......         0.661         6.608
  Continuity Error (%) .....         6.125
  
  
  *************************
  Highest Continuity Errors
  *************************
  Node T5 (16.45%)
  Node T3 (13.62%)
  Node T2 (6.43%)
  Node J12 (6.08%)
  Node T6 (5.09%)
  
  
  ***************************
  Time-Step Critical Elements
  ***************************
  None
  
  
  ********************************
  Highest Flow Instability Indexes
  ********************************
  All links are stable.
  
  
  *************************
  Routing Time Step Summary
  *************************
  Minimum Time Step           :     4.50 sec
  Average Time Step           :     5.00 sec
  Maximum Time Step           :     5.00 sec
  Percent in Steady State     :     0.00
  Average Iterations per Step :     2.10
  Percent Not Converging      :     0.17
  
  
  ***************************
  Subcatchment Runoff Summary
  ***************************
  
  ------------------------------------------------------------------------------------------------------------------------------
                            Total      Total      Total      Total     Imperv       Perv      Total       Total     Peak  Runoff
                           Precip      Runon       Evap      Infil     Runoff     Runoff     Runoff      Runoff   Runoff   Coeff
  Subcatchment                 mm         mm         mm         mm         mm         mm         mm    10^6 ltr      CMS
  ------------------------------------------------------------------------------------------------------------------------------
  SC01                       9.33       0.00       0.00       0.00       9.22       0.00       9.22        3.04     1.98   0.988
  SC02                      13.46       0.00       0.00       0.00      13.37       0.00      13.37        3.04     1.55   0.993
  SC03                      10.08       0.00       0.00       0.00      10.03       0.00      10.03        1.81     0.86   0.995
  SC04                      13.46       0.00       0.00       0.00      13.14       0.00      13.14        0.91     0.22   0.976
  SC05                       9.33       0.00       0.00       0.00       9.20       0.00       9.20        1.43     0.88   0.986
  SC06                       7.98       0.00       0.00       0.00       7.56       0.00       7.56        2.46     0.64   0.948
  SC07                      13.46       0.00       0.00       0.00      13.14       0.00      13.14        0.62     0.15   0.976
  SC08                      10.08       0.00       0.00       0.00       9.91       0.00       9.91        2.77     0.83   0.983
  SC09                       7.98       0.00       0.00       0.00       7.75       0.00       7.75        0.53     0.22   0.971
  SC010                      9.33       0.00       0.00       0.00       9.14       0.00       9.14        1.07     0.56   0.979
  
  
  ******************
  Node Depth Summary
  ******************
  
  ---------------------------------------------------------------------------------
                                 Average  Maximum  Maximum  Time of Max    Reported
                                   Depth    Depth      HGL   Occurrence   Max Depth
  Node                 Type       Meters   Meters   Meters  days hr:min      Meters
  ---------------------------------------------------------------------------------
  J1                   JUNCTION     0.05     0.30    34.30     0  21:01        0.30
  J3                   JUNCTION     0.10     0.17    18.17     0  21:38        0.17
  CSO7                 JUNCTION     0.09     1.20    35.20     0  11:55        1.20
  J5                   JUNCTION     0.05     0.17    32.17     0  11:58        0.17
  CSO9                 JUNCTION     0.09     2.00    42.00     0  16:50        2.00
  J8                   JUNCTION     0.07     0.27    36.27     0  16:54        0.27
  CSO8                 JUNCTION     0.13     2.00    34.00     0  19:50        2.00
  J10                  JUNCTION     0.06     0.31    29.31     0  20:22        0.31
  J13                  JUNCTION     0.05     0.31    29.31     0  11:56        0.31
  J15                  JUNCTION     0.14     0.47    15.47     0  21:04        0.47
  J16                  JUNCTION     0.04     0.32    30.32     0  21:01        0.32
  CSO10                JUNCTION     0.08     1.00    31.00     0  20:55        1.00
  J12                  JUNCTION     0.19     1.00    27.00     0  21:41        1.00
  J4                   JUNCTION     0.10     1.42    34.42     0  11:59        0.75
  J6                   JUNCTION     0.06     0.10    25.10     0  21:34        0.10
  J2                   JUNCTION     0.05     0.08    25.08     0  21:57        0.08
  J19                  JUNCTION     0.12     0.17     8.17     0  20:42        0.17
  J9                   JUNCTION     0.09     0.15    29.15     0  18:13        0.15
  J14                  JUNCTION     0.10     0.19    20.19     0  22:02        0.19
  J17                  JUNCTION     0.07     0.13    20.13     0  21:26        0.13
  J7                   JUNCTION     0.06     0.23    39.23     0  17:00        0.23
  J11                  JUNCTION     0.06     0.30    31.30     0  20:34        0.30
  J18                  JUNCTION     0.03     0.16    29.16     0  21:18        0.16
  Out_to_WWTP          OUTFALL      0.12     0.17     6.17     0  20:41        0.17
  T5                   STORAGE      1.40     5.00    32.00     0  21:15        5.00
  T4                   STORAGE      0.75     2.53    29.53     0  21:32        2.53
  T6                   STORAGE      0.88     3.54    34.54     0  17:59        3.54
  T3                   STORAGE      1.12     5.00    27.00     0  21:44        5.00
  T2                   STORAGE      0.74     2.47    23.47     0  21:25        2.47
  T1                   STORAGE      2.26     5.00    15.00     0  20:41        5.00
  
  
  *******************
  Node Inflow Summary
  *******************
  
  -------------------------------------------------------------------------------------------------
                                  Maximum  Maximum                  Lateral       Total        Flow
                                  Lateral    Total  Time of Max      Inflow      Inflow     Balance
                                   Inflow   Inflow   Occurrence      Volume      Volume       Error
  Node                 Type           CMS      CMS  days hr:min    10^6 ltr    10^6 ltr     Percent
  -------------------------------------------------------------------------------------------------
  J1                   JUNCTION     0.889    0.889     0  21:01        2.53        2.53       0.004
  J3                   JUNCTION     0.000    0.285     0  21:37           0         9.4       0.502
  CSO7                 JUNCTION     0.164    0.164     0  11:56        1.19        1.19       0.019
  J5                   JUNCTION     0.225    0.263     0  11:56        1.15        2.31      -0.024
  CSO9                 JUNCTION     0.224    0.224     0  16:51       0.916       0.916       0.001
  J8                   JUNCTION     0.668    0.732     0  16:51        4.29        5.18      -0.048
  CSO8                 JUNCTION     0.828    0.828     0  20:21        3.22        3.22      -0.037
  J10                  JUNCTION     0.868    1.203     0  20:21        2.56        5.55      -0.160
  J13                  JUNCTION     1.567    1.567     0  11:56        3.95        3.95      -0.502
  J15                  JUNCTION     0.000    2.355     0  21:01           0        18.1       0.652
  J16                  JUNCTION     1.993    1.993     0  21:01        4.12        4.12      -0.069
  CSO10                JUNCTION     0.561    0.561     0  21:01        1.34        1.34      -0.034
  J12                  JUNCTION     0.000    1.181     0  20:22           0        10.3       6.471
  J4                   JUNCTION     0.000    0.085     0  11:57           0        1.15       0.064
  J6                   JUNCTION     0.000    0.057     0  21:32           0        2.09       0.247
  J2                   JUNCTION     0.000    0.039     0  21:16           0        1.48       0.379
  J19                  JUNCTION     0.000    0.271     0  20:41           0        12.8       0.099
  J9                   JUNCTION     0.000    0.147     0  17:59           0        4.76       0.382
  J14                  JUNCTION     0.000    0.190     0  21:44           0        5.84       0.171
  J17                  JUNCTION     0.000    0.098     0  21:25           0        3.47       0.280
  J7                   JUNCTION     0.000    0.127     0  16:59           0       0.891       0.219
  J11                  JUNCTION     0.000    0.486     0  20:34           0           3       0.212
  J18                  JUNCTION     0.000    0.202     0  21:18           0        1.18       0.106
  Out_to_WWTP          OUTFALL      0.000    0.271     0  20:43           0        12.7       0.000
  T5                   STORAGE      0.000    0.811     0  21:01           0        2.53      19.691
  T4                   STORAGE      0.000    0.250     0  11:58           0        2.31       4.379
  T6                   STORAGE      0.000    0.681     0  16:54           0        5.19       5.365
  T3                   STORAGE      0.000    1.107     0  20:24           0        9.72      15.767
  T2                   STORAGE      0.000    1.439     0  11:56           0        3.97       6.874
  T1                   STORAGE      0.000    1.913     0  21:04           0          18       4.831
  
  
  **********************
  Node Surcharge Summary
  **********************
  
  Surcharging occurs when water rises above the top of the highest conduit.
  ---------------------------------------------------------------------
                                               Max. Height   Min. Depth
                                   Hours       Above Crown    Below Rim
  Node                 Type      Surcharged         Meters       Meters
  ---------------------------------------------------------------------
  CSO7                 JUNCTION        0.57          0.945        0.000
  CSO9                 JUNCTION        0.32          1.682        0.000
  CSO8                 JUNCTION        1.01          1.547        0.000
  CSO10                JUNCTION        0.46          0.560        0.000
  J4                   JUNCTION        0.37          1.125        0.575
  
  
  *********************
  Node Flooding Summary
  *********************
  
  Flooding refers to all water that overflows a node, whether it ponds or not.
  --------------------------------------------------------------------------
                                                             Total   Maximum
                                 Maximum   Time of Max       Flood    Ponded
                        Hours       Rate    Occurrence      Volume     Depth
  Node                 Flooded       CMS   days hr:min    10^6 ltr    Meters
  --------------------------------------------------------------------------
  CSO7                    0.30     0.084      0  11:56       0.037     0.000
  CSO9                    0.16     0.104      0  16:51       0.025     0.000
  CSO8                    0.67     0.342      0  20:21       0.227     0.000
  CSO10                   0.38     0.359      0  21:01       0.163     0.000
  T5                      0.69     0.293      0  21:16       0.208     0.000
  T3                      0.02     0.158      0  21:44       0.005     0.000
  T1                      2.98     1.642      0  21:04       3.714     0.000
  
  
  **********************
  Storage Volume Summary
  **********************
  
  --------------------------------------------------------------------------------------------------
                         Average     Avg  Evap Exfil       Maximum     Max    Time of Max    Maximum
                          Volume    Pcnt  Pcnt  Pcnt        Volume    Pcnt     Occurrence    Outflow
  Storage Unit           1000 m3    Full  Loss  Loss       1000 m3    Full    days hr:min        CMS
  --------------------------------------------------------------------------------------------------
  T5                       0.140      28     0     0         0.500     100       0  21:15      0.039
  T4                       0.075      15     0     0         0.253      51       0  21:32      0.057
  T6                       0.105      18     0     0         0.425      71       0  17:59      0.147
  T3                       0.580      22     0     0         2.600     100       0  21:44      0.301
  T2                       0.147      15     0     0         0.493      49       0  21:25      0.098
  T1                       0.316      45     0     0         0.700     100       0  20:41      0.271
  
  
  ***********************
  Outfall Loading Summary
  ***********************
  
  -----------------------------------------------------------
                         Flow       Avg       Max       Total
                         Freq      Flow      Flow      Volume
  Outfall Node           Pcnt       CMS       CMS    10^6 ltr
  -----------------------------------------------------------
  Out_to_WWTP           99.43     0.150     0.271      12.738
  -----------------------------------------------------------
  System                99.43     0.150     0.271      12.738
  
  
  ********************
  Link Flow Summary
  ********************
  
  -----------------------------------------------------------------------------
                                 Maximum  Time of Max   Maximum    Max/    Max/
                                  |Flow|   Occurrence   |Veloc|    Full    Full
  Link                 Type          CMS  days hr:min     m/sec    Flow   Depth
  -----------------------------------------------------------------------------
  C1                   CONDUIT     0.039     0  21:57      0.72    0.01    0.12
  C6                   CONDUIT     0.072     0  12:00      1.29    1.14    0.78
  C2                   CONDUIT     0.057     0  21:34      1.42    0.06    0.22
  C9                   CONDUIT     0.125     0  17:00      1.33    0.43    0.49
  C16                  CONDUIT     0.488     0  20:47      1.78    0.05    0.15
  C3                   CONDUIT     0.190     0  21:45      2.06    0.07    0.18
  C19                  CONDUIT     0.098     0  21:26      1.22    0.03    0.30
  C11                  CONDUIT     0.285     0  21:38      1.87    0.01    0.16
  C20                  CONDUIT     1.799     0  21:01      4.49    0.06    0.19
  C22                  CONDUIT     0.202     0  21:19      1.37    0.09    0.39
  C12                  CONDUIT     0.147     0  18:01      1.40    0.01    0.29
  C17                  CONDUIT     1.068     0  20:22      3.39    0.05    0.27
  C10                  CONDUIT     0.681     0  16:54      1.82    0.07    0.58
  C13                  CONDUIT     1.107     0  20:24      0.85    0.06    0.75
  C18                  CONDUIT     1.439     0  11:56      3.28    0.05    0.53
  C23                  CONDUIT     1.913     0  21:04      1.56    0.21    0.66
  C4                   CONDUIT     0.811     0  21:01      1.50    0.20    0.65
  C7                   CONDUIT     0.250     0  11:58      1.47    0.06    0.57
  C14                  CONDUIT     0.271     0  20:43      2.08    0.02    0.09
  C5                   CONDUIT     0.085     0  11:57      1.69    1.46    1.00
  C8                   CONDUIT     0.127     0  16:59      1.88    1.60    0.86
  C15                  CONDUIT     0.486     0  20:34      3.95    1.55    0.83
  C21                  CONDUIT     0.202     0  21:18      1.88    1.16    0.69
  V4                   ORIFICE     0.057     0  21:32                      1.00
  V5                   ORIFICE     0.039     0  21:16                      1.00
  V1                   ORIFICE     0.271     0  20:41                      1.00
  V6                   ORIFICE     0.147     0  17:59                      1.00
  V3                   ORIFICE     0.190     0  21:44                      1.00
  V2                   ORIFICE     0.098     0  21:25                      1.00
  
  
  ***************************
  Flow Classification Summary
  ***************************
  
  -------------------------------------------------------------------------------------
                      Adjusted    ---------- Fraction of Time in Flow Class ---------- 
                       /Actual         Up    Down  Sub   Sup   Up    Down  Norm  Inlet 
  Conduit               Length    Dry  Dry   Dry   Crit  Crit  Crit  Crit  Ltd   Ctrl  
  -------------------------------------------------------------------------------------
  C1                      1.00   0.00  0.00  0.00  0.93  0.07  0.00  0.00  0.97  0.00
  C6                      1.00   0.00  0.00  0.00  0.04  0.96  0.00  0.00  0.00  0.00
  C2                      1.00   0.00  0.00  0.00  0.19  0.81  0.00  0.00  0.97  0.00
  C9                      1.00   0.00  0.00  0.00  1.00  0.00  0.00  0.00  1.00  0.00
  C16                     1.00   0.00  0.19  0.00  0.59  0.23  0.00  0.00  0.50  0.00
  C3                      1.00   0.00  0.00  0.00  0.04  0.96  0.00  0.00  0.22  0.00
  C19                     1.00   0.00  0.00  0.00  0.78  0.22  0.00  0.00  1.00  0.00
  C11                     1.00   0.00  0.00  0.00  0.07  0.93  0.00  0.00  1.00  0.00
  C20                     1.00   0.00  0.00  0.00  0.90  0.10  0.00  0.00  0.99  0.00
  C22                     1.00   0.00  0.00  0.00  1.00  0.00  0.00  0.00  1.00  0.00
  C12                     1.00   0.00  0.00  0.00  0.27  0.73  0.00  0.00  0.84  0.00
  C17                     1.00   0.00  0.00  0.00  0.62  0.38  0.00  0.00  0.98  0.00
  C10                     1.00   0.00  0.00  0.00  0.77  0.23  0.00  0.00  0.98  0.00
  C13                     1.00   0.00  0.00  0.00  0.76  0.24  0.00  0.00  0.80  0.00
  C18                     1.00   0.00  0.00  0.00  0.60  0.40  0.00  0.00  0.98  0.00
  C23                     1.00   0.00  0.00  0.00  0.79  0.20  0.00  0.00  0.96  0.00
  C4                      1.00   0.00  0.00  0.00  0.82  0.18  0.00  0.00  0.98  0.00
  C7                      1.00   0.00  0.00  0.00  0.73  0.27  0.00  0.00  0.83  0.00
  C14                     1.00   0.00  0.00  0.00  0.00  1.00  0.00  0.00  0.29  0.00
  C5                      1.00   0.00  0.00  0.00  0.94  0.06  0.00  0.00  0.95  0.00
  C8                      1.00   0.00  0.00  0.00  0.18  0.82  0.00  0.00  0.00  0.00
  C15                     1.00   0.19  0.00  0.00  0.00  0.81  0.00  0.00  0.00  0.00
  C21                     1.00   0.00  0.00  0.00  0.00  1.00  0.00  0.00  0.00  0.00
  
  
  *************************
  Conduit Surcharge Summary
  *************************
  
  ----------------------------------------------------------------------------
                                                           Hours        Hours 
                         --------- Hours Full --------   Above Full   Capacity
  Conduit                Both Ends  Upstream  Dnstream   Normal Flow   Limited
  ----------------------------------------------------------------------------
  C6                          0.01      0.37      0.01      0.27         0.01
  C10                         0.01      0.01      6.50      0.01         0.01
  C13                         0.01      0.01      3.65      0.01         0.01
  C18                         0.01      0.01      1.99      0.01         0.01
  C23                         0.01      0.01     11.42      0.01         0.01
  C4                          0.01      0.01     11.45      0.01         0.01
  C7                          0.01      0.01      8.79      0.01         0.01
  C5                          0.47      0.57      0.64      0.54         0.42
  C8                          0.01      0.32      0.01      0.33         0.01
  C15                         0.01      1.01      0.01      1.04         0.01
  C21                         0.01      0.46      0.01      0.44         0.01
  

  Analysis begun on:  Mon Sep 20 20:12:38 2021
  Analysis ended on:  Mon Sep 20 20:12:38 2021
  Total elapsed time: < 1 sec