
  EPA STORM WATER MANAGEMENT MODEL - VERSION 5.1 (Build 5.3.0.dev0)
  --------------------------------------------------------------

  WARNING 09: time series interval greater than recording interval for Rain Gage RG1
  WARNING 09: time series interval greater than recording interval for Rain Gage RG2
  WARNING 09: time series interval greater than recording interval for Rain Gage RG3
  WARNING 09: time series interval greater than recording interval for Rain Gage RG4
  
  *********************************************************
  NOTE: The summary statistics displayed in this report are
  based on results found at every computational time step,  
  not just on results from each reporting time step.
  *********************************************************
  
  ****************
  Analysis Options
  ****************
  Flow Units ............... CMS
  Process Models:
    Rainfall/Runoff ........ YES
    RDII ................... NO
    Snowmelt ............... NO
    Groundwater ............ NO
    Flow Routing ........... YES
    Ponding Allowed ........ YES
    Water Quality .......... NO
  Infiltration Method ...... HORTON
  Flow Routing Method ...... DYNWAVE
  Surcharge Method ......... EXTRAN
  Starting Date ............ 08/28/2015 00:00:00
  Ending Date .............. 08/28/2015 23:40:00
  Antecedent Dry Days ...... 0.0
  Report Time Step ......... 00:01:00
  Wet Time Step ............ 00:01:00
  Dry Time Step ............ 00:01:00
  Routing Time Step ........ 5.00 sec
  Variable Time Step ....... YES
  Maximum Trials ........... 8
  Number of Threads ........ 1
  Head Tolerance ........... 0.001500 m
  
  
  **************************        Volume         Depth
  Runoff Quantity Continuity     hectare-m            mm
  **************************     ---------       -------
  Total Precipitation ......         1.854        10.287
  Evaporation Loss .........         0.000         0.000
  Infiltration Loss ........         0.000         0.000
  Surface Runoff ...........         1.837        10.196
  Final Storage ............         0.021         0.118
  Continuity Error (%) .....        -0.257
  
  
  **************************        Volume        Volume
  Flow Routing Continuity        hectare-m      10^6 ltr
  **************************     ---------     ---------
  Dry Weather Inflow .......         0.758         7.576
  Wet Weather Inflow .......         1.837        18.372
  Groundwater Inflow .......         0.000         0.000
  RDII Inflow ..............         0.000         0.000
  External Inflow ..........         0.000         0.000
  External Outflow .........         1.205        12.050
  Flooding Loss ............         0.909         9.086
  Evaporation Loss .........         0.000         0.000
  Exfiltration Loss ........         0.000         0.000
  Initial Stored Volume ....         0.000         0.000
  Final Stored Volume ......         0.390         3.903
  Continuity Error (%) .....         3.502
  
  
  *************************
  Highest Continuity Errors
  *************************
  Node T5 (10.46%)
  Node T3 (9.41%)
  Node T1 (3.96%)
  Node T2 (1.89%)
  
  
  ***************************
  Time-Step Critical Elements
  ***************************
  None
  
  
  ********************************
  Highest Flow Instability Indexes
  ********************************
  All links are stable.
  
  
  *************************
  Routing Time Step Summary
  *************************
  Minimum Time Step           :     4.50 sec
  Average Time Step           :     5.00 sec
  Maximum Time Step           :     5.00 sec
  Percent in Steady State     :     0.00
  Average Iterations per Step :     2.11
  Percent Not Converging      :     0.25
  
  
  ***************************
  Subcatchment Runoff Summary
  ***************************
  
  ------------------------------------------------------------------------------------------------------------------------------
                            Total      Total      Total      Total     Imperv       Perv      Total       Total     Peak  Runoff
                           Precip      Runon       Evap      Infil     Runoff     Runoff     Runoff      Runoff   Runoff   Coeff
  Subcatchment                 mm         mm         mm         mm         mm         mm         mm    10^6 ltr      CMS
  ------------------------------------------------------------------------------------------------------------------------------
  SC01                      13.03       0.00       0.00       0.00      12.97       0.00      12.97        4.28     1.06   0.996
  SC02                      12.04       0.00       0.00       0.00      12.02       0.00      12.02        2.73     3.04   0.998
  SC03                       5.52       0.00       0.00       0.00       5.47       0.00       5.47        0.98     0.41   0.991
  SC04                      12.04       0.00       0.00       0.00      11.91       0.00      11.91        0.82     0.49   0.989
  SC05                      13.03       0.00       0.00       0.00      12.96       0.00      12.96        2.02     0.49   0.995
  SC06                      10.12       0.00       0.00       0.00       9.94       0.00       9.94        3.23     1.42   0.982
  SC07                      12.04       0.00       0.00       0.00      11.91       0.00      11.91        0.57     0.34   0.989
  SC08                       5.52       0.00       0.00       0.00       5.42       0.00       5.42        1.52     0.42   0.982
  SC09                      10.12       0.00       0.00       0.00      10.02       0.00      10.02        0.69     0.43   0.990
  SC010                     13.03       0.00       0.00       0.00      12.94       0.00      12.94        1.52     0.34   0.993
  
  
  ******************
  Node Depth Summary
  ******************
  
  ---------------------------------------------------------------------------------
                                 Average  Maximum  Maximum  Time of Max    Reported
                                   Depth    Depth      HGL   Occurrence   Max Depth
  Node                 Type       Meters   Meters   Meters  days hr:min      Meters
  ---------------------------------------------------------------------------------
  J1                   JUNCTION     0.05     0.23    34.23     0  15:41        0.23
  J3                   JUNCTION     0.10     0.16    18.16     0  18:29        0.16
  CSO7                 JUNCTION     0.09     1.20    35.20     0  15:56        1.20
  J5                   JUNCTION     0.04     0.24    32.24     0  16:02        0.24
  CSO9                 JUNCTION     0.11     2.00    42.00     0  15:51        2.00
  J8                   JUNCTION     0.07     0.39    36.39     0  16:02        0.39
  CSO8                 JUNCTION     0.06     2.00    34.00     0  16:16        1.71
  J10                  JUNCTION     0.05     0.25    29.25     0  16:23        0.25
  J13                  JUNCTION     0.04     0.43    29.43     0  16:01        0.42
  J15                  JUNCTION     0.14     0.38    15.38     0  15:43        0.38
  J16                  JUNCTION     0.05     0.24    30.24     0  15:41        0.24
  CSO10                JUNCTION     0.10     1.00    31.00     0  15:10        1.00
  J12                  JUNCTION     0.10     0.30    26.30     0  16:25        0.29
  J4                   JUNCTION     0.09     1.42    34.42     0  16:00        0.75
  J6                   JUNCTION     0.06     0.12    25.12     0  16:57        0.12
  J2                   JUNCTION     0.05     0.08    25.08     0  19:39        0.08
  J19                  JUNCTION     0.11     0.17     8.17     0  15:30        0.17
  J9                   JUNCTION     0.09     0.16    29.16     0  17:15        0.16
  J14                  JUNCTION     0.11     0.17    20.17     0  19:53        0.17
  J17                  JUNCTION     0.07     0.15    20.15     0  16:37        0.15
  J7                   JUNCTION     0.05     0.23    39.23     0  16:19        0.23
  J11                  JUNCTION     0.05     0.26    31.26     0  16:22        0.26
  J18                  JUNCTION     0.04     0.16    29.16     0  15:48        0.16
  Out_to_WWTP          OUTFALL      0.11     0.17     6.17     0  23:17        0.17
  T5                   STORAGE      1.89     5.00    32.00     0  15:48        5.00
  T4                   STORAGE      0.81     4.25    31.25     0  16:56        4.25
  T6                   STORAGE      1.03     5.00    36.00     0  16:17        5.00
  T3                   STORAGE      1.29     3.79    25.79     0  19:34        3.79
  T2                   STORAGE      0.93     5.00    26.00     0  16:26        5.00
  T1                   STORAGE      2.11     5.00    15.00     0  15:28        5.00
  
  
  *******************
  Node Inflow Summary
  *******************
  
  -------------------------------------------------------------------------------------------------
                                  Maximum  Maximum                  Lateral       Total        Flow
                                  Lateral    Total  Time of Max      Inflow      Inflow     Balance
                                   Inflow   Inflow   Occurrence      Volume      Volume       Error
  Node                 Type           CMS      CMS  days hr:min    10^6 ltr    10^6 ltr     Percent
  -------------------------------------------------------------------------------------------------
  J1                   JUNCTION     0.504    0.504     0  15:41        3.12        3.12      -0.022
  J3                   JUNCTION     0.000    0.267     0  18:27           0        9.97       0.382
  CSO7                 JUNCTION     0.344    0.344     0  16:01        1.13        1.13       0.012
  J5                   JUNCTION     0.492    0.565     0  16:01        1.07        2.01      -0.028
  CSO9                 JUNCTION     0.430    0.430     0  16:01        1.07        1.07      -0.002
  J8                   JUNCTION     1.441    1.560     0  16:01        5.07        5.94      -0.101
  CSO8                 JUNCTION     0.428    0.428     0  16:21        1.96        1.96      -0.015
  J10                  JUNCTION     0.415    0.714     0  16:21        1.74         3.7      -0.040
  J13                  JUNCTION     3.052    3.052     0  16:01        3.64        3.64      -0.207
  J15                  JUNCTION     0.000    1.409     0  15:41           0        20.4       0.451
  J16                  JUNCTION     1.079    1.079     0  15:41        5.36        5.36      -0.093
  CSO10                JUNCTION     0.345    0.345     0  15:41        1.79        1.79      -0.042
  J12                  JUNCTION     0.000    0.848     0  16:23           0        8.62       0.153
  J4                   JUNCTION     0.000    0.083     0  15:57           0       0.937       0.072
  J6                   JUNCTION     0.000    0.073     0  16:56           0        1.98       0.136
  J2                   JUNCTION     0.000    0.039     0  15:48           0        1.67       0.300
  J19                  JUNCTION     0.000    0.271     0  15:28           0        12.1       0.104
  J9                   JUNCTION     0.000    0.175     0  16:17           0        4.93       0.207
  J14                  JUNCTION     0.000    0.165     0  19:34           0        6.35       0.130
  J17                  JUNCTION     0.000    0.140     0  16:26           0        3.44       0.239
  J7                   JUNCTION     0.000    0.127     0  16:19           0       0.872       0.129
  J11                  JUNCTION     0.000    0.428     0  16:21           0        1.96       0.122
  J18                  JUNCTION     0.000    0.202     0  15:48           0         1.7      -0.025
  Out_to_WWTP          OUTFALL      0.000    0.271     0  15:30           0        12.1       0.000
  T5                   STORAGE      0.000    0.470     0  15:41           0        3.12      11.688
  T4                   STORAGE      0.000    0.511     0  16:02           0        2.01       0.467
  T6                   STORAGE      0.000    1.455     0  16:02           0        5.94       0.280
  T3                   STORAGE      0.000    0.801     0  16:25           0        8.61      10.389
  T2                   STORAGE      0.000    2.768     0  16:01           0        3.65       1.930
  T1                   STORAGE      0.000    1.269     0  15:43           0        20.3       4.119
  
  
  **********************
  Node Surcharge Summary
  **********************
  
  Surcharging occurs when water rises above the top of the highest conduit.
  ---------------------------------------------------------------------
                                               Max. Height   Min. Depth
                                   Hours       Above Crown    Below Rim
  Node                 Type      Surcharged         Meters       Meters
  ---------------------------------------------------------------------
  CSO7                 JUNCTION        0.69          0.945        0.000
  CSO9                 JUNCTION        0.80          1.682        0.000
  CSO8                 JUNCTION        0.16          1.547        0.000
  CSO10                JUNCTION        0.73          0.560        0.000
  J4                   JUNCTION        0.65          1.119        0.581
  
  
  *********************
  Node Flooding Summary
  *********************
  
  Flooding refers to all water that overflows a node, whether it ponds or not.
  --------------------------------------------------------------------------
                                                             Total   Maximum
                                 Maximum   Time of Max       Flood    Ponded
                        Hours       Rate    Occurrence      Volume     Depth
  Node                 Flooded       CMS   days hr:min    10^6 ltr    Meters
  --------------------------------------------------------------------------
  CSO7                    0.55     0.271      0  16:01       0.193     0.000
  CSO9                    0.41     0.304      0  16:01       0.201     0.000
  CSO8                    0.01     0.067      0  16:16       0.000     0.000
  CSO10                   0.50     0.142      0  15:41       0.090     0.000
  T5                      3.13     0.287      0  15:56       0.797     0.000
  T6                      0.97     0.729      0  16:17       0.971     0.000
  T2                      0.19     0.158      0  16:26       0.046     0.000
  T1                      7.50     0.998      0  15:43       6.788     0.000
  
  
  **********************
  Storage Volume Summary
  **********************
  
  --------------------------------------------------------------------------------------------------
                         Average     Avg  Evap Exfil       Maximum     Max    Time of Max    Maximum
                          Volume    Pcnt  Pcnt  Pcnt        Volume    Pcnt     Occurrence    Outflow
  Storage Unit           1000 m3    Full  Loss  Loss       1000 m3    Full    days hr:min        CMS
  --------------------------------------------------------------------------------------------------
  T5                       0.189      38     0     0         0.500     100       0  15:48      0.039
  T4                       0.081      16     0     0         0.425      85       0  16:56      0.073
  T6                       0.123      21     0     0         0.600     100       0  16:17      0.175
  T3                       0.669      26     0     0         1.970      76       0  19:34      0.165
  T2                       0.185      19     0     0         1.000     100       0  16:26      0.140
  T1                       0.295      42     0     0         0.700     100       0  15:28      0.271
  
  
  ***********************
  Outfall Loading Summary
  ***********************
  
  -----------------------------------------------------------
                         Flow       Avg       Max       Total
                         Freq      Flow      Flow      Volume
  Outfall Node           Pcnt       CMS       CMS    10^6 ltr
  -----------------------------------------------------------
  Out_to_WWTP           99.43     0.142     0.271      12.050
  -----------------------------------------------------------
  System                99.43     0.142     0.271      12.050
  
  
  ********************
  Link Flow Summary
  ********************
  
  -----------------------------------------------------------------------------
                                 Maximum  Time of Max   Maximum    Max/    Max/
                                  |Flow|   Occurrence   |Veloc|    Full    Full
  Link                 Type          CMS  days hr:min     m/sec    Flow   Depth
  -----------------------------------------------------------------------------
  C1                   CONDUIT     0.039     0  16:37      0.90    0.01    0.12
  C6                   CONDUIT     0.075     0  16:01      1.29    1.20    0.90
  C2                   CONDUIT     0.073     0  16:58      1.50    0.08    0.23
  C9                   CONDUIT     0.127     0  16:19      1.23    0.43    0.62
  C16                  CONDUIT     0.377     0  16:23      1.61    0.04    0.13
  C3                   CONDUIT     0.165     0  19:35      1.95    0.06    0.17
  C19                  CONDUIT     0.140     0  16:38      1.30    0.05    0.24
  C11                  CONDUIT     0.267     0  18:29      1.77    0.01    0.13
  C20                  CONDUIT     0.997     0  15:41      3.62    0.03    0.15
  C22                  CONDUIT     0.202     0  15:48      1.48    0.09    0.34
  C12                  CONDUIT     0.175     0  17:12      1.44    0.01    0.11
  C17                  CONDUIT     0.673     0  16:23      2.70    0.03    0.14
  C10                  CONDUIT     1.455     0  16:02      2.24    0.15    0.63
  C13                  CONDUIT     0.801     0  16:25      0.85    0.05    0.57
  C18                  CONDUIT     2.768     0  16:01      1.82    0.10    0.60
  C23                  CONDUIT     1.269     0  15:43      1.09    0.14    0.63
  C4                   CONDUIT     0.470     0  15:41      1.13    0.11    0.61
  C7                   CONDUIT     0.511     0  16:02      1.00    0.13    0.62
  C14                  CONDUIT     0.271     0  15:30      2.08    0.02    0.09
  C5                   CONDUIT     0.083     0  15:57      1.67    1.42    1.00
  C8                   CONDUIT     0.127     0  16:19      1.90    1.60    0.86
  C15                  CONDUIT     0.428     0  16:21      3.22    1.36    0.79
  C21                  CONDUIT     0.202     0  15:48      1.86    1.16    0.69
  V4                   ORIFICE     0.073     0  16:56                      1.00
  V5                   ORIFICE     0.039     0  15:48                      1.00
  V1                   ORIFICE     0.271     0  15:28                      1.00
  V6                   ORIFICE     0.175     0  16:17                      1.00
  V3                   ORIFICE     0.165     0  19:34                      1.00
  V2                   ORIFICE     0.140     0  16:26                      1.00
  
  
  ***************************
  Flow Classification Summary
  ***************************
  
  -------------------------------------------------------------------------------------
                      Adjusted    ---------- Fraction of Time in Flow Class ---------- 
                       /Actual         Up    Down  Sub   Sup   Up    Down  Norm  Inlet 
  Conduit               Length    Dry  Dry   Dry   Crit  Crit  Crit  Crit  Ltd   Ctrl  
  -------------------------------------------------------------------------------------
  C1                      1.00   0.00  0.00  0.00  0.89  0.11  0.00  0.00  0.97  0.00
  C6                      1.00   0.00  0.00  0.00  0.04  0.96  0.00  0.00  0.00  0.00
  C2                      1.00   0.00  0.00  0.00  0.21  0.79  0.00  0.00  0.97  0.00
  C9                      1.00   0.00  0.00  0.00  1.00  0.00  0.00  0.00  1.00  0.00
  C16                     1.00   0.00  0.25  0.00  0.58  0.17  0.00  0.00  0.56  0.00
  C3                      1.00   0.00  0.00  0.00  0.04  0.96  0.00  0.00  0.08  0.00
  C19                     1.00   0.00  0.00  0.00  0.90  0.10  0.00  0.00  1.00  0.00
  C11                     1.00   0.00  0.00  0.00  0.10  0.90  0.00  0.00  1.00  0.00
  C20                     1.00   0.00  0.00  0.00  0.87  0.13  0.00  0.00  0.99  0.00
  C22                     1.00   0.00  0.00  0.00  0.95  0.05  0.00  0.00  1.00  0.00
  C12                     1.00   0.00  0.00  0.00  0.14  0.86  0.00  0.00  0.68  0.00
  C17                     1.00   0.00  0.00  0.00  0.58  0.42  0.00  0.00  0.98  0.00
  C10                     1.00   0.00  0.00  0.00  0.77  0.23  0.00  0.00  0.97  0.00
  C13                     1.00   0.00  0.00  0.00  0.76  0.24  0.00  0.00  0.92  0.00
  C18                     1.00   0.00  0.00  0.00  0.59  0.41  0.00  0.00  0.98  0.00
  C23                     1.00   0.00  0.00  0.00  0.80  0.20  0.00  0.00  0.96  0.00
  C4                      1.00   0.00  0.00  0.00  0.82  0.18  0.00  0.00  0.98  0.00
  C7                      1.00   0.00  0.00  0.00  0.74  0.26  0.00  0.00  0.83  0.00
  C14                     1.00   0.00  0.00  0.00  0.00  1.00  0.00  0.00  0.30  0.00
  C5                      1.00   0.00  0.00  0.00  0.94  0.06  0.00  0.00  0.96  0.00
  C8                      1.00   0.00  0.00  0.00  0.25  0.75  0.00  0.00  0.00  0.00
  C15                     1.00   0.25  0.00  0.00  0.00  0.75  0.00  0.00  0.00  0.00
  C21                     1.00   0.00  0.00  0.00  0.00  1.00  0.00  0.00  0.00  0.00
  
  
  *************************
  Conduit Surcharge Summary
  *************************
  
  ----------------------------------------------------------------------------
                                                           Hours        Hours 
                         --------- Hours Full --------   Above Full   Capacity
  Conduit                Both Ends  Upstream  Dnstream   Normal Flow   Limited
  ----------------------------------------------------------------------------
  C6                          0.01      0.65      0.01      0.56         0.01
  C10                         0.01      0.01      5.30      0.01         0.01
  C13                         0.01      0.01      7.28      0.01         0.01
  C18                         0.01      0.01      4.59      0.01         0.01
  C23                         0.01      0.01      8.58      0.01         0.01
  C4                          0.01      0.01     10.00      0.01         0.01
  C7                          0.01      0.01      5.70      0.01         0.01
  C5                          0.65      0.69      0.75      0.68         0.63
  C8                          0.01      0.80      0.01      0.81         0.01
  C15                         0.01      0.16      0.01      0.18         0.01
  C21                         0.01      0.73      0.01      0.69         0.01
  

  Analysis begun on:  Mon Sep 20 20:42:37 2021
  Analysis ended on:  Mon Sep 20 20:42:37 2021
  Total elapsed time: < 1 sec